{"C:\\Users\\João\\OneDrive\\Documentos\\GitHub\\Pet-Joyful-Backend\\backend\\src\\app.ts": {"path":"C:\\Users\\João\\OneDrive\\Documentos\\GitHub\\Pet-Joyful-Backend\\backend\\src\\app.ts","statementMap":{"0":{"start":{"line":1,"column":0},"end":{"line":1,"column":30}},"1":{"start":{"line":2,"column":0},"end":{"line":2,"column":24}},"2":{"start":{"line":3,"column":0},"end":{"line":3,"column":24}},"3":{"start":{"line":5,"column":0},"end":{"line":5,"column":20}},"4":{"start":{"line":6,"column":0},"end":{"line":6,"column":43}},"5":{"start":{"line":7,"column":0},"end":{"line":7,"column":39}},"6":{"start":{"line":8,"column":0},"end":{"line":8,"column":48}},"7":{"start":{"line":9,"column":0},"end":{"line":9,"column":61}},"8":{"start":{"line":10,"column":0},"end":{"line":10,"column":42}},"9":{"start":{"line":11,"column":0},"end":{"line":11,"column":57}},"10":{"start":{"line":13,"column":12},"end":{"line":13,"column":21}},"11":{"start":{"line":16,"column":0},"end":{"line":26,"column":2}},"12":{"start":{"line":27,"column":0},"end":{"line":27,"column":24}},"13":{"start":{"line":29,"column":0},"end":{"line":29,"column":23}},"14":{"start":{"line":32,"column":0},"end":{"line":37,"column":3}},"15":{"start":{"line":34,"column":2},"end":{"line":36,"column":5}},"16":{"start":{"line":39,"column":0},"end":{"line":42,"column":3}},"17":{"start":{"line":40,"column":2},"end":{"line":40,"column":58}},"18":{"start":{"line":40,"column":31},"end":{"line":40,"column":56}},"19":{"start":{"line":41,"column":2},"end":{"line":41,"column":40}},"20":{"start":{"line":49,"column":0},"end":{"line":49,"column":33}},"21":{"start":{"line":51,"column":0},"end":{"line":51,"column":24}},"22":{"start":{"line":54,"column":0},"end":{"line":57,"column":3}},"23":{"start":{"line":55,"column":2},"end":{"line":55,"column":30}},"24":{"start":{"line":56,"column":2},"end":{"line":56,"column":45}},"25":{"start":{"line":60,"column":16},"end":{"line":60,"column":29}},"26":{"start":{"line":62,"column":30},"end":{"line":62,"column":32}},"27":{"start":{"line":64,"column":0},"end":{"line":80,"column":1}},"28":{"start":{"line":65,"column":22},"end":{"line":70,"column":null}},"29":{"start":{"line":72,"column":22},"end":{"line":72,"column":58}},"30":{"start":{"line":73,"column":2},"end":{"line":73,"column":54}},"31":{"start":{"line":74,"column":2},"end":{"line":74,"column":50}},"32":{"start":{"line":76,"column":2},"end":{"line":79,"column":4}},"33":{"start":{"line":81,"column":0},"end":{"line":81,"column":22}},"34":{"start":{"line":82,"column":0},"end":{"line":82,"column":72}},"35":{"start":{"line":84,"column":0},"end":{"line":84,"column":19}}},"fnMap":{"0":{"name":"(anonymous_1)","decl":{"start":{"line":32,"column":26},"end":{"line":32,"column":27}},"loc":{"start":{"line":32,"column":39},"end":{"line":37,"column":1}}},"1":{"name":"(anonymous_2)","decl":{"start":{"line":39,"column":21},"end":{"line":39,"column":26}},"loc":{"start":{"line":39,"column":41},"end":{"line":42,"column":1}}},"2":{"name":"(anonymous_3)","decl":{"start":{"line":40,"column":20},"end":{"line":40,"column":27}},"loc":{"start":{"line":40,"column":31},"end":{"line":40,"column":56}}},"3":{"name":"(anonymous_4)","decl":{"start":{"line":54,"column":13},"end":{"line":54,"column":14}},"loc":{"start":{"line":54,"column":27},"end":{"line":57,"column":1}}}},"branchMap":{},"s":{"0":2,"1":2,"2":2,"3":2,"4":2,"5":2,"6":2,"7":2,"8":2,"9":2,"10":2,"11":2,"12":2,"13":2,"14":2,"15":0,"16":2,"17":0,"18":0,"19":0,"20":2,"21":2,"22":2,"23":0,"24":0,"25":2,"26":2,"27":2,"28":2,"29":2,"30":2,"31":2,"32":0,"33":2,"34":2,"35":2},"f":{"0":0,"1":0,"2":0,"3":0},"b":{}}
,"C:\\Users\\João\\OneDrive\\Documentos\\GitHub\\Pet-Joyful-Backend\\backend\\src\\swagger.ts": {"path":"C:\\Users\\João\\OneDrive\\Documentos\\GitHub\\Pet-Joyful-Backend\\backend\\src\\swagger.ts","statementMap":{"0":{"start":{"line":1,"column":0},"end":{"line":1,"column":45}},"1":{"start":{"line":3,"column":12},"end":{"line":82,"column":2}},"2":{"start":{"line":84,"column":19},"end":{"line":84,"column":61}},"3":{"start":{"line":86,"column":23},"end":{"line":91,"column":2}},"4":{"start":{"line":93,"column":0},"end":{"line":93,"column":73}}},"fnMap":{},"branchMap":{},"s":{"0":0,"1":0,"2":0,"3":0,"4":0},"f":{},"b":{}}
,"C:\\Users\\João\\OneDrive\\Documentos\\GitHub\\Pet-Joyful-Backend\\backend\\src\\config\\db.ts": {"path":"C:\\Users\\João\\OneDrive\\Documentos\\GitHub\\Pet-Joyful-Backend\\backend\\src\\config\\db.ts","statementMap":{"0":{"start":{"line":1,"column":0},"end":{"line":1,"column":32}},"1":{"start":{"line":3,"column":18},"end":{"line":11,"column":1}},"2":{"start":{"line":4,"column":2},"end":{"line":10,"column":3}},"3":{"start":{"line":5,"column":4},"end":{"line":5,"column":60}},"4":{"start":{"line":6,"column":4},"end":{"line":6,"column":71}},"5":{"start":{"line":8,"column":4},"end":{"line":8,"column":84}},"6":{"start":{"line":9,"column":4},"end":{"line":9,"column":20}},"7":{"start":{"line":13,"column":0},"end":{"line":13,"column":25}}},"fnMap":{"0":{"name":"(anonymous_1)","decl":{"start":{"line":3,"column":18},"end":{"line":3,"column":23}},"loc":{"start":{"line":3,"column":44},"end":{"line":11,"column":1}}}},"branchMap":{},"s":{"0":0,"1":0,"2":0,"3":0,"4":0,"5":0,"6":0,"7":0},"f":{"0":0},"b":{}}
,"C:\\Users\\João\\OneDrive\\Documentos\\GitHub\\Pet-Joyful-Backend\\backend\\src\\controllers\\authController.ts": {"path":"C:\\Users\\João\\OneDrive\\Documentos\\GitHub\\Pet-Joyful-Backend\\backend\\src\\controllers\\authController.ts","statementMap":{"0":{"start":{"line":1,"column":0},"end":{"line":1,"column":31}},"1":{"start":{"line":2,"column":0},"end":{"line":2,"column":30}},"2":{"start":{"line":4,"column":0},"end":{"line":4,"column":47}},"3":{"start":{"line":6,"column":0},"end":{"line":6,"column":43}},"4":{"start":{"line":8,"column":24},"end":{"line":53,"column":1}},"5":{"start":{"line":12,"column":2},"end":{"line":52,"column":3}},"6":{"start":{"line":14,"column":18},"end":{"line":14,"column":48}},"7":{"start":{"line":15,"column":18},"end":{"line":15,"column":42}},"8":{"start":{"line":16,"column":19},"end":{"line":16,"column":54}},"9":{"start":{"line":17,"column":18},"end":{"line":17,"column":48}},"10":{"start":{"line":19,"column":4},"end":{"line":22,"column":5}},"11":{"start":{"line":20,"column":6},"end":{"line":20,"column":73}},"12":{"start":{"line":21,"column":6},"end":{"line":21,"column":13}},"13":{"start":{"line":24,"column":15},"end":{"line":24,"column":47}},"14":{"start":{"line":25,"column":4},"end":{"line":28,"column":5}},"15":{"start":{"line":26,"column":6},"end":{"line":26,"column":60}},"16":{"start":{"line":27,"column":6},"end":{"line":27,"column":13}},"17":{"start":{"line":30,"column":4},"end":{"line":30,"column":53}},"18":{"start":{"line":31,"column":4},"end":{"line":31,"column":22}},"19":{"start":{"line":33,"column":18},"end":{"line":36,"column":null}},"20":{"start":{"line":39,"column":4},"end":{"line":48,"column":7}},"21":{"start":{"line":50,"column":4},"end":{"line":50,"column":75}},"22":{"start":{"line":51,"column":4},"end":{"line":51,"column":60}},"23":{"start":{"line":8,"column":13},"end":{"line":8,"column":24}},"24":{"start":{"line":55,"column":21},"end":{"line":106,"column":1}},"25":{"start":{"line":59,"column":2},"end":{"line":105,"column":3}},"26":{"start":{"line":60,"column":18},"end":{"line":60,"column":42}},"27":{"start":{"line":61,"column":19},"end":{"line":61,"column":54}},"28":{"start":{"line":63,"column":4},"end":{"line":66,"column":5}},"29":{"start":{"line":64,"column":6},"end":{"line":64,"column":70}},"30":{"start":{"line":65,"column":6},"end":{"line":65,"column":13}},"31":{"start":{"line":68,"column":4},"end":{"line":68,"column":47}},"32":{"start":{"line":69,"column":17},"end":{"line":69,"column":49}},"33":{"start":{"line":71,"column":4},"end":{"line":75,"column":5}},"34":{"start":{"line":72,"column":6},"end":{"line":72,"column":67}},"35":{"start":{"line":73,"column":6},"end":{"line":73,"column":61}},"36":{"start":{"line":74,"column":6},"end":{"line":74,"column":13}},"37":{"start":{"line":77,"column":4},"end":{"line":77,"column":83}},"38":{"start":{"line":79,"column":25},"end":{"line":79,"column":58}},"39":{"start":{"line":81,"column":4},"end":{"line":85,"column":5}},"40":{"start":{"line":82,"column":6},"end":{"line":82,"column":60}},"41":{"start":{"line":83,"column":6},"end":{"line":83,"column":61}},"42":{"start":{"line":84,"column":6},"end":{"line":84,"column":13}},"43":{"start":{"line":87,"column":18},"end":{"line":90,"column":null}},"44":{"start":{"line":93,"column":4},"end":{"line":101,"column":7}},"45":{"start":{"line":103,"column":4},"end":{"line":103,"column":72}},"46":{"start":{"line":104,"column":4},"end":{"line":104,"column":60}},"47":{"start":{"line":55,"column":13},"end":{"line":55,"column":21}},"48":{"start":{"line":109,"column":26},"end":{"line":131,"column":1}},"49":{"start":{"line":113,"column":2},"end":{"line":130,"column":3}},"50":{"start":{"line":114,"column":19},"end":{"line":114,"column":29}},"51":{"start":{"line":115,"column":4},"end":{"line":118,"column":5}},"52":{"start":{"line":116,"column":6},"end":{"line":116,"column":55}},"53":{"start":{"line":117,"column":6},"end":{"line":117,"column":13}},"54":{"start":{"line":120,"column":17},"end":{"line":120,"column":66}},"55":{"start":{"line":121,"column":4},"end":{"line":124,"column":5}},"56":{"start":{"line":122,"column":6},"end":{"line":122,"column":62}},"57":{"start":{"line":123,"column":6},"end":{"line":123,"column":13}},"58":{"start":{"line":126,"column":4},"end":{"line":126,"column":21}},"59":{"start":{"line":128,"column":4},"end":{"line":128,"column":77}},"60":{"start":{"line":129,"column":4},"end":{"line":129,"column":60}},"61":{"start":{"line":109,"column":13},"end":{"line":109,"column":26}},"62":{"start":{"line":133,"column":29},"end":{"line":180,"column":1}},"63":{"start":{"line":137,"column":2},"end":{"line":179,"column":3}},"64":{"start":{"line":138,"column":19},"end":{"line":138,"column":29}},"65":{"start":{"line":139,"column":4},"end":{"line":142,"column":5}},"66":{"start":{"line":140,"column":6},"end":{"line":140,"column":55}},"67":{"start":{"line":141,"column":6},"end":{"line":141,"column":13}},"68":{"start":{"line":144,"column":39},"end":{"line":144,"column":null}},"69":{"start":{"line":151,"column":47},"end":{"line":151,"column":49}},"70":{"start":{"line":152,"column":4},"end":{"line":152,"column":37}},"71":{"start":{"line":152,"column":14},"end":{"line":152,"column":37}},"72":{"start":{"line":153,"column":4},"end":{"line":153,"column":40}},"73":{"start":{"line":153,"column":15},"end":{"line":153,"column":40}},"74":{"start":{"line":154,"column":4},"end":{"line":154,"column":37}},"75":{"start":{"line":154,"column":14},"end":{"line":154,"column":37}},"76":{"start":{"line":155,"column":4},"end":{"line":155,"column":63}},"77":{"start":{"line":155,"column":15},"end":{"line":155,"column":63}},"78":{"start":{"line":157,"column":4},"end":{"line":163,"column":5}},"79":{"start":{"line":158,"column":21},"end":{"line":158,"column":53}},"80":{"start":{"line":159,"column":6},"end":{"line":162,"column":7}},"81":{"start":{"line":160,"column":8},"end":{"line":160,"column":75}},"82":{"start":{"line":161,"column":8},"end":{"line":161,"column":15}},"83":{"start":{"line":165,"column":17},"end":{"line":167,"column":23}},"84":{"start":{"line":169,"column":4},"end":{"line":173,"column":5}},"85":{"start":{"line":170,"column":6},"end":{"line":170,"column":66}},"86":{"start":{"line":171,"column":6},"end":{"line":171,"column":62}},"87":{"start":{"line":172,"column":6},"end":{"line":172,"column":13}},"88":{"start":{"line":175,"column":4},"end":{"line":175,"column":63}},"89":{"start":{"line":177,"column":4},"end":{"line":177,"column":80}},"90":{"start":{"line":178,"column":4},"end":{"line":178,"column":60}},"91":{"start":{"line":133,"column":13},"end":{"line":133,"column":29}},"92":{"start":{"line":183,"column":29},"end":{"line":205,"column":1}},"93":{"start":{"line":187,"column":2},"end":{"line":204,"column":3}},"94":{"start":{"line":188,"column":19},"end":{"line":188,"column":29}},"95":{"start":{"line":189,"column":4},"end":{"line":192,"column":5}},"96":{"start":{"line":190,"column":6},"end":{"line":190,"column":55}},"97":{"start":{"line":191,"column":6},"end":{"line":191,"column":13}},"98":{"start":{"line":194,"column":17},"end":{"line":194,"column":58}},"99":{"start":{"line":195,"column":4},"end":{"line":198,"column":5}},"100":{"start":{"line":196,"column":6},"end":{"line":196,"column":62}},"101":{"start":{"line":197,"column":6},"end":{"line":197,"column":13}},"102":{"start":{"line":200,"column":4},"end":{"line":200,"column":54}},"103":{"start":{"line":202,"column":4},"end":{"line":202,"column":80}},"104":{"start":{"line":203,"column":4},"end":{"line":203,"column":60}},"105":{"start":{"line":183,"column":13},"end":{"line":183,"column":29}}},"fnMap":{"0":{"name":"(anonymous_1)","decl":{"start":{"line":8,"column":24},"end":{"line":8,"column":29}},"loc":{"start":{"line":11,"column":19},"end":{"line":53,"column":1}}},"1":{"name":"(anonymous_2)","decl":{"start":{"line":55,"column":21},"end":{"line":55,"column":26}},"loc":{"start":{"line":58,"column":19},"end":{"line":106,"column":1}}},"2":{"name":"(anonymous_3)","decl":{"start":{"line":109,"column":26},"end":{"line":109,"column":31}},"loc":{"start":{"line":112,"column":19},"end":{"line":131,"column":1}}},"3":{"name":"(anonymous_4)","decl":{"start":{"line":133,"column":29},"end":{"line":133,"column":34}},"loc":{"start":{"line":136,"column":19},"end":{"line":180,"column":1}}},"4":{"name":"(anonymous_5)","decl":{"start":{"line":183,"column":29},"end":{"line":183,"column":34}},"loc":{"start":{"line":186,"column":19},"end":{"line":205,"column":1}}}},"branchMap":{"0":{"loc":{"start":{"line":14,"column":18},"end":{"line":14,"column":48}},"type":"binary-expr","locations":[{"start":{"line":14,"column":18},"end":{"line":14,"column":31}},{"start":{"line":14,"column":35},"end":{"line":14,"column":48}}]},"1":{"loc":{"start":{"line":16,"column":19},"end":{"line":16,"column":54}},"type":"binary-expr","locations":[{"start":{"line":16,"column":19},"end":{"line":16,"column":33}},{"start":{"line":16,"column":37},"end":{"line":16,"column":54}}]},"2":{"loc":{"start":{"line":17,"column":18},"end":{"line":17,"column":48}},"type":"binary-expr","locations":[{"start":{"line":17,"column":18},"end":{"line":17,"column":31}},{"start":{"line":17,"column":35},"end":{"line":17,"column":48}}]},"3":{"loc":{"start":{"line":19,"column":4},"end":{"line":22,"column":5}},"type":"if","locations":[{"start":{"line":19,"column":4},"end":{"line":22,"column":5}}]},"4":{"loc":{"start":{"line":19,"column":8},"end":{"line":19,"column":42}},"type":"binary-expr","locations":[{"start":{"line":19,"column":8},"end":{"line":19,"column":13}},{"start":{"line":19,"column":17},"end":{"line":19,"column":23}},{"start":{"line":19,"column":27},"end":{"line":19,"column":33}},{"start":{"line":19,"column":37},"end":{"line":19,"column":42}}]},"5":{"loc":{"start":{"line":25,"column":4},"end":{"line":28,"column":5}},"type":"if","locations":[{"start":{"line":25,"column":4},"end":{"line":28,"column":5}}]},"6":{"loc":{"start":{"line":61,"column":19},"end":{"line":61,"column":54}},"type":"binary-expr","locations":[{"start":{"line":61,"column":19},"end":{"line":61,"column":33}},{"start":{"line":61,"column":37},"end":{"line":61,"column":54}}]},"7":{"loc":{"start":{"line":63,"column":4},"end":{"line":66,"column":5}},"type":"if","locations":[{"start":{"line":63,"column":4},"end":{"line":66,"column":5}}]},"8":{"loc":{"start":{"line":63,"column":8},"end":{"line":63,"column":24}},"type":"binary-expr","locations":[{"start":{"line":63,"column":8},"end":{"line":63,"column":14}},{"start":{"line":63,"column":18},"end":{"line":63,"column":24}}]},"9":{"loc":{"start":{"line":71,"column":4},"end":{"line":75,"column":5}},"type":"if","locations":[{"start":{"line":71,"column":4},"end":{"line":75,"column":5}}]},"10":{"loc":{"start":{"line":81,"column":4},"end":{"line":85,"column":5}},"type":"if","locations":[{"start":{"line":81,"column":4},"end":{"line":85,"column":5}}]},"11":{"loc":{"start":{"line":115,"column":4},"end":{"line":118,"column":5}},"type":"if","locations":[{"start":{"line":115,"column":4},"end":{"line":118,"column":5}}]},"12":{"loc":{"start":{"line":121,"column":4},"end":{"line":124,"column":5}},"type":"if","locations":[{"start":{"line":121,"column":4},"end":{"line":124,"column":5}}]},"13":{"loc":{"start":{"line":139,"column":4},"end":{"line":142,"column":5}},"type":"if","locations":[{"start":{"line":139,"column":4},"end":{"line":142,"column":5}}]},"14":{"loc":{"start":{"line":152,"column":4},"end":{"line":152,"column":37}},"type":"if","locations":[{"start":{"line":152,"column":4},"end":{"line":152,"column":37}}]},"15":{"loc":{"start":{"line":153,"column":4},"end":{"line":153,"column":40}},"type":"if","locations":[{"start":{"line":153,"column":4},"end":{"line":153,"column":40}}]},"16":{"loc":{"start":{"line":154,"column":4},"end":{"line":154,"column":37}},"type":"if","locations":[{"start":{"line":154,"column":4},"end":{"line":154,"column":37}}]},"17":{"loc":{"start":{"line":155,"column":4},"end":{"line":155,"column":63}},"type":"if","locations":[{"start":{"line":155,"column":4},"end":{"line":155,"column":63}}]},"18":{"loc":{"start":{"line":157,"column":4},"end":{"line":163,"column":5}},"type":"if","locations":[{"start":{"line":157,"column":4},"end":{"line":163,"column":5}}]},"19":{"loc":{"start":{"line":159,"column":6},"end":{"line":162,"column":7}},"type":"if","locations":[{"start":{"line":159,"column":6},"end":{"line":162,"column":7}}]},"20":{"loc":{"start":{"line":159,"column":10},"end":{"line":159,"column":58}},"type":"binary-expr","locations":[{"start":{"line":159,"column":10},"end":{"line":159,"column":15}},{"start":{"line":159,"column":19},"end":{"line":159,"column":58}}]},"21":{"loc":{"start":{"line":169,"column":4},"end":{"line":173,"column":5}},"type":"if","locations":[{"start":{"line":169,"column":4},"end":{"line":173,"column":5}}]},"22":{"loc":{"start":{"line":189,"column":4},"end":{"line":192,"column":5}},"type":"if","locations":[{"start":{"line":189,"column":4},"end":{"line":192,"column":5}}]},"23":{"loc":{"start":{"line":195,"column":4},"end":{"line":198,"column":5}},"type":"if","locations":[{"start":{"line":195,"column":4},"end":{"line":198,"column":5}}]}},"s":{"0":2,"1":2,"2":2,"3":2,"4":2,"5":5,"6":5,"7":5,"8":5,"9":5,"10":5,"11":2,"12":2,"13":3,"14":3,"15":1,"16":1,"17":2,"18":2,"19":2,"20":2,"21":0,"22":0,"23":2,"24":2,"25":19,"26":19,"27":19,"28":19,"29":2,"30":2,"31":17,"32":17,"33":16,"34":1,"35":1,"36":1,"37":15,"38":15,"39":15,"40":1,"41":1,"42":1,"43":14,"44":14,"45":1,"46":1,"47":2,"48":2,"49":1,"50":1,"51":1,"52":0,"53":0,"54":1,"55":1,"56":0,"57":0,"58":1,"59":0,"60":0,"61":2,"62":2,"63":6,"64":6,"65":6,"66":0,"67":0,"68":6,"69":6,"70":6,"71":1,"72":6,"73":2,"74":6,"75":1,"76":6,"77":1,"78":6,"79":2,"80":2,"81":1,"82":1,"83":5,"84":5,"85":0,"86":0,"87":0,"88":5,"89":0,"90":0,"91":2,"92":2,"93":1,"94":1,"95":1,"96":0,"97":0,"98":1,"99":1,"100":0,"101":0,"102":1,"103":0,"104":0,"105":2},"f":{"0":5,"1":19,"2":1,"3":6,"4":1},"b":{"0":[5,2],"1":[5,3],"2":[5,3],"3":[2],"4":[5,4,4,3],"5":[1],"6":[19,2],"7":[2],"8":[19,18],"9":[1],"10":[1],"11":[0],"12":[0],"13":[0],"14":[1],"15":[2],"16":[1],"17":[1],"18":[2],"19":[1],"20":[2,1],"21":[0],"22":[0],"23":[0]}}
,"C:\\Users\\João\\OneDrive\\Documentos\\GitHub\\Pet-Joyful-Backend\\backend\\src\\controllers\\chatController.ts": {"path":"C:\\Users\\João\\OneDrive\\Documentos\\GitHub\\Pet-Joyful-Backend\\backend\\src\\controllers\\chatController.ts","statementMap":{"0":{"start":{"line":3,"column":0},"end":{"line":3,"column":42}},"1":{"start":{"line":5,"column":0},"end":{"line":5,"column":43}},"2":{"start":{"line":7,"column":22},"end":{"line":26,"column":2}},"3":{"start":{"line":28,"column":27},"end":{"line":93,"column":1}},"4":{"start":{"line":29,"column":17},"end":{"line":29,"column":51}},"5":{"start":{"line":30,"column":20},"end":{"line":30,"column":28}},"6":{"start":{"line":32,"column":2},"end":{"line":36,"column":3}},"7":{"start":{"line":33,"column":4},"end":{"line":35,"column":73}},"8":{"start":{"line":38,"column":2},"end":{"line":43,"column":3}},"9":{"start":{"line":39,"column":4},"end":{"line":42,"column":7}},"10":{"start":{"line":45,"column":2},"end":{"line":51,"column":3}},"11":{"start":{"line":46,"column":4},"end":{"line":46,"column":71}},"12":{"start":{"line":47,"column":4},"end":{"line":50,"column":7}},"13":{"start":{"line":53,"column":2},"end":{"line":92,"column":3}},"14":{"start":{"line":54,"column":15},"end":{"line":54,"column":40}},"15":{"start":{"line":55,"column":21},"end":{"line":58,"column":6}},"16":{"start":{"line":59,"column":18},"end":{"line":59,"column":71}},"17":{"start":{"line":61,"column":4},"end":{"line":63,"column":7}},"18":{"start":{"line":65,"column":4},"end":{"line":65,"column":56}},"19":{"start":{"line":67,"column":18},"end":{"line":67,"column":30}},"20":{"start":{"line":68,"column":4},"end":{"line":71,"column":7}},"21":{"start":{"line":73,"column":4},"end":{"line":77,"column":9}},"22":{"start":{"line":74,"column":6},"end":{"line":77,"column":9}},"23":{"start":{"line":79,"column":4},"end":{"line":87,"column":9}},"24":{"start":{"line":84,"column":6},"end":{"line":87,"column":9}},"25":{"start":{"line":89,"column":4},"end":{"line":91,"column":72}},"26":{"start":{"line":28,"column":13},"end":{"line":28,"column":27}}},"fnMap":{"0":{"name":"(anonymous_0)","decl":{"start":{"line":28,"column":27},"end":{"line":28,"column":32}},"loc":{"start":{"line":28,"column":84},"end":{"line":93,"column":1}}}},"branchMap":{"0":{"loc":{"start":{"line":32,"column":2},"end":{"line":36,"column":3}},"type":"if","locations":[{"start":{"line":32,"column":2},"end":{"line":36,"column":3}}]},"1":{"loc":{"start":{"line":32,"column":6},"end":{"line":32,"column":76}},"type":"binary-expr","locations":[{"start":{"line":32,"column":6},"end":{"line":32,"column":14}},{"start":{"line":32,"column":18},"end":{"line":32,"column":45}},{"start":{"line":32,"column":49},"end":{"line":32,"column":76}}]},"2":{"loc":{"start":{"line":38,"column":2},"end":{"line":43,"column":3}},"type":"if","locations":[{"start":{"line":38,"column":2},"end":{"line":43,"column":3}}]},"3":{"loc":{"start":{"line":45,"column":2},"end":{"line":51,"column":3}},"type":"if","locations":[{"start":{"line":45,"column":2},"end":{"line":51,"column":3}}]},"4":{"loc":{"start":{"line":59,"column":18},"end":{"line":59,"column":71}},"type":"binary-expr","locations":[{"start":{"line":59,"column":18},"end":{"line":59,"column":31}},{"start":{"line":59,"column":35},"end":{"line":59,"column":71}}]},"5":{"loc":{"start":{"line":73,"column":4},"end":{"line":77,"column":9}},"type":"if","locations":[{"start":{"line":73,"column":4},"end":{"line":77,"column":9}}]},"6":{"loc":{"start":{"line":79,"column":4},"end":{"line":87,"column":9}},"type":"if","locations":[{"start":{"line":79,"column":4},"end":{"line":87,"column":9}}]},"7":{"loc":{"start":{"line":80,"column":6},"end":{"line":82,"column":36}},"type":"binary-expr","locations":[{"start":{"line":80,"column":6},"end":{"line":80,"column":40}},{"start":{"line":81,"column":6},"end":{"line":81,"column":36}},{"start":{"line":82,"column":6},"end":{"line":82,"column":36}}]}},"s":{"0":2,"1":2,"2":2,"3":2,"4":0,"5":0,"6":0,"7":0,"8":0,"9":0,"10":0,"11":0,"12":0,"13":0,"14":0,"15":0,"16":0,"17":0,"18":0,"19":0,"20":0,"21":0,"22":0,"23":0,"24":0,"25":0,"26":2},"f":{"0":0},"b":{"0":[0],"1":[0,0,0],"2":[0],"3":[0],"4":[0,0],"5":[0],"6":[0],"7":[0,0,0]}}
,"C:\\Users\\João\\OneDrive\\Documentos\\GitHub\\Pet-Joyful-Backend\\backend\\src\\controllers\\messagesController.ts": {"path":"C:\\Users\\João\\OneDrive\\Documentos\\GitHub\\Pet-Joyful-Backend\\backend\\src\\controllers\\messagesController.ts","statementMap":{"0":{"start":{"line":2,"column":0},"end":{"line":2,"column":43}},"1":{"start":{"line":3,"column":0},"end":{"line":3,"column":56}},"2":{"start":{"line":4,"column":0},"end":{"line":4,"column":64}},"3":{"start":{"line":8,"column":33},"end":{"line":32,"column":1}},"4":{"start":{"line":12,"column":2},"end":{"line":31,"column":3}},"5":{"start":{"line":13,"column":44},"end":{"line":13,"column":null}},"6":{"start":{"line":20,"column":4},"end":{"line":23,"column":5}},"7":{"start":{"line":21,"column":6},"end":{"line":21,"column":73}},"8":{"start":{"line":22,"column":6},"end":{"line":22,"column":13}},"9":{"start":{"line":25,"column":16},"end":{"line":25,"column":64}},"10":{"start":{"line":26,"column":4},"end":{"line":26,"column":21}},"11":{"start":{"line":27,"column":4},"end":{"line":27,"column":77}},"12":{"start":{"line":29,"column":4},"end":{"line":29,"column":54}},"13":{"start":{"line":30,"column":4},"end":{"line":30,"column":60}},"14":{"start":{"line":8,"column":13},"end":{"line":8,"column":33}},"15":{"start":{"line":35,"column":31},"end":{"line":46,"column":1}},"16":{"start":{"line":39,"column":2},"end":{"line":45,"column":3}},"17":{"start":{"line":40,"column":21},"end":{"line":40,"column":67}},"18":{"start":{"line":41,"column":4},"end":{"line":41,"column":23}},"19":{"start":{"line":43,"column":4},"end":{"line":43,"column":52}},"20":{"start":{"line":44,"column":4},"end":{"line":44,"column":60}},"21":{"start":{"line":35,"column":13},"end":{"line":35,"column":31}},"22":{"start":{"line":49,"column":30},"end":{"line":76,"column":1}},"23":{"start":{"line":53,"column":2},"end":{"line":75,"column":3}},"24":{"start":{"line":54,"column":55},"end":{"line":54,"column":null}},"25":{"start":{"line":62,"column":4},"end":{"line":65,"column":5}},"26":{"start":{"line":63,"column":6},"end":{"line":63,"column":74}},"27":{"start":{"line":64,"column":6},"end":{"line":64,"column":13}},"28":{"start":{"line":67,"column":16},"end":{"line":67,"column":79}},"29":{"start":{"line":68,"column":4},"end":{"line":68,"column":21}},"30":{"start":{"line":69,"column":4},"end":{"line":71,"column":69}},"31":{"start":{"line":73,"column":4},"end":{"line":73,"column":51}},"32":{"start":{"line":74,"column":4},"end":{"line":74,"column":60}},"33":{"start":{"line":49,"column":13},"end":{"line":49,"column":30}},"34":{"start":{"line":79,"column":28},"end":{"line":90,"column":1}},"35":{"start":{"line":83,"column":2},"end":{"line":89,"column":3}},"36":{"start":{"line":84,"column":18},"end":{"line":84,"column":68}},"37":{"start":{"line":85,"column":4},"end":{"line":85,"column":20}},"38":{"start":{"line":87,"column":4},"end":{"line":87,"column":49}},"39":{"start":{"line":88,"column":4},"end":{"line":88,"column":60}},"40":{"start":{"line":79,"column":13},"end":{"line":79,"column":28}},"41":{"start":{"line":93,"column":33},"end":{"line":127,"column":1}},"42":{"start":{"line":97,"column":2},"end":{"line":126,"column":3}},"43":{"start":{"line":98,"column":4},"end":{"line":101,"column":5}},"44":{"start":{"line":99,"column":6},"end":{"line":99,"column":54}},"45":{"start":{"line":100,"column":6},"end":{"line":100,"column":13}},"46":{"start":{"line":103,"column":17},"end":{"line":103,"column":27}},"47":{"start":{"line":104,"column":44},"end":{"line":104,"column":null}},"48":{"start":{"line":111,"column":20},"end":{"line":114,"column":null}},"49":{"start":{"line":117,"column":4},"end":{"line":120,"column":5}},"50":{"start":{"line":118,"column":6},"end":{"line":118,"column":63}},"51":{"start":{"line":119,"column":6},"end":{"line":119,"column":13}},"52":{"start":{"line":122,"column":4},"end":{"line":122,"column":62}},"53":{"start":{"line":124,"column":4},"end":{"line":124,"column":54}},"54":{"start":{"line":125,"column":4},"end":{"line":125,"column":60}},"55":{"start":{"line":93,"column":13},"end":{"line":93,"column":33}},"56":{"start":{"line":130,"column":33},"end":{"line":151,"column":1}},"57":{"start":{"line":134,"column":2},"end":{"line":150,"column":3}},"58":{"start":{"line":135,"column":4},"end":{"line":138,"column":5}},"59":{"start":{"line":136,"column":6},"end":{"line":136,"column":54}},"60":{"start":{"line":137,"column":6},"end":{"line":137,"column":13}},"61":{"start":{"line":140,"column":20},"end":{"line":140,"column":70}},"62":{"start":{"line":141,"column":4},"end":{"line":144,"column":5}},"63":{"start":{"line":142,"column":6},"end":{"line":142,"column":63}},"64":{"start":{"line":143,"column":6},"end":{"line":143,"column":13}},"65":{"start":{"line":146,"column":4},"end":{"line":146,"column":45}},"66":{"start":{"line":148,"column":4},"end":{"line":148,"column":54}},"67":{"start":{"line":149,"column":4},"end":{"line":149,"column":60}},"68":{"start":{"line":130,"column":13},"end":{"line":130,"column":33}},"69":{"start":{"line":154,"column":30},"end":{"line":189,"column":1}},"70":{"start":{"line":158,"column":2},"end":{"line":188,"column":3}},"71":{"start":{"line":159,"column":4},"end":{"line":162,"column":5}},"72":{"start":{"line":160,"column":6},"end":{"line":160,"column":54}},"73":{"start":{"line":161,"column":6},"end":{"line":161,"column":13}},"74":{"start":{"line":164,"column":17},"end":{"line":164,"column":27}},"75":{"start":{"line":165,"column":55},"end":{"line":165,"column":null}},"76":{"start":{"line":173,"column":20},"end":{"line":176,"column":null}},"77":{"start":{"line":179,"column":4},"end":{"line":182,"column":5}},"78":{"start":{"line":180,"column":6},"end":{"line":180,"column":63}},"79":{"start":{"line":181,"column":6},"end":{"line":181,"column":13}},"80":{"start":{"line":184,"column":4},"end":{"line":184,"column":62}},"81":{"start":{"line":186,"column":4},"end":{"line":186,"column":51}},"82":{"start":{"line":187,"column":4},"end":{"line":187,"column":60}},"83":{"start":{"line":154,"column":13},"end":{"line":154,"column":30}},"84":{"start":{"line":192,"column":30},"end":{"line":213,"column":1}},"85":{"start":{"line":196,"column":2},"end":{"line":212,"column":3}},"86":{"start":{"line":197,"column":4},"end":{"line":200,"column":5}},"87":{"start":{"line":198,"column":6},"end":{"line":198,"column":54}},"88":{"start":{"line":199,"column":6},"end":{"line":199,"column":13}},"89":{"start":{"line":202,"column":20},"end":{"line":202,"column":74}},"90":{"start":{"line":203,"column":4},"end":{"line":206,"column":5}},"91":{"start":{"line":204,"column":6},"end":{"line":204,"column":63}},"92":{"start":{"line":205,"column":6},"end":{"line":205,"column":13}},"93":{"start":{"line":208,"column":4},"end":{"line":208,"column":45}},"94":{"start":{"line":210,"column":4},"end":{"line":210,"column":51}},"95":{"start":{"line":211,"column":4},"end":{"line":211,"column":60}},"96":{"start":{"line":192,"column":13},"end":{"line":192,"column":30}}},"fnMap":{"0":{"name":"(anonymous_1)","decl":{"start":{"line":8,"column":33},"end":{"line":8,"column":38}},"loc":{"start":{"line":11,"column":19},"end":{"line":32,"column":1}}},"1":{"name":"(anonymous_2)","decl":{"start":{"line":35,"column":31},"end":{"line":35,"column":36}},"loc":{"start":{"line":38,"column":19},"end":{"line":46,"column":1}}},"2":{"name":"(anonymous_3)","decl":{"start":{"line":49,"column":30},"end":{"line":49,"column":35}},"loc":{"start":{"line":52,"column":19},"end":{"line":76,"column":1}}},"3":{"name":"(anonymous_4)","decl":{"start":{"line":79,"column":28},"end":{"line":79,"column":33}},"loc":{"start":{"line":82,"column":19},"end":{"line":90,"column":1}}},"4":{"name":"(anonymous_5)","decl":{"start":{"line":93,"column":33},"end":{"line":93,"column":38}},"loc":{"start":{"line":96,"column":19},"end":{"line":127,"column":1}}},"5":{"name":"(anonymous_6)","decl":{"start":{"line":130,"column":33},"end":{"line":130,"column":38}},"loc":{"start":{"line":133,"column":19},"end":{"line":151,"column":1}}},"6":{"name":"(anonymous_7)","decl":{"start":{"line":154,"column":30},"end":{"line":154,"column":35}},"loc":{"start":{"line":157,"column":19},"end":{"line":189,"column":1}}},"7":{"name":"(anonymous_8)","decl":{"start":{"line":192,"column":30},"end":{"line":192,"column":35}},"loc":{"start":{"line":195,"column":19},"end":{"line":213,"column":1}}}},"branchMap":{"0":{"loc":{"start":{"line":20,"column":4},"end":{"line":23,"column":5}},"type":"if","locations":[{"start":{"line":20,"column":4},"end":{"line":23,"column":5}}]},"1":{"loc":{"start":{"line":20,"column":8},"end":{"line":20,"column":27}},"type":"binary-expr","locations":[{"start":{"line":20,"column":8},"end":{"line":20,"column":14}},{"start":{"line":20,"column":18},"end":{"line":20,"column":27}}]},"2":{"loc":{"start":{"line":62,"column":4},"end":{"line":65,"column":5}},"type":"if","locations":[{"start":{"line":62,"column":4},"end":{"line":65,"column":5}}]},"3":{"loc":{"start":{"line":62,"column":8},"end":{"line":62,"column":28}},"type":"binary-expr","locations":[{"start":{"line":62,"column":8},"end":{"line":62,"column":14}},{"start":{"line":62,"column":18},"end":{"line":62,"column":28}}]},"4":{"loc":{"start":{"line":98,"column":4},"end":{"line":101,"column":5}},"type":"if","locations":[{"start":{"line":98,"column":4},"end":{"line":101,"column":5}}]},"5":{"loc":{"start":{"line":98,"column":8},"end":{"line":98,"column":54}},"type":"binary-expr","locations":[{"start":{"line":98,"column":8},"end":{"line":98,"column":26}},{"start":{"line":98,"column":30},"end":{"line":98,"column":54}}]},"6":{"loc":{"start":{"line":117,"column":4},"end":{"line":120,"column":5}},"type":"if","locations":[{"start":{"line":117,"column":4},"end":{"line":120,"column":5}}]},"7":{"loc":{"start":{"line":135,"column":4},"end":{"line":138,"column":5}},"type":"if","locations":[{"start":{"line":135,"column":4},"end":{"line":138,"column":5}}]},"8":{"loc":{"start":{"line":135,"column":8},"end":{"line":135,"column":54}},"type":"binary-expr","locations":[{"start":{"line":135,"column":8},"end":{"line":135,"column":26}},{"start":{"line":135,"column":30},"end":{"line":135,"column":54}}]},"9":{"loc":{"start":{"line":141,"column":4},"end":{"line":144,"column":5}},"type":"if","locations":[{"start":{"line":141,"column":4},"end":{"line":144,"column":5}}]},"10":{"loc":{"start":{"line":159,"column":4},"end":{"line":162,"column":5}},"type":"if","locations":[{"start":{"line":159,"column":4},"end":{"line":162,"column":5}}]},"11":{"loc":{"start":{"line":159,"column":8},"end":{"line":159,"column":54}},"type":"binary-expr","locations":[{"start":{"line":159,"column":8},"end":{"line":159,"column":26}},{"start":{"line":159,"column":30},"end":{"line":159,"column":54}}]},"12":{"loc":{"start":{"line":179,"column":4},"end":{"line":182,"column":5}},"type":"if","locations":[{"start":{"line":179,"column":4},"end":{"line":182,"column":5}}]},"13":{"loc":{"start":{"line":197,"column":4},"end":{"line":200,"column":5}},"type":"if","locations":[{"start":{"line":197,"column":4},"end":{"line":200,"column":5}}]},"14":{"loc":{"start":{"line":197,"column":8},"end":{"line":197,"column":54}},"type":"binary-expr","locations":[{"start":{"line":197,"column":8},"end":{"line":197,"column":26}},{"start":{"line":197,"column":30},"end":{"line":197,"column":54}}]},"15":{"loc":{"start":{"line":203,"column":4},"end":{"line":206,"column":5}},"type":"if","locations":[{"start":{"line":203,"column":4},"end":{"line":206,"column":5}}]}},"s":{"0":3,"1":3,"2":3,"3":3,"4":2,"5":2,"6":2,"7":2,"8":2,"9":0,"10":0,"11":0,"12":0,"13":0,"14":3,"15":3,"16":0,"17":0,"18":0,"19":0,"20":0,"21":3,"22":3,"23":2,"24":2,"25":2,"26":2,"27":2,"28":0,"29":0,"30":0,"31":0,"32":0,"33":3,"34":3,"35":0,"36":0,"37":0,"38":0,"39":0,"40":3,"41":3,"42":0,"43":0,"44":0,"45":0,"46":0,"47":0,"48":0,"49":0,"50":0,"51":0,"52":0,"53":0,"54":0,"55":3,"56":3,"57":0,"58":0,"59":0,"60":0,"61":0,"62":0,"63":0,"64":0,"65":0,"66":0,"67":0,"68":3,"69":3,"70":0,"71":0,"72":0,"73":0,"74":0,"75":0,"76":0,"77":0,"78":0,"79":0,"80":0,"81":0,"82":0,"83":3,"84":3,"85":0,"86":0,"87":0,"88":0,"89":0,"90":0,"91":0,"92":0,"93":0,"94":0,"95":0,"96":3},"f":{"0":2,"1":0,"2":2,"3":0,"4":0,"5":0,"6":0,"7":0},"b":{"0":[2],"1":[2,1],"2":[2],"3":[2,1],"4":[0],"5":[0,0],"6":[0],"7":[0],"8":[0,0],"9":[0],"10":[0],"11":[0,0],"12":[0],"13":[0],"14":[0,0],"15":[0]}}
,"C:\\Users\\João\\OneDrive\\Documentos\\GitHub\\Pet-Joyful-Backend\\backend\\src\\controllers\\userController.ts": {"path":"C:\\Users\\João\\OneDrive\\Documentos\\GitHub\\Pet-Joyful-Backend\\backend\\src\\controllers\\userController.ts","statementMap":{"0":{"start":{"line":1,"column":0},"end":{"line":1,"column":31}},"1":{"start":{"line":2,"column":0},"end":{"line":2,"column":30}},"2":{"start":{"line":4,"column":0},"end":{"line":4,"column":43}},"3":{"start":{"line":5,"column":0},"end":{"line":5,"column":42}},"4":{"start":{"line":9,"column":26},"end":{"line":73,"column":1}},"5":{"start":{"line":13,"column":2},"end":{"line":72,"column":3}},"6":{"start":{"line":14,"column":39},"end":{"line":14,"column":null}},"7":{"start":{"line":21,"column":4},"end":{"line":24,"column":5}},"8":{"start":{"line":22,"column":6},"end":{"line":22,"column":73}},"9":{"start":{"line":23,"column":6},"end":{"line":23,"column":13}},"10":{"start":{"line":26,"column":25},"end":{"line":26,"column":52}},"11":{"start":{"line":27,"column":4},"end":{"line":30,"column":5}},"12":{"start":{"line":28,"column":6},"end":{"line":28,"column":60}},"13":{"start":{"line":29,"column":6},"end":{"line":29,"column":13}},"14":{"start":{"line":32,"column":27},"end":{"line":32,"column":55}},"15":{"start":{"line":34,"column":4},"end":{"line":63,"column":5}},"16":{"start":{"line":36,"column":9},"end":{"line":37,"column":42}},"17":{"start":{"line":38,"column":19},"end":{"line":38,"column":57}},"18":{"start":{"line":39,"column":20},"end":{"line":39,"column":25}},"19":{"start":{"line":41,"column":6},"end":{"line":41,"column":73}},"20":{"start":{"line":41,"column":58},"end":{"line":41,"column":73}},"21":{"start":{"line":43,"column":6},"end":{"line":55,"column":7}},"22":{"start":{"line":44,"column":22},"end":{"line":44,"column":40}},"23":{"start":{"line":45,"column":8},"end":{"line":54,"column":9}},"24":{"start":{"line":46,"column":26},"end":{"line":48,"column":null}},"25":{"start":{"line":50,"column":10},"end":{"line":51,"column":27}},"26":{"start":{"line":51,"column":12},"end":{"line":51,"column":27}},"27":{"start":{"line":57,"column":6},"end":{"line":62,"column":7}},"28":{"start":{"line":58,"column":8},"end":{"line":60,"column":11}},"29":{"start":{"line":61,"column":8},"end":{"line":61,"column":15}},"30":{"start":{"line":65,"column":17},"end":{"line":65,"column":69}},"31":{"start":{"line":66,"column":4},"end":{"line":66,"column":22}},"32":{"start":{"line":68,"column":4},"end":{"line":68,"column":73}},"33":{"start":{"line":70,"column":4},"end":{"line":70,"column":47}},"34":{"start":{"line":71,"column":4},"end":{"line":71,"column":60}},"35":{"start":{"line":9,"column":13},"end":{"line":9,"column":26}},"36":{"start":{"line":76,"column":24},"end":{"line":87,"column":1}},"37":{"start":{"line":80,"column":2},"end":{"line":86,"column":3}},"38":{"start":{"line":81,"column":18},"end":{"line":81,"column":35}},"39":{"start":{"line":82,"column":4},"end":{"line":82,"column":20}},"40":{"start":{"line":84,"column":4},"end":{"line":84,"column":45}},"41":{"start":{"line":85,"column":4},"end":{"line":85,"column":60}},"42":{"start":{"line":76,"column":13},"end":{"line":76,"column":24}},"43":{"start":{"line":90,"column":27},"end":{"line":105,"column":1}},"44":{"start":{"line":94,"column":2},"end":{"line":104,"column":3}},"45":{"start":{"line":95,"column":17},"end":{"line":95,"column":51}},"46":{"start":{"line":96,"column":4},"end":{"line":99,"column":5}},"47":{"start":{"line":97,"column":6},"end":{"line":97,"column":63}},"48":{"start":{"line":98,"column":6},"end":{"line":98,"column":13}},"49":{"start":{"line":100,"column":4},"end":{"line":100,"column":19}},"50":{"start":{"line":102,"column":4},"end":{"line":102,"column":48}},"51":{"start":{"line":103,"column":4},"end":{"line":103,"column":60}},"52":{"start":{"line":90,"column":13},"end":{"line":90,"column":27}},"53":{"start":{"line":108,"column":26},"end":{"line":155,"column":1}},"54":{"start":{"line":112,"column":2},"end":{"line":154,"column":3}},"55":{"start":{"line":113,"column":39},"end":{"line":113,"column":null}},"56":{"start":{"line":120,"column":47},"end":{"line":120,"column":49}},"57":{"start":{"line":121,"column":4},"end":{"line":121,"column":37}},"58":{"start":{"line":121,"column":14},"end":{"line":121,"column":37}},"59":{"start":{"line":122,"column":4},"end":{"line":122,"column":40}},"60":{"start":{"line":122,"column":15},"end":{"line":122,"column":40}},"61":{"start":{"line":123,"column":4},"end":{"line":123,"column":37}},"62":{"start":{"line":123,"column":14},"end":{"line":123,"column":37}},"63":{"start":{"line":124,"column":4},"end":{"line":124,"column":63}},"64":{"start":{"line":124,"column":15},"end":{"line":124,"column":63}},"65":{"start":{"line":126,"column":24},"end":{"line":126,"column":34}},"66":{"start":{"line":127,"column":21},"end":{"line":127,"column":38}},"67":{"start":{"line":128,"column":20},"end":{"line":128,"column":44}},"68":{"start":{"line":130,"column":4},"end":{"line":139,"column":5}},"69":{"start":{"line":135,"column":6},"end":{"line":137,"column":67}},"70":{"start":{"line":138,"column":6},"end":{"line":138,"column":13}},"71":{"start":{"line":141,"column":17},"end":{"line":143,"column":6}},"72":{"start":{"line":145,"column":4},"end":{"line":148,"column":5}},"73":{"start":{"line":146,"column":6},"end":{"line":146,"column":63}},"74":{"start":{"line":147,"column":6},"end":{"line":147,"column":13}},"75":{"start":{"line":150,"column":4},"end":{"line":150,"column":65}},"76":{"start":{"line":152,"column":4},"end":{"line":152,"column":47}},"77":{"start":{"line":153,"column":4},"end":{"line":153,"column":60}},"78":{"start":{"line":108,"column":13},"end":{"line":108,"column":26}},"79":{"start":{"line":158,"column":26},"end":{"line":187,"column":1}},"80":{"start":{"line":162,"column":2},"end":{"line":186,"column":3}},"81":{"start":{"line":163,"column":24},"end":{"line":163,"column":34}},"82":{"start":{"line":164,"column":21},"end":{"line":164,"column":38}},"83":{"start":{"line":165,"column":20},"end":{"line":165,"column":44}},"84":{"start":{"line":167,"column":4},"end":{"line":174,"column":5}},"85":{"start":{"line":172,"column":6},"end":{"line":172,"column":78}},"86":{"start":{"line":173,"column":6},"end":{"line":173,"column":13}},"87":{"start":{"line":176,"column":17},"end":{"line":176,"column":60}},"88":{"start":{"line":177,"column":4},"end":{"line":180,"column":5}},"89":{"start":{"line":178,"column":6},"end":{"line":178,"column":63}},"90":{"start":{"line":179,"column":6},"end":{"line":179,"column":13}},"91":{"start":{"line":182,"column":4},"end":{"line":182,"column":57}},"92":{"start":{"line":184,"column":4},"end":{"line":184,"column":47}},"93":{"start":{"line":185,"column":4},"end":{"line":185,"column":60}},"94":{"start":{"line":158,"column":13},"end":{"line":158,"column":26}}},"fnMap":{"0":{"name":"(anonymous_1)","decl":{"start":{"line":9,"column":26},"end":{"line":9,"column":31}},"loc":{"start":{"line":12,"column":19},"end":{"line":73,"column":1}}},"1":{"name":"(anonymous_2)","decl":{"start":{"line":76,"column":24},"end":{"line":76,"column":29}},"loc":{"start":{"line":79,"column":19},"end":{"line":87,"column":1}}},"2":{"name":"(anonymous_3)","decl":{"start":{"line":90,"column":27},"end":{"line":90,"column":32}},"loc":{"start":{"line":93,"column":19},"end":{"line":105,"column":1}}},"3":{"name":"(anonymous_4)","decl":{"start":{"line":108,"column":26},"end":{"line":108,"column":31}},"loc":{"start":{"line":111,"column":19},"end":{"line":155,"column":1}}},"4":{"name":"(anonymous_5)","decl":{"start":{"line":158,"column":26},"end":{"line":158,"column":31}},"loc":{"start":{"line":161,"column":19},"end":{"line":187,"column":1}}}},"branchMap":{"0":{"loc":{"start":{"line":21,"column":4},"end":{"line":24,"column":5}},"type":"if","locations":[{"start":{"line":21,"column":4},"end":{"line":24,"column":5}}]},"1":{"loc":{"start":{"line":21,"column":8},"end":{"line":21,"column":42}},"type":"binary-expr","locations":[{"start":{"line":21,"column":8},"end":{"line":21,"column":13}},{"start":{"line":21,"column":17},"end":{"line":21,"column":23}},{"start":{"line":21,"column":27},"end":{"line":21,"column":33}},{"start":{"line":21,"column":37},"end":{"line":21,"column":42}}]},"2":{"loc":{"start":{"line":27,"column":4},"end":{"line":30,"column":5}},"type":"if","locations":[{"start":{"line":27,"column":4},"end":{"line":30,"column":5}}]},"3":{"loc":{"start":{"line":34,"column":4},"end":{"line":63,"column":5}},"type":"if","locations":[{"start":{"line":34,"column":4},"end":{"line":63,"column":5}}]},"4":{"loc":{"start":{"line":36,"column":9},"end":{"line":37,"column":42}},"type":"binary-expr","locations":[{"start":{"line":36,"column":9},"end":{"line":36,"column":46}},{"start":{"line":37,"column":9},"end":{"line":37,"column":42}}]},"5":{"loc":{"start":{"line":41,"column":6},"end":{"line":41,"column":73}},"type":"if","locations":[{"start":{"line":41,"column":6},"end":{"line":41,"column":73}}]},"6":{"loc":{"start":{"line":41,"column":10},"end":{"line":41,"column":56}},"type":"binary-expr","locations":[{"start":{"line":41,"column":10},"end":{"line":41,"column":18}},{"start":{"line":41,"column":22},"end":{"line":41,"column":56}}]},"7":{"loc":{"start":{"line":43,"column":6},"end":{"line":55,"column":7}},"type":"if","locations":[{"start":{"line":43,"column":6},"end":{"line":55,"column":7}}]},"8":{"loc":{"start":{"line":43,"column":10},"end":{"line":43,"column":56}},"type":"binary-expr","locations":[{"start":{"line":43,"column":10},"end":{"line":43,"column":18}},{"start":{"line":43,"column":22},"end":{"line":43,"column":26}},{"start":{"line":43,"column":30},"end":{"line":43,"column":56}}]},"9":{"loc":{"start":{"line":50,"column":10},"end":{"line":51,"column":27}},"type":"if","locations":[{"start":{"line":50,"column":10},"end":{"line":51,"column":27}}]},"10":{"loc":{"start":{"line":50,"column":14},"end":{"line":50,"column":79}},"type":"binary-expr","locations":[{"start":{"line":50,"column":14},"end":{"line":50,"column":21}},{"start":{"line":50,"column":26},"end":{"line":50,"column":50}},{"start":{"line":50,"column":54},"end":{"line":50,"column":78}}]},"11":{"loc":{"start":{"line":57,"column":6},"end":{"line":62,"column":7}},"type":"if","locations":[{"start":{"line":57,"column":6},"end":{"line":62,"column":7}}]},"12":{"loc":{"start":{"line":96,"column":4},"end":{"line":99,"column":5}},"type":"if","locations":[{"start":{"line":96,"column":4},"end":{"line":99,"column":5}}]},"13":{"loc":{"start":{"line":121,"column":4},"end":{"line":121,"column":37}},"type":"if","locations":[{"start":{"line":121,"column":4},"end":{"line":121,"column":37}}]},"14":{"loc":{"start":{"line":122,"column":4},"end":{"line":122,"column":40}},"type":"if","locations":[{"start":{"line":122,"column":4},"end":{"line":122,"column":40}}]},"15":{"loc":{"start":{"line":123,"column":4},"end":{"line":123,"column":37}},"type":"if","locations":[{"start":{"line":123,"column":4},"end":{"line":123,"column":37}}]},"16":{"loc":{"start":{"line":124,"column":4},"end":{"line":124,"column":63}},"type":"if","locations":[{"start":{"line":124,"column":4},"end":{"line":124,"column":63}}]},"17":{"loc":{"start":{"line":130,"column":4},"end":{"line":139,"column":5}},"type":"if","locations":[{"start":{"line":130,"column":4},"end":{"line":139,"column":5}}]},"18":{"loc":{"start":{"line":131,"column":6},"end":{"line":133,"column":64}},"type":"binary-expr","locations":[{"start":{"line":131,"column":6},"end":{"line":131,"column":15}},{"start":{"line":132,"column":6},"end":{"line":132,"column":14}},{"start":{"line":133,"column":7},"end":{"line":133,"column":19}},{"start":{"line":133,"column":23},"end":{"line":133,"column":63}}]},"19":{"loc":{"start":{"line":145,"column":4},"end":{"line":148,"column":5}},"type":"if","locations":[{"start":{"line":145,"column":4},"end":{"line":148,"column":5}}]},"20":{"loc":{"start":{"line":167,"column":4},"end":{"line":174,"column":5}},"type":"if","locations":[{"start":{"line":167,"column":4},"end":{"line":174,"column":5}}]},"21":{"loc":{"start":{"line":168,"column":6},"end":{"line":170,"column":64}},"type":"binary-expr","locations":[{"start":{"line":168,"column":6},"end":{"line":168,"column":15}},{"start":{"line":169,"column":6},"end":{"line":169,"column":14}},{"start":{"line":170,"column":7},"end":{"line":170,"column":19}},{"start":{"line":170,"column":23},"end":{"line":170,"column":63}}]},"22":{"loc":{"start":{"line":177,"column":4},"end":{"line":180,"column":5}},"type":"if","locations":[{"start":{"line":177,"column":4},"end":{"line":180,"column":5}}]}},"s":{"0":2,"1":2,"2":2,"3":2,"4":2,"5":6,"6":6,"7":6,"8":1,"9":1,"10":5,"11":5,"12":1,"13":1,"14":4,"15":4,"16":3,"17":3,"18":3,"19":3,"20":2,"21":3,"22":1,"23":1,"24":1,"25":1,"26":1,"27":3,"28":0,"29":0,"30":4,"31":4,"32":4,"33":0,"34":0,"35":2,"36":2,"37":1,"38":1,"39":1,"40":0,"41":0,"42":2,"43":2,"44":2,"45":2,"46":2,"47":1,"48":1,"49":1,"50":0,"51":0,"52":2,"53":2,"54":3,"55":3,"56":3,"57":3,"58":2,"59":3,"60":0,"61":3,"62":1,"63":3,"64":1,"65":3,"66":3,"67":3,"68":3,"69":0,"70":0,"71":3,"72":3,"73":1,"74":1,"75":2,"76":0,"77":0,"78":2,"79":2,"80":3,"81":3,"82":3,"83":3,"84":3,"85":0,"86":0,"87":3,"88":3,"89":1,"90":1,"91":2,"92":0,"93":0,"94":2},"f":{"0":6,"1":1,"2":2,"3":3,"4":3},"b":{"0":[1],"1":[6,5,5,5],"2":[1],"3":[3],"4":[3,1],"5":[2],"6":[3,2],"7":[1],"8":[3,1,1],"9":[1],"10":[1,1,0],"11":[0],"12":[1],"13":[2],"14":[0],"15":[1],"16":[1],"17":[0],"18":[3,1,1,1],"19":[1],"20":[0],"21":[3,1,1,1],"22":[1]}}
,"C:\\Users\\João\\OneDrive\\Documentos\\GitHub\\Pet-Joyful-Backend\\backend\\src\\database\\connection.ts": {"path":"C:\\Users\\João\\OneDrive\\Documentos\\GitHub\\Pet-Joyful-Backend\\backend\\src\\database\\connection.ts","statementMap":{"0":{"start":{"line":1,"column":0},"end":{"line":1,"column":32}},"1":{"start":{"line":2,"column":0},"end":{"line":2,"column":23}},"2":{"start":{"line":4,"column":18},"end":{"line":13,"column":1}},"3":{"start":{"line":5,"column":19},"end":{"line":5,"column":40}},"4":{"start":{"line":7,"column":2},"end":{"line":9,"column":3}},"5":{"start":{"line":8,"column":4},"end":{"line":8,"column":46}},"6":{"start":{"line":11,"column":2},"end":{"line":11,"column":35}},"7":{"start":{"line":12,"column":2},"end":{"line":12,"column":41}},"8":{"start":{"line":15,"column":0},"end":{"line":15,"column":25}}},"fnMap":{"0":{"name":"(anonymous_1)","decl":{"start":{"line":4,"column":18},"end":{"line":4,"column":23}},"loc":{"start":{"line":4,"column":44},"end":{"line":13,"column":1}}}},"branchMap":{"0":{"loc":{"start":{"line":7,"column":2},"end":{"line":9,"column":3}},"type":"if","locations":[{"start":{"line":7,"column":2},"end":{"line":9,"column":3}}]}},"s":{"0":0,"1":0,"2":0,"3":0,"4":0,"5":0,"6":0,"7":0,"8":0},"f":{"0":0},"b":{"0":[0]}}
,"C:\\Users\\João\\OneDrive\\Documentos\\GitHub\\Pet-Joyful-Backend\\backend\\src\\logger\\logger.ts": {"path":"C:\\Users\\João\\OneDrive\\Documentos\\GitHub\\Pet-Joyful-Backend\\backend\\src\\logger\\logger.ts","statementMap":{"0":{"start":{"line":1,"column":0},"end":{"line":1,"column":30}},"1":{"start":{"line":2,"column":0},"end":{"line":2,"column":40}},"2":{"start":{"line":3,"column":0},"end":{"line":3,"column":52}},"3":{"start":{"line":5,"column":21},"end":{"line":5,"column":46}},"4":{"start":{"line":6,"column":19},"end":{"line":6,"column":42}},"5":{"start":{"line":9,"column":42},"end":{"line":9,"column":76}},"6":{"start":{"line":11,"column":2},"end":{"line":14,"column":3}},"7":{"start":{"line":12,"column":20},"end":{"line":12,"column":69}},"8":{"start":{"line":13,"column":4},"end":{"line":13,"column":51}},"9":{"start":{"line":16,"column":2},"end":{"line":16,"column":20}},"10":{"start":{"line":19,"column":21},"end":{"line":27,"column":2}},"11":{"start":{"line":29,"column":19},"end":{"line":40,"column":2}},"12":{"start":{"line":35,"column":19},"end":{"line":35,"column":71}},"13":{"start":{"line":36,"column":6},"end":{"line":36,"column":73}},"14":{"start":{"line":44,"column":2},"end":{"line":46,"column":3}},"15":{"start":{"line":45,"column":4},"end":{"line":45,"column":14}},"16":{"start":{"line":47,"column":2},"end":{"line":52,"column":3}},"17":{"start":{"line":48,"column":4},"end":{"line":51,"column":6}},"18":{"start":{"line":53,"column":2},"end":{"line":55,"column":3}},"19":{"start":{"line":54,"column":4},"end":{"line":54,"column":43}},"20":{"start":{"line":56,"column":2},"end":{"line":56,"column":23}},"21":{"start":{"line":59,"column":13},"end":{"line":66,"column":2}},"22":{"start":{"line":60,"column":41},"end":{"line":60,"column":78}},"23":{"start":{"line":61,"column":41},"end":{"line":61,"column":78}},"24":{"start":{"line":62,"column":42},"end":{"line":62,"column":80}},"25":{"start":{"line":63,"column":42},"end":{"line":63,"column":80}},"26":{"start":{"line":65,"column":4},"end":{"line":65,"column":49}}},"fnMap":{"0":{"name":"buildTransports","decl":{"start":{"line":8,"column":9},"end":{"line":8,"column":24}},"loc":{"start":{"line":8,"column":24},"end":{"line":17,"column":1}}},"1":{"name":"(anonymous_2)","decl":{"start":{"line":34,"column":26},"end":{"line":34,"column":27}},"loc":{"start":{"line":34,"column":69},"end":{"line":37,"column":5}}},"2":{"name":"toLogMeta","decl":{"start":{"line":43,"column":9},"end":{"line":43,"column":18}},"loc":{"start":{"line":43,"column":33},"end":{"line":57,"column":1}}},"3":{"name":"(anonymous_4)","decl":{"start":{"line":60,"column":8},"end":{"line":60,"column":9}},"loc":{"start":{"line":60,"column":41},"end":{"line":60,"column":78}}},"4":{"name":"(anonymous_5)","decl":{"start":{"line":61,"column":8},"end":{"line":61,"column":9}},"loc":{"start":{"line":61,"column":41},"end":{"line":61,"column":78}}},"5":{"name":"(anonymous_6)","decl":{"start":{"line":62,"column":9},"end":{"line":62,"column":10}},"loc":{"start":{"line":62,"column":42},"end":{"line":62,"column":80}}},"6":{"name":"(anonymous_7)","decl":{"start":{"line":63,"column":9},"end":{"line":63,"column":10}},"loc":{"start":{"line":63,"column":42},"end":{"line":63,"column":80}}},"7":{"name":"(anonymous_8)","decl":{"start":{"line":64,"column":9},"end":{"line":64,"column":10}},"loc":{"start":{"line":65,"column":4},"end":{"line":65,"column":49}}}},"branchMap":{"0":{"loc":{"start":{"line":11,"column":2},"end":{"line":14,"column":3}},"type":"if","locations":[{"start":{"line":11,"column":2},"end":{"line":14,"column":3}}]},"1":{"loc":{"start":{"line":11,"column":6},"end":{"line":11,"column":32}},"type":"binary-expr","locations":[{"start":{"line":11,"column":6},"end":{"line":11,"column":18}},{"start":{"line":11,"column":22},"end":{"line":11,"column":32}}]},"2":{"loc":{"start":{"line":35,"column":19},"end":{"line":35,"column":71}},"type":"cond-expr","locations":[{"start":{"line":35,"column":46},"end":{"line":35,"column":66}},{"start":{"line":35,"column":69},"end":{"line":35,"column":71}}]},"3":{"loc":{"start":{"line":44,"column":2},"end":{"line":46,"column":3}},"type":"if","locations":[{"start":{"line":44,"column":2},"end":{"line":46,"column":3}}]},"4":{"loc":{"start":{"line":44,"column":6},"end":{"line":44,"column":41}},"type":"binary-expr","locations":[{"start":{"line":44,"column":6},"end":{"line":44,"column":24}},{"start":{"line":44,"column":28},"end":{"line":44,"column":41}}]},"5":{"loc":{"start":{"line":47,"column":2},"end":{"line":52,"column":3}},"type":"if","locations":[{"start":{"line":47,"column":2},"end":{"line":52,"column":3}}]},"6":{"loc":{"start":{"line":50,"column":10},"end":{"line":50,"column":61}},"type":"cond-expr","locations":[{"start":{"line":50,"column":37},"end":{"line":50,"column":56}},{"start":{"line":50,"column":59},"end":{"line":50,"column":61}}]},"7":{"loc":{"start":{"line":53,"column":2},"end":{"line":55,"column":3}},"type":"if","locations":[{"start":{"line":53,"column":2},"end":{"line":55,"column":3}}]},"8":{"loc":{"start":{"line":53,"column":6},"end":{"line":53,"column":54}},"type":"binary-expr","locations":[{"start":{"line":53,"column":6},"end":{"line":53,"column":30}},{"start":{"line":53,"column":34},"end":{"line":53,"column":54}}]}},"s":{"0":2,"1":2,"2":2,"3":2,"4":2,"5":2,"6":2,"7":0,"8":0,"9":2,"10":2,"11":2,"12":127,"13":127,"14":127,"15":0,"16":127,"17":0,"18":127,"19":127,"20":0,"21":2,"22":126,"23":0,"24":1,"25":0,"26":0},"f":{"0":2,"1":127,"2":127,"3":126,"4":0,"5":1,"6":0,"7":0},"b":{"0":[0],"1":[2,0],"2":[126,1],"3":[0],"4":[127,127],"5":[0],"6":[0,0],"7":[127],"8":[127,127]}}
,"C:\\Users\\João\\OneDrive\\Documentos\\GitHub\\Pet-Joyful-Backend\\backend\\src\\middlewares\\authController.ts": {"path":"C:\\Users\\João\\OneDrive\\Documentos\\GitHub\\Pet-Joyful-Backend\\backend\\src\\middlewares\\authController.ts","statementMap":{"0":{"start":{"line":1,"column":0},"end":{"line":1,"column":31}},"1":{"start":{"line":4,"column":0},"end":{"line":4,"column":47}},"2":{"start":{"line":6,"column":24},"end":{"line":31,"column":1}},"3":{"start":{"line":11,"column":2},"end":{"line":30,"column":3}},"4":{"start":{"line":12,"column":36},"end":{"line":12,"column":null}},"5":{"start":{"line":18,"column":15},"end":{"line":18,"column":47}},"6":{"start":{"line":19,"column":4},"end":{"line":22,"column":5}},"7":{"start":{"line":20,"column":6},"end":{"line":20,"column":60}},"8":{"start":{"line":21,"column":6},"end":{"line":21,"column":13}},"9":{"start":{"line":24,"column":4},"end":{"line":24,"column":81}},"10":{"start":{"line":25,"column":4},"end":{"line":25,"column":22}},"11":{"start":{"line":27,"column":4},"end":{"line":27,"column":52}},"12":{"start":{"line":29,"column":4},"end":{"line":29,"column":14}},"13":{"start":{"line":6,"column":13},"end":{"line":6,"column":24}},"14":{"start":{"line":33,"column":21},"end":{"line":63,"column":1}},"15":{"start":{"line":38,"column":2},"end":{"line":62,"column":3}},"16":{"start":{"line":39,"column":30},"end":{"line":39,"column":75}},"17":{"start":{"line":41,"column":17},"end":{"line":41,"column":49}},"18":{"start":{"line":42,"column":4},"end":{"line":45,"column":5}},"19":{"start":{"line":43,"column":6},"end":{"line":43,"column":59}},"20":{"start":{"line":44,"column":6},"end":{"line":44,"column":13}},"21":{"start":{"line":47,"column":18},"end":{"line":47,"column":54}},"22":{"start":{"line":48,"column":4},"end":{"line":51,"column":5}},"23":{"start":{"line":49,"column":6},"end":{"line":49,"column":59}},"24":{"start":{"line":50,"column":6},"end":{"line":50,"column":13}},"25":{"start":{"line":53,"column":18},"end":{"line":56,"column":null}},"26":{"start":{"line":59,"column":4},"end":{"line":59,"column":22}},"27":{"start":{"line":61,"column":4},"end":{"line":61,"column":14}},"28":{"start":{"line":33,"column":13},"end":{"line":33,"column":21}}},"fnMap":{"0":{"name":"(anonymous_1)","decl":{"start":{"line":6,"column":24},"end":{"line":6,"column":29}},"loc":{"start":{"line":10,"column":19},"end":{"line":31,"column":1}}},"1":{"name":"(anonymous_2)","decl":{"start":{"line":33,"column":21},"end":{"line":33,"column":26}},"loc":{"start":{"line":37,"column":19},"end":{"line":63,"column":1}}}},"branchMap":{"0":{"loc":{"start":{"line":19,"column":4},"end":{"line":22,"column":5}},"type":"if","locations":[{"start":{"line":19,"column":4},"end":{"line":22,"column":5}}]},"1":{"loc":{"start":{"line":42,"column":4},"end":{"line":45,"column":5}},"type":"if","locations":[{"start":{"line":42,"column":4},"end":{"line":45,"column":5}}]},"2":{"loc":{"start":{"line":48,"column":4},"end":{"line":51,"column":5}},"type":"if","locations":[{"start":{"line":48,"column":4},"end":{"line":51,"column":5}}]}},"s":{"0":0,"1":0,"2":0,"3":0,"4":0,"5":0,"6":0,"7":0,"8":0,"9":0,"10":0,"11":0,"12":0,"13":0,"14":0,"15":0,"16":0,"17":0,"18":0,"19":0,"20":0,"21":0,"22":0,"23":0,"24":0,"25":0,"26":0,"27":0,"28":0},"f":{"0":0,"1":0},"b":{"0":[0],"1":[0],"2":[0]}}
,"C:\\Users\\João\\OneDrive\\Documentos\\GitHub\\Pet-Joyful-Backend\\backend\\src\\middlewares\\ensureAdminKey.ts": {"path":"C:\\Users\\João\\OneDrive\\Documentos\\GitHub\\Pet-Joyful-Backend\\backend\\src\\middlewares\\ensureAdminKey.ts","statementMap":{"0":{"start":{"line":5,"column":0},"end":{"line":5,"column":24}},"1":{"start":{"line":1,"column":0},"end":{"line":1,"column":23}},"2":{"start":{"line":11,"column":5},"end":{"line":12,"column":38}},"3":{"start":{"line":14,"column":2},"end":{"line":17,"column":3}},"4":{"start":{"line":15,"column":4},"end":{"line":15,"column":55}},"5":{"start":{"line":16,"column":4},"end":{"line":16,"column":11}},"6":{"start":{"line":19,"column":2},"end":{"line":22,"column":3}},"7":{"start":{"line":20,"column":4},"end":{"line":20,"column":56}},"8":{"start":{"line":21,"column":4},"end":{"line":21,"column":11}},"9":{"start":{"line":24,"column":2},"end":{"line":24,"column":27}},"10":{"start":{"line":25,"column":2},"end":{"line":25,"column":25}},"11":{"start":{"line":26,"column":2},"end":{"line":26,"column":16}}},"fnMap":{"0":{"name":"ensureAdminKey","decl":{"start":{"line":5,"column":24},"end":{"line":5,"column":38}},"loc":{"start":{"line":8,"column":20},"end":{"line":27,"column":1}}}},"branchMap":{"0":{"loc":{"start":{"line":11,"column":5},"end":{"line":12,"column":38}},"type":"binary-expr","locations":[{"start":{"line":11,"column":5},"end":{"line":11,"column":42}},{"start":{"line":12,"column":5},"end":{"line":12,"column":38}}]},"1":{"loc":{"start":{"line":14,"column":2},"end":{"line":17,"column":3}},"type":"if","locations":[{"start":{"line":14,"column":2},"end":{"line":17,"column":3}}]},"2":{"loc":{"start":{"line":19,"column":2},"end":{"line":22,"column":3}},"type":"if","locations":[{"start":{"line":19,"column":2},"end":{"line":22,"column":3}}]}},"s":{"0":2,"1":2,"2":10,"3":10,"4":2,"5":2,"6":8,"7":1,"8":1,"9":7,"10":7,"11":7},"f":{"0":10},"b":{"0":[10,2],"1":[2],"2":[1]}}
,"C:\\Users\\João\\OneDrive\\Documentos\\GitHub\\Pet-Joyful-Backend\\backend\\src\\middlewares\\ensureAuth.ts": {"path":"C:\\Users\\João\\OneDrive\\Documentos\\GitHub\\Pet-Joyful-Backend\\backend\\src\\middlewares\\ensureAuth.ts","statementMap":{"0":{"start":{"line":5,"column":0},"end":{"line":5,"column":24}},"1":{"start":{"line":1,"column":0},"end":{"line":1,"column":31}},"2":{"start":{"line":11,"column":5},"end":{"line":12,"column":38}},"3":{"start":{"line":14,"column":2},"end":{"line":25,"column":3}},"4":{"start":{"line":15,"column":4},"end":{"line":15,"column":29}},"5":{"start":{"line":16,"column":4},"end":{"line":16,"column":27}},"6":{"start":{"line":17,"column":4},"end":{"line":17,"column":18}},"7":{"start":{"line":18,"column":9},"end":{"line":25,"column":3}},"8":{"start":{"line":19,"column":4},"end":{"line":23,"column":7}},"9":{"start":{"line":24,"column":4},"end":{"line":24,"column":11}},"10":{"start":{"line":27,"column":15},"end":{"line":27,"column":43}},"11":{"start":{"line":28,"column":2},"end":{"line":31,"column":3}},"12":{"start":{"line":29,"column":4},"end":{"line":29,"column":51}},"13":{"start":{"line":30,"column":4},"end":{"line":30,"column":11}},"14":{"start":{"line":33,"column":16},"end":{"line":33,"column":31}},"15":{"start":{"line":34,"column":2},"end":{"line":37,"column":3}},"16":{"start":{"line":35,"column":4},"end":{"line":35,"column":63}},"17":{"start":{"line":36,"column":4},"end":{"line":36,"column":11}},"18":{"start":{"line":39,"column":16},"end":{"line":39,"column":24}},"19":{"start":{"line":40,"column":2},"end":{"line":51,"column":3}},"20":{"start":{"line":41,"column":20},"end":{"line":43,"column":null}},"21":{"start":{"line":45,"column":4},"end":{"line":45,"column":59}},"22":{"start":{"line":46,"column":4},"end":{"line":46,"column":47}},"23":{"start":{"line":47,"column":4},"end":{"line":47,"column":61}},"24":{"start":{"line":48,"column":4},"end":{"line":48,"column":18}},"25":{"start":{"line":50,"column":4},"end":{"line":50,"column":52}}},"fnMap":{"0":{"name":"ensureAuth","decl":{"start":{"line":5,"column":24},"end":{"line":5,"column":34}},"loc":{"start":{"line":8,"column":20},"end":{"line":52,"column":1}}}},"branchMap":{"0":{"loc":{"start":{"line":11,"column":5},"end":{"line":12,"column":38}},"type":"binary-expr","locations":[{"start":{"line":11,"column":5},"end":{"line":11,"column":42}},{"start":{"line":12,"column":5},"end":{"line":12,"column":38}}]},"1":{"loc":{"start":{"line":14,"column":2},"end":{"line":25,"column":3}},"type":"if","locations":[{"start":{"line":14,"column":2},"end":{"line":25,"column":3}},{"start":{"line":18,"column":9},"end":{"line":25,"column":3}}]},"2":{"loc":{"start":{"line":14,"column":6},"end":{"line":14,"column":52}},"type":"binary-expr","locations":[{"start":{"line":14,"column":6},"end":{"line":14,"column":14}},{"start":{"line":14,"column":18},"end":{"line":14,"column":52}}]},"3":{"loc":{"start":{"line":18,"column":9},"end":{"line":25,"column":3}},"type":"if","locations":[{"start":{"line":18,"column":9},"end":{"line":25,"column":3}}]},"4":{"loc":{"start":{"line":28,"column":2},"end":{"line":31,"column":3}},"type":"if","locations":[{"start":{"line":28,"column":2},"end":{"line":31,"column":3}}]},"5":{"loc":{"start":{"line":34,"column":2},"end":{"line":37,"column":3}},"type":"if","locations":[{"start":{"line":34,"column":2},"end":{"line":37,"column":3}}]},"6":{"loc":{"start":{"line":34,"column":6},"end":{"line":34,"column":49}},"type":"binary-expr","locations":[{"start":{"line":34,"column":6},"end":{"line":34,"column":24}},{"start":{"line":34,"column":28},"end":{"line":34,"column":49}}]},"7":{"loc":{"start":{"line":45,"column":17},"end":{"line":45,"column":58}},"type":"binary-expr","locations":[{"start":{"line":45,"column":17},"end":{"line":45,"column":31}},{"start":{"line":45,"column":35},"end":{"line":45,"column":45}},{"start":{"line":45,"column":49},"end":{"line":45,"column":58}}]},"8":{"loc":{"start":{"line":46,"column":20},"end":{"line":46,"column":46}},"type":"binary-expr","locations":[{"start":{"line":46,"column":20},"end":{"line":46,"column":33}},{"start":{"line":46,"column":37},"end":{"line":46,"column":46}}]},"9":{"loc":{"start":{"line":47,"column":19},"end":{"line":47,"column":60}},"type":"binary-expr","locations":[{"start":{"line":47,"column":19},"end":{"line":47,"column":31}},{"start":{"line":47,"column":35},"end":{"line":47,"column":47}},{"start":{"line":47,"column":51},"end":{"line":47,"column":60}}]}},"s":{"0":2,"1":2,"2":12,"3":12,"4":0,"5":0,"6":0,"7":12,"8":0,"9":0,"10":12,"11":12,"12":3,"13":3,"14":9,"15":9,"16":0,"17":0,"18":9,"19":9,"20":9,"21":8,"22":8,"23":8,"24":8,"25":1},"f":{"0":12},"b":{"0":[12,12],"1":[0,12],"2":[12,0],"3":[0],"4":[3],"5":[0],"6":[9,9],"7":[8,0,0],"8":[8,0],"9":[8,0,0]}}
,"C:\\Users\\João\\OneDrive\\Documentos\\GitHub\\Pet-Joyful-Backend\\backend\\src\\middlewares\\errorHandler.ts": {"path":"C:\\Users\\João\\OneDrive\\Documentos\\GitHub\\Pet-Joyful-Backend\\backend\\src\\middlewares\\errorHandler.ts","statementMap":{"0":{"start":{"line":8,"column":0},"end":{"line":8,"column":24}},"1":{"start":{"line":2,"column":0},"end":{"line":2,"column":45}},"2":{"start":{"line":14,"column":2},"end":{"line":14,"column":12}},"3":{"start":{"line":16,"column":2},"end":{"line":24,"column":5}},"4":{"start":{"line":26,"column":17},"end":{"line":26,"column":34}},"5":{"start":{"line":27,"column":2},"end":{"line":31,"column":5}}},"fnMap":{"0":{"name":"errorHandler","decl":{"start":{"line":8,"column":24},"end":{"line":8,"column":36}},"loc":{"start":{"line":12,"column":20},"end":{"line":32,"column":1}}}},"branchMap":{"0":{"loc":{"start":{"line":26,"column":17},"end":{"line":26,"column":34}},"type":"binary-expr","locations":[{"start":{"line":26,"column":17},"end":{"line":26,"column":27}},{"start":{"line":26,"column":31},"end":{"line":26,"column":34}}]}},"s":{"0":2,"1":2,"2":0,"3":0,"4":0,"5":0},"f":{"0":0},"b":{"0":[0,0]}}
,"C:\\Users\\João\\OneDrive\\Documentos\\GitHub\\Pet-Joyful-Backend\\backend\\src\\middlewares\\requestLogger.ts": {"path":"C:\\Users\\João\\OneDrive\\Documentos\\GitHub\\Pet-Joyful-Backend\\backend\\src\\middlewares\\requestLogger.ts","statementMap":{"0":{"start":{"line":4,"column":0},"end":{"line":4,"column":16}},"1":{"start":{"line":2,"column":0},"end":{"line":2,"column":45}},"2":{"start":{"line":5,"column":20},"end":{"line":5,"column":30}},"3":{"start":{"line":7,"column":2},"end":{"line":18,"column":5}},"4":{"start":{"line":22,"column":2},"end":{"line":30,"column":5}},"5":{"start":{"line":23,"column":23},"end":{"line":23,"column":45}},"6":{"start":{"line":24,"column":4},"end":{"line":29,"column":7}},"7":{"start":{"line":32,"column":2},"end":{"line":32,"column":9}}},"fnMap":{"0":{"name":"requestLogger","decl":{"start":{"line":4,"column":16},"end":{"line":4,"column":29}},"loc":{"start":{"line":4,"column":77},"end":{"line":33,"column":1}}},"1":{"name":"(anonymous_1)","decl":{"start":{"line":22,"column":19},"end":{"line":22,"column":22}},"loc":{"start":{"line":22,"column":24},"end":{"line":30,"column":3}}}},"branchMap":{},"s":{"0":2,"1":2,"2":46,"3":46,"4":46,"5":46,"6":46,"7":46},"f":{"0":46,"1":46},"b":{}}
,"C:\\Users\\João\\OneDrive\\Documentos\\GitHub\\Pet-Joyful-Backend\\backend\\src\\middlewares\\verifyApiKey.ts": {"path":"C:\\Users\\João\\OneDrive\\Documentos\\GitHub\\Pet-Joyful-Backend\\backend\\src\\middlewares\\verifyApiKey.ts","statementMap":{"0":{"start":{"line":3,"column":0},"end":{"line":3,"column":24}},"1":{"start":{"line":9,"column":5},"end":{"line":10,"column":36}},"2":{"start":{"line":12,"column":2},"end":{"line":15,"column":3}},"3":{"start":{"line":13,"column":4},"end":{"line":13,"column":71}},"4":{"start":{"line":14,"column":4},"end":{"line":14,"column":11}},"5":{"start":{"line":17,"column":2},"end":{"line":17,"column":9}}},"fnMap":{"0":{"name":"verifyApiKey","decl":{"start":{"line":3,"column":24},"end":{"line":3,"column":36}},"loc":{"start":{"line":6,"column":20},"end":{"line":18,"column":1}}}},"branchMap":{"0":{"loc":{"start":{"line":9,"column":5},"end":{"line":10,"column":36}},"type":"binary-expr","locations":[{"start":{"line":9,"column":5},"end":{"line":9,"column":40}},{"start":{"line":10,"column":5},"end":{"line":10,"column":36}}]},"1":{"loc":{"start":{"line":12,"column":2},"end":{"line":15,"column":3}},"type":"if","locations":[{"start":{"line":12,"column":2},"end":{"line":15,"column":3}}]},"2":{"loc":{"start":{"line":12,"column":6},"end":{"line":12,"column":41}},"type":"binary-expr","locations":[{"start":{"line":12,"column":6},"end":{"line":12,"column":10}},{"start":{"line":12,"column":14},"end":{"line":12,"column":41}}]}},"s":{"0":0,"1":0,"2":0,"3":0,"4":0,"5":0},"f":{"0":0},"b":{"0":[0,0],"1":[0],"2":[0,0]}}
,"C:\\Users\\João\\OneDrive\\Documentos\\GitHub\\Pet-Joyful-Backend\\backend\\src\\middlewares\\verifyToken.ts": {"path":"C:\\Users\\João\\OneDrive\\Documentos\\GitHub\\Pet-Joyful-Backend\\backend\\src\\middlewares\\verifyToken.ts","statementMap":{"0":{"start":{"line":5,"column":0},"end":{"line":5,"column":24}},"1":{"start":{"line":1,"column":0},"end":{"line":1,"column":31}},"2":{"start":{"line":10,"column":15},"end":{"line":10,"column":43}},"3":{"start":{"line":11,"column":2},"end":{"line":14,"column":3}},"4":{"start":{"line":12,"column":4},"end":{"line":12,"column":51}},"5":{"start":{"line":13,"column":4},"end":{"line":13,"column":11}},"6":{"start":{"line":16,"column":16},"end":{"line":16,"column":31}},"7":{"start":{"line":17,"column":2},"end":{"line":20,"column":3}},"8":{"start":{"line":18,"column":4},"end":{"line":18,"column":63}},"9":{"start":{"line":19,"column":4},"end":{"line":19,"column":11}},"10":{"start":{"line":22,"column":16},"end":{"line":22,"column":24}},"11":{"start":{"line":23,"column":2},"end":{"line":32,"column":3}},"12":{"start":{"line":24,"column":20},"end":{"line":26,"column":null}},"13":{"start":{"line":28,"column":4},"end":{"line":28,"column":46}},"14":{"start":{"line":29,"column":4},"end":{"line":29,"column":11}},"15":{"start":{"line":31,"column":4},"end":{"line":31,"column":52}}},"fnMap":{"0":{"name":"verifyToken","decl":{"start":{"line":5,"column":24},"end":{"line":5,"column":35}},"loc":{"start":{"line":8,"column":20},"end":{"line":33,"column":1}}}},"branchMap":{"0":{"loc":{"start":{"line":11,"column":2},"end":{"line":14,"column":3}},"type":"if","locations":[{"start":{"line":11,"column":2},"end":{"line":14,"column":3}}]},"1":{"loc":{"start":{"line":17,"column":2},"end":{"line":20,"column":3}},"type":"if","locations":[{"start":{"line":17,"column":2},"end":{"line":20,"column":3}}]},"2":{"loc":{"start":{"line":17,"column":6},"end":{"line":17,"column":49}},"type":"binary-expr","locations":[{"start":{"line":17,"column":6},"end":{"line":17,"column":24}},{"start":{"line":17,"column":28},"end":{"line":17,"column":49}}]},"3":{"loc":{"start":{"line":28,"column":17},"end":{"line":28,"column":45}},"type":"binary-expr","locations":[{"start":{"line":28,"column":17},"end":{"line":28,"column":27}},{"start":{"line":28,"column":31},"end":{"line":28,"column":45}}]}},"s":{"0":0,"1":0,"2":0,"3":0,"4":0,"5":0,"6":0,"7":0,"8":0,"9":0,"10":0,"11":0,"12":0,"13":0,"14":0,"15":0},"f":{"0":0},"b":{"0":[0],"1":[0],"2":[0,0],"3":[0,0]}}
,"C:\\Users\\João\\OneDrive\\Documentos\\GitHub\\Pet-Joyful-Backend\\backend\\src\\models\\denunciaMessageModel.ts": {"path":"C:\\Users\\João\\OneDrive\\Documentos\\GitHub\\Pet-Joyful-Backend\\backend\\src\\models\\denunciaMessageModel.ts","statementMap":{"0":{"start":{"line":1,"column":0},"end":{"line":1,"column":32}},"1":{"start":{"line":3,"column":0},"end":{"line":3,"column":43}},"2":{"start":{"line":5,"column":30},"end":{"line":17,"column":null}},"3":{"start":{"line":20,"column":24},"end":{"line":22,"column":null}},"4":{"start":{"line":25,"column":0},"end":{"line":25,"column":31}}},"fnMap":{},"branchMap":{},"s":{"0":3,"1":3,"2":3,"3":3,"4":3},"f":{},"b":{}}
,"C:\\Users\\João\\OneDrive\\Documentos\\GitHub\\Pet-Joyful-Backend\\backend\\src\\models\\postMessageModel.ts": {"path":"C:\\Users\\João\\OneDrive\\Documentos\\GitHub\\Pet-Joyful-Backend\\backend\\src\\models\\postMessageModel.ts","statementMap":{"0":{"start":{"line":1,"column":0},"end":{"line":1,"column":32}},"1":{"start":{"line":4,"column":26},"end":{"line":11,"column":null}},"2":{"start":{"line":14,"column":20},"end":{"line":16,"column":null}},"3":{"start":{"line":19,"column":0},"end":{"line":19,"column":27}}},"fnMap":{},"branchMap":{},"s":{"0":3,"1":3,"2":3,"3":3},"f":{},"b":{}}
,"C:\\Users\\João\\OneDrive\\Documentos\\GitHub\\Pet-Joyful-Backend\\backend\\src\\models\\userModel.ts": {"path":"C:\\Users\\João\\OneDrive\\Documentos\\GitHub\\Pet-Joyful-Backend\\backend\\src\\models\\userModel.ts","statementMap":{"0":{"start":{"line":1,"column":0},"end":{"line":1,"column":32}},"1":{"start":{"line":2,"column":0},"end":{"line":2,"column":30}},"2":{"start":{"line":4,"column":0},"end":{"line":4,"column":43}},"3":{"start":{"line":6,"column":19},"end":{"line":17,"column":null}},"4":{"start":{"line":21,"column":0},"end":{"line":30,"column":3}},"5":{"start":{"line":22,"column":2},"end":{"line":29,"column":3}},"6":{"start":{"line":23,"column":4},"end":{"line":23,"column":49}},"7":{"start":{"line":23,"column":35},"end":{"line":23,"column":49}},"8":{"start":{"line":24,"column":17},"end":{"line":24,"column":41}},"9":{"start":{"line":25,"column":4},"end":{"line":25,"column":53}},"10":{"start":{"line":26,"column":4},"end":{"line":26,"column":11}},"11":{"start":{"line":28,"column":4},"end":{"line":28,"column":23}},"12":{"start":{"line":33,"column":0},"end":{"line":37,"column":2}},"13":{"start":{"line":36,"column":2},"end":{"line":36,"column":65}},"14":{"start":{"line":39,"column":18},"end":{"line":39,"column":67}},"15":{"start":{"line":41,"column":0},"end":{"line":41,"column":25}}},"fnMap":{"0":{"name":"(anonymous_1)","decl":{"start":{"line":21,"column":23},"end":{"line":21,"column":28}},"loc":{"start":{"line":21,"column":43},"end":{"line":30,"column":1}}},"1":{"name":"(anonymous_2)","decl":{"start":{"line":33,"column":37},"end":{"line":33,"column":null}},"loc":{"start":{"line":34,"column":27},"end":{"line":37,"column":1}}}},"branchMap":{"0":{"loc":{"start":{"line":23,"column":4},"end":{"line":23,"column":49}},"type":"if","locations":[{"start":{"line":23,"column":4},"end":{"line":23,"column":49}}]}},"s":{"0":2,"1":2,"2":2,"3":2,"4":2,"5":31,"6":31,"7":0,"8":31,"9":31,"10":31,"11":0,"12":2,"13":15,"14":2,"15":2},"f":{"0":31,"1":15},"b":{"0":[0]}}
,"C:\\Users\\João\\OneDrive\\Documentos\\GitHub\\Pet-Joyful-Backend\\backend\\src\\routes\\authRoutes.ts": {"path":"C:\\Users\\João\\OneDrive\\Documentos\\GitHub\\Pet-Joyful-Backend\\backend\\src\\routes\\authRoutes.ts","statementMap":{"0":{"start":{"line":1,"column":0},"end":{"line":1,"column":31}},"1":{"start":{"line":2,"column":0},"end":{"line":2,"column":null}},"2":{"start":{"line":9,"column":0},"end":{"line":9,"column":54}},"3":{"start":{"line":11,"column":15},"end":{"line":11,"column":23}},"4":{"start":{"line":15,"column":0},"end":{"line":15,"column":35}},"5":{"start":{"line":19,"column":0},"end":{"line":19,"column":29}},"6":{"start":{"line":24,"column":0},"end":{"line":24,"column":42}},"7":{"start":{"line":29,"column":0},"end":{"line":29,"column":45}},"8":{"start":{"line":34,"column":0},"end":{"line":34,"column":48}},"9":{"start":{"line":36,"column":0},"end":{"line":36,"column":22}}},"fnMap":{},"branchMap":{},"s":{"0":2,"1":2,"2":2,"3":2,"4":2,"5":2,"6":2,"7":2,"8":2,"9":2},"f":{},"b":{}}
,"C:\\Users\\João\\OneDrive\\Documentos\\GitHub\\Pet-Joyful-Backend\\backend\\src\\routes\\chatRoutes.ts": {"path":"C:\\Users\\João\\OneDrive\\Documentos\\GitHub\\Pet-Joyful-Backend\\backend\\src\\routes\\chatRoutes.ts","statementMap":{"0":{"start":{"line":1,"column":0},"end":{"line":1,"column":31}},"1":{"start":{"line":2,"column":0},"end":{"line":2,"column":61}},"2":{"start":{"line":4,"column":23},"end":{"line":4,"column":31}},"3":{"start":{"line":8,"column":0},"end":{"line":8,"column":30}},"4":{"start":{"line":11,"column":0},"end":{"line":13,"column":3}},"5":{"start":{"line":12,"column":2},"end":{"line":12,"column":62}},"6":{"start":{"line":15,"column":0},"end":{"line":15,"column":22}}},"fnMap":{"0":{"name":"(anonymous_0)","decl":{"start":{"line":11,"column":22},"end":{"line":11,"column":23}},"loc":{"start":{"line":11,"column":36},"end":{"line":13,"column":1}}}},"branchMap":{},"s":{"0":2,"1":2,"2":2,"3":2,"4":2,"5":0,"6":2},"f":{"0":0},"b":{}}
,"C:\\Users\\João\\OneDrive\\Documentos\\GitHub\\Pet-Joyful-Backend\\backend\\src\\routes\\index.ts": {"path":"C:\\Users\\João\\OneDrive\\Documentos\\GitHub\\Pet-Joyful-Backend\\backend\\src\\routes\\index.ts","statementMap":{"0":{"start":{"line":1,"column":0},"end":{"line":1,"column":31}},"1":{"start":{"line":2,"column":0},"end":{"line":2,"column":41}},"2":{"start":{"line":3,"column":0},"end":{"line":3,"column":41}},"3":{"start":{"line":4,"column":0},"end":{"line":4,"column":49}},"4":{"start":{"line":6,"column":15},"end":{"line":6,"column":23}},"5":{"start":{"line":8,"column":0},"end":{"line":8,"column":33}},"6":{"start":{"line":9,"column":0},"end":{"line":9,"column":32}},"7":{"start":{"line":10,"column":0},"end":{"line":10,"column":40}},"8":{"start":{"line":12,"column":0},"end":{"line":12,"column":22}}},"fnMap":{},"branchMap":{},"s":{"0":2,"1":2,"2":2,"3":2,"4":2,"5":2,"6":2,"7":2,"8":2},"f":{},"b":{}}
,"C:\\Users\\João\\OneDrive\\Documentos\\GitHub\\Pet-Joyful-Backend\\backend\\src\\routes\\messagesRoutes.ts": {"path":"C:\\Users\\João\\OneDrive\\Documentos\\GitHub\\Pet-Joyful-Backend\\backend\\src\\routes\\messagesRoutes.ts","statementMap":{"0":{"start":{"line":1,"column":0},"end":{"line":1,"column":31}},"1":{"start":{"line":2,"column":0},"end":{"line":2,"column":null}},"2":{"start":{"line":12,"column":0},"end":{"line":12,"column":62}},"3":{"start":{"line":14,"column":15},"end":{"line":14,"column":23}},"4":{"start":{"line":18,"column":0},"end":{"line":18,"column":40}},"5":{"start":{"line":22,"column":0},"end":{"line":22,"column":37}},"6":{"start":{"line":26,"column":0},"end":{"line":26,"column":59}},"7":{"start":{"line":30,"column":0},"end":{"line":30,"column":62}},"8":{"start":{"line":34,"column":0},"end":{"line":34,"column":41}},"9":{"start":{"line":38,"column":0},"end":{"line":38,"column":54}},"10":{"start":{"line":42,"column":0},"end":{"line":42,"column":60}},"11":{"start":{"line":46,"column":0},"end":{"line":46,"column":63}},"12":{"start":{"line":48,"column":0},"end":{"line":48,"column":22}}},"fnMap":{},"branchMap":{},"s":{"0":2,"1":2,"2":2,"3":2,"4":2,"5":2,"6":2,"7":2,"8":2,"9":2,"10":2,"11":2,"12":2},"f":{},"b":{}}
,"C:\\Users\\João\\OneDrive\\Documentos\\GitHub\\Pet-Joyful-Backend\\backend\\src\\routes\\userRoutes.ts": {"path":"C:\\Users\\João\\OneDrive\\Documentos\\GitHub\\Pet-Joyful-Backend\\backend\\src\\routes\\userRoutes.ts","statementMap":{"0":{"start":{"line":1,"column":0},"end":{"line":1,"column":33}},"1":{"start":{"line":2,"column":0},"end":{"line":2,"column":null}},"2":{"start":{"line":10,"column":0},"end":{"line":10,"column":62}},"3":{"start":{"line":12,"column":15},"end":{"line":12,"column":23}},"4":{"start":{"line":43,"column":0},"end":{"line":43,"column":45}},"5":{"start":{"line":50,"column":0},"end":{"line":50,"column":42}},"6":{"start":{"line":61,"column":0},"end":{"line":61,"column":48}},"7":{"start":{"line":80,"column":0},"end":{"line":80,"column":47}},"8":{"start":{"line":123,"column":0},"end":{"line":123,"column":50}},"9":{"start":{"line":125,"column":0},"end":{"line":125,"column":22}}},"fnMap":{},"branchMap":{},"s":{"0":2,"1":2,"2":2,"3":2,"4":2,"5":2,"6":2,"7":2,"8":2,"9":2},"f":{},"b":{}}
,"C:\\Users\\João\\OneDrive\\Documentos\\GitHub\\Pet-Joyful-Backend\\backend\\src\\types\\index.ts": {"path":"C:\\Users\\João\\OneDrive\\Documentos\\GitHub\\Pet-Joyful-Backend\\backend\\src\\types\\index.ts","statementMap":{"0":{"start":{"line":4,"column":0},"end":{"line":4,"column":null}},"1":{"start":{"line":5,"column":2},"end":{"line":5,"column":null}},"2":{"start":{"line":6,"column":2},"end":{"line":6,"column":null}},"3":{"start":{"line":7,"column":2},"end":{"line":7,"column":null}},"4":{"start":{"line":10,"column":0},"end":{"line":10,"column":null}},"5":{"start":{"line":11,"column":2},"end":{"line":11,"column":null}},"6":{"start":{"line":12,"column":2},"end":{"line":12,"column":null}},"7":{"start":{"line":13,"column":2},"end":{"line":13,"column":null}},"8":{"start":{"line":58,"column":0},"end":{"line":58,"column":27}}},"fnMap":{"0":{"name":"(anonymous_0)","decl":{"start":{"line":4,"column":0},"end":{"line":4,"column":12}},"loc":{"start":{"line":4,"column":20},"end":{"line":8,"column":1}}},"1":{"name":"(anonymous_1)","decl":{"start":{"line":10,"column":0},"end":{"line":10,"column":12}},"loc":{"start":{"line":10,"column":20},"end":{"line":14,"column":1}}}},"branchMap":{"0":{"loc":{"start":{"line":4,"column":12},"end":{"line":4,"column":null}},"type":"binary-expr","locations":[{"start":{"line":4,"column":12},"end":{"line":4,"column":20}},{"start":{"line":4,"column":20},"end":{"line":4,"column":null}}]},"1":{"loc":{"start":{"line":10,"column":12},"end":{"line":10,"column":null}},"type":"binary-expr","locations":[{"start":{"line":10,"column":12},"end":{"line":10,"column":20}},{"start":{"line":10,"column":20},"end":{"line":10,"column":null}}]}},"s":{"0":4,"1":4,"2":4,"3":4,"4":4,"5":4,"6":4,"7":4,"8":4},"f":{"0":4,"1":4},"b":{"0":[4,4],"1":[4,4]}}
}
