{"C:\\Users\\Alunos\\Documents\\GitHub\\Pet-Joyful-Backend\\backend\\src\\app.ts": {"path":"C:\\Users\\Alunos\\Documents\\GitHub\\Pet-Joyful-Backend\\backend\\src\\app.ts","statementMap":{"0":{"start":{"line":1,"column":0},"end":{"line":1,"column":30}},"1":{"start":{"line":2,"column":0},"end":{"line":2,"column":24}},"2":{"start":{"line":6,"column":0},"end":{"line":6,"column":43}},"3":{"start":{"line":7,"column":0},"end":{"line":7,"column":39}},"4":{"start":{"line":9,"column":12},"end":{"line":9,"column":21}},"5":{"start":{"line":12,"column":0},"end":{"line":22,"column":2}},"6":{"start":{"line":23,"column":0},"end":{"line":23,"column":24}},"7":{"start":{"line":26,"column":0},"end":{"line":26,"column":24}},"8":{"start":{"line":29,"column":0},"end":{"line":31,"column":3}},"9":{"start":{"line":30,"column":2},"end":{"line":30,"column":45}},"10":{"start":{"line":37,"column":30},"end":{"line":37,"column":32}},"11":{"start":{"line":39,"column":0},"end":{"line":49,"column":1}},"12":{"start":{"line":43,"column":2},"end":{"line":43,"column":50}},"13":{"start":{"line":45,"column":2},"end":{"line":48,"column":4}},"14":{"start":{"line":51,"column":0},"end":{"line":51,"column":72}},"15":{"start":{"line":53,"column":0},"end":{"line":53,"column":19}}},"fnMap":{"0":{"name":"(anonymous_1)","decl":{"start":{"line":29,"column":13},"end":{"line":29,"column":14}},"loc":{"start":{"line":29,"column":27},"end":{"line":31,"column":1}}}},"branchMap":{},"s":{"0":0,"1":0,"2":0,"3":0,"4":0,"5":0,"6":0,"7":0,"8":0,"9":0,"10":0,"11":0,"12":0,"13":0,"14":0,"15":0},"f":{"0":0},"b":{}}
,"C:\\Users\\Alunos\\Documents\\GitHub\\Pet-Joyful-Backend\\backend\\src\\swagger.ts": {"path":"C:\\Users\\Alunos\\Documents\\GitHub\\Pet-Joyful-Backend\\backend\\src\\swagger.ts","statementMap":{"0":{"start":{"line":1,"column":0},"end":{"line":1,"column":45}},"1":{"start":{"line":3,"column":12},"end":{"line":82,"column":2}},"2":{"start":{"line":84,"column":19},"end":{"line":84,"column":53}},"3":{"start":{"line":86,"column":23},"end":{"line":91,"column":2}},"4":{"start":{"line":93,"column":0},"end":{"line":93,"column":73}}},"fnMap":{},"branchMap":{},"s":{"0":0,"1":0,"2":0,"3":0,"4":0},"f":{},"b":{}}
,"C:\\Users\\Alunos\\Documents\\GitHub\\Pet-Joyful-Backend\\backend\\src\\config\\db.ts": {"path":"C:\\Users\\Alunos\\Documents\\GitHub\\Pet-Joyful-Backend\\backend\\src\\config\\db.ts","statementMap":{"0":{"start":{"line":1,"column":0},"end":{"line":1,"column":32}},"1":{"start":{"line":3,"column":18},"end":{"line":11,"column":1}},"2":{"start":{"line":4,"column":2},"end":{"line":10,"column":3}},"3":{"start":{"line":5,"column":4},"end":{"line":5,"column":60}},"4":{"start":{"line":6,"column":4},"end":{"line":6,"column":57}},"5":{"start":{"line":8,"column":4},"end":{"line":8,"column":84}},"6":{"start":{"line":9,"column":4},"end":{"line":9,"column":20}},"7":{"start":{"line":13,"column":0},"end":{"line":13,"column":25}}},"fnMap":{"0":{"name":"(anonymous_1)","decl":{"start":{"line":3,"column":18},"end":{"line":3,"column":23}},"loc":{"start":{"line":3,"column":44},"end":{"line":11,"column":1}}}},"branchMap":{},"s":{"0":0,"1":0,"2":0,"3":0,"4":0,"5":0,"6":0,"7":0},"f":{"0":0},"b":{}}
,"C:\\Users\\Alunos\\Documents\\GitHub\\Pet-Joyful-Backend\\backend\\src\\controllers\\authController.ts": {"path":"C:\\Users\\Alunos\\Documents\\GitHub\\Pet-Joyful-Backend\\backend\\src\\controllers\\authController.ts","statementMap":{"0":{"start":{"line":1,"column":0},"end":{"line":1,"column":31}},"1":{"start":{"line":2,"column":0},"end":{"line":2,"column":30}},"2":{"start":{"line":4,"column":0},"end":{"line":4,"column":47}},"3":{"start":{"line":7,"column":24},"end":{"line":52,"column":1}},"4":{"start":{"line":11,"column":2},"end":{"line":51,"column":3}},"5":{"start":{"line":13,"column":18},"end":{"line":13,"column":48}},"6":{"start":{"line":14,"column":18},"end":{"line":14,"column":42}},"7":{"start":{"line":15,"column":19},"end":{"line":15,"column":54}},"8":{"start":{"line":16,"column":18},"end":{"line":16,"column":48}},"9":{"start":{"line":18,"column":4},"end":{"line":21,"column":5}},"10":{"start":{"line":19,"column":6},"end":{"line":19,"column":73}},"11":{"start":{"line":20,"column":6},"end":{"line":20,"column":13}},"12":{"start":{"line":23,"column":15},"end":{"line":23,"column":47}},"13":{"start":{"line":24,"column":4},"end":{"line":27,"column":5}},"14":{"start":{"line":25,"column":6},"end":{"line":25,"column":60}},"15":{"start":{"line":26,"column":6},"end":{"line":26,"column":13}},"16":{"start":{"line":29,"column":4},"end":{"line":29,"column":53}},"17":{"start":{"line":30,"column":4},"end":{"line":30,"column":22}},"18":{"start":{"line":32,"column":18},"end":{"line":35,"column":null}},"19":{"start":{"line":38,"column":4},"end":{"line":47,"column":7}},"20":{"start":{"line":49,"column":4},"end":{"line":49,"column":46}},"21":{"start":{"line":50,"column":4},"end":{"line":50,"column":60}},"22":{"start":{"line":7,"column":13},"end":{"line":7,"column":24}},"23":{"start":{"line":54,"column":21},"end":{"line":106,"column":1}},"24":{"start":{"line":58,"column":2},"end":{"line":105,"column":3}},"25":{"start":{"line":59,"column":18},"end":{"line":59,"column":42}},"26":{"start":{"line":60,"column":19},"end":{"line":60,"column":54}},"27":{"start":{"line":62,"column":4},"end":{"line":65,"column":5}},"28":{"start":{"line":63,"column":6},"end":{"line":63,"column":70}},"29":{"start":{"line":64,"column":6},"end":{"line":64,"column":13}},"30":{"start":{"line":67,"column":4},"end":{"line":67,"column":52}},"31":{"start":{"line":68,"column":17},"end":{"line":68,"column":49}},"32":{"start":{"line":70,"column":4},"end":{"line":74,"column":5}},"33":{"start":{"line":71,"column":6},"end":{"line":71,"column":65}},"34":{"start":{"line":72,"column":6},"end":{"line":72,"column":61}},"35":{"start":{"line":73,"column":6},"end":{"line":73,"column":13}},"36":{"start":{"line":76,"column":4},"end":{"line":76,"column":77}},"37":{"start":{"line":78,"column":25},"end":{"line":78,"column":58}},"38":{"start":{"line":79,"column":4},"end":{"line":79,"column":67}},"39":{"start":{"line":81,"column":4},"end":{"line":85,"column":5}},"40":{"start":{"line":82,"column":6},"end":{"line":82,"column":60}},"41":{"start":{"line":83,"column":6},"end":{"line":83,"column":61}},"42":{"start":{"line":84,"column":6},"end":{"line":84,"column":13}},"43":{"start":{"line":87,"column":18},"end":{"line":90,"column":null}},"44":{"start":{"line":93,"column":4},"end":{"line":101,"column":7}},"45":{"start":{"line":103,"column":4},"end":{"line":103,"column":43}},"46":{"start":{"line":104,"column":4},"end":{"line":104,"column":60}},"47":{"start":{"line":54,"column":13},"end":{"line":54,"column":21}},"48":{"start":{"line":109,"column":26},"end":{"line":131,"column":1}},"49":{"start":{"line":113,"column":2},"end":{"line":130,"column":3}},"50":{"start":{"line":114,"column":19},"end":{"line":114,"column":29}},"51":{"start":{"line":115,"column":4},"end":{"line":118,"column":5}},"52":{"start":{"line":116,"column":6},"end":{"line":116,"column":55}},"53":{"start":{"line":117,"column":6},"end":{"line":117,"column":13}},"54":{"start":{"line":120,"column":17},"end":{"line":120,"column":66}},"55":{"start":{"line":121,"column":4},"end":{"line":124,"column":5}},"56":{"start":{"line":122,"column":6},"end":{"line":122,"column":62}},"57":{"start":{"line":123,"column":6},"end":{"line":123,"column":13}},"58":{"start":{"line":126,"column":4},"end":{"line":126,"column":21}},"59":{"start":{"line":128,"column":4},"end":{"line":128,"column":48}},"60":{"start":{"line":129,"column":4},"end":{"line":129,"column":60}},"61":{"start":{"line":109,"column":13},"end":{"line":109,"column":26}},"62":{"start":{"line":133,"column":29},"end":{"line":179,"column":1}},"63":{"start":{"line":137,"column":2},"end":{"line":178,"column":3}},"64":{"start":{"line":138,"column":19},"end":{"line":138,"column":29}},"65":{"start":{"line":139,"column":4},"end":{"line":142,"column":5}},"66":{"start":{"line":140,"column":6},"end":{"line":140,"column":55}},"67":{"start":{"line":141,"column":6},"end":{"line":141,"column":13}},"68":{"start":{"line":144,"column":39},"end":{"line":144,"column":null}},"69":{"start":{"line":151,"column":47},"end":{"line":151,"column":49}},"70":{"start":{"line":152,"column":4},"end":{"line":152,"column":37}},"71":{"start":{"line":152,"column":14},"end":{"line":152,"column":37}},"72":{"start":{"line":153,"column":4},"end":{"line":153,"column":40}},"73":{"start":{"line":153,"column":15},"end":{"line":153,"column":40}},"74":{"start":{"line":154,"column":4},"end":{"line":154,"column":37}},"75":{"start":{"line":154,"column":14},"end":{"line":154,"column":37}},"76":{"start":{"line":155,"column":4},"end":{"line":155,"column":63}},"77":{"start":{"line":155,"column":15},"end":{"line":155,"column":63}},"78":{"start":{"line":157,"column":4},"end":{"line":163,"column":5}},"79":{"start":{"line":158,"column":21},"end":{"line":158,"column":53}},"80":{"start":{"line":159,"column":6},"end":{"line":162,"column":7}},"81":{"start":{"line":160,"column":8},"end":{"line":160,"column":75}},"82":{"start":{"line":161,"column":8},"end":{"line":161,"column":15}},"83":{"start":{"line":165,"column":17},"end":{"line":167,"column":23}},"84":{"start":{"line":169,"column":4},"end":{"line":172,"column":5}},"85":{"start":{"line":170,"column":6},"end":{"line":170,"column":62}},"86":{"start":{"line":171,"column":6},"end":{"line":171,"column":13}},"87":{"start":{"line":174,"column":4},"end":{"line":174,"column":63}},"88":{"start":{"line":176,"column":4},"end":{"line":176,"column":51}},"89":{"start":{"line":177,"column":4},"end":{"line":177,"column":60}},"90":{"start":{"line":133,"column":13},"end":{"line":133,"column":29}},"91":{"start":{"line":182,"column":29},"end":{"line":204,"column":1}},"92":{"start":{"line":186,"column":2},"end":{"line":203,"column":3}},"93":{"start":{"line":187,"column":19},"end":{"line":187,"column":29}},"94":{"start":{"line":188,"column":4},"end":{"line":191,"column":5}},"95":{"start":{"line":189,"column":6},"end":{"line":189,"column":55}},"96":{"start":{"line":190,"column":6},"end":{"line":190,"column":13}},"97":{"start":{"line":193,"column":17},"end":{"line":193,"column":58}},"98":{"start":{"line":194,"column":4},"end":{"line":197,"column":5}},"99":{"start":{"line":195,"column":6},"end":{"line":195,"column":62}},"100":{"start":{"line":196,"column":6},"end":{"line":196,"column":13}},"101":{"start":{"line":199,"column":4},"end":{"line":199,"column":54}},"102":{"start":{"line":201,"column":4},"end":{"line":201,"column":51}},"103":{"start":{"line":202,"column":4},"end":{"line":202,"column":60}},"104":{"start":{"line":182,"column":13},"end":{"line":182,"column":29}}},"fnMap":{"0":{"name":"(anonymous_1)","decl":{"start":{"line":7,"column":24},"end":{"line":7,"column":29}},"loc":{"start":{"line":10,"column":19},"end":{"line":52,"column":1}}},"1":{"name":"(anonymous_2)","decl":{"start":{"line":54,"column":21},"end":{"line":54,"column":26}},"loc":{"start":{"line":57,"column":19},"end":{"line":106,"column":1}}},"2":{"name":"(anonymous_3)","decl":{"start":{"line":109,"column":26},"end":{"line":109,"column":31}},"loc":{"start":{"line":112,"column":19},"end":{"line":131,"column":1}}},"3":{"name":"(anonymous_4)","decl":{"start":{"line":133,"column":29},"end":{"line":133,"column":34}},"loc":{"start":{"line":136,"column":19},"end":{"line":179,"column":1}}},"4":{"name":"(anonymous_5)","decl":{"start":{"line":182,"column":29},"end":{"line":182,"column":34}},"loc":{"start":{"line":185,"column":19},"end":{"line":204,"column":1}}}},"branchMap":{"0":{"loc":{"start":{"line":13,"column":18},"end":{"line":13,"column":48}},"type":"binary-expr","locations":[{"start":{"line":13,"column":18},"end":{"line":13,"column":31}},{"start":{"line":13,"column":35},"end":{"line":13,"column":48}}]},"1":{"loc":{"start":{"line":15,"column":19},"end":{"line":15,"column":54}},"type":"binary-expr","locations":[{"start":{"line":15,"column":19},"end":{"line":15,"column":33}},{"start":{"line":15,"column":37},"end":{"line":15,"column":54}}]},"2":{"loc":{"start":{"line":16,"column":18},"end":{"line":16,"column":48}},"type":"binary-expr","locations":[{"start":{"line":16,"column":18},"end":{"line":16,"column":31}},{"start":{"line":16,"column":35},"end":{"line":16,"column":48}}]},"3":{"loc":{"start":{"line":18,"column":4},"end":{"line":21,"column":5}},"type":"if","locations":[{"start":{"line":18,"column":4},"end":{"line":21,"column":5}},{"start":{},"end":{}}]},"4":{"loc":{"start":{"line":18,"column":8},"end":{"line":18,"column":42}},"type":"binary-expr","locations":[{"start":{"line":18,"column":8},"end":{"line":18,"column":13}},{"start":{"line":18,"column":17},"end":{"line":18,"column":23}},{"start":{"line":18,"column":27},"end":{"line":18,"column":33}},{"start":{"line":18,"column":37},"end":{"line":18,"column":42}}]},"5":{"loc":{"start":{"line":24,"column":4},"end":{"line":27,"column":5}},"type":"if","locations":[{"start":{"line":24,"column":4},"end":{"line":27,"column":5}},{"start":{},"end":{}}]},"6":{"loc":{"start":{"line":60,"column":19},"end":{"line":60,"column":54}},"type":"binary-expr","locations":[{"start":{"line":60,"column":19},"end":{"line":60,"column":33}},{"start":{"line":60,"column":37},"end":{"line":60,"column":54}}]},"7":{"loc":{"start":{"line":62,"column":4},"end":{"line":65,"column":5}},"type":"if","locations":[{"start":{"line":62,"column":4},"end":{"line":65,"column":5}},{"start":{},"end":{}}]},"8":{"loc":{"start":{"line":62,"column":8},"end":{"line":62,"column":24}},"type":"binary-expr","locations":[{"start":{"line":62,"column":8},"end":{"line":62,"column":14}},{"start":{"line":62,"column":18},"end":{"line":62,"column":24}}]},"9":{"loc":{"start":{"line":70,"column":4},"end":{"line":74,"column":5}},"type":"if","locations":[{"start":{"line":70,"column":4},"end":{"line":74,"column":5}},{"start":{},"end":{}}]},"10":{"loc":{"start":{"line":81,"column":4},"end":{"line":85,"column":5}},"type":"if","locations":[{"start":{"line":81,"column":4},"end":{"line":85,"column":5}},{"start":{},"end":{}}]},"11":{"loc":{"start":{"line":115,"column":4},"end":{"line":118,"column":5}},"type":"if","locations":[{"start":{"line":115,"column":4},"end":{"line":118,"column":5}},{"start":{},"end":{}}]},"12":{"loc":{"start":{"line":121,"column":4},"end":{"line":124,"column":5}},"type":"if","locations":[{"start":{"line":121,"column":4},"end":{"line":124,"column":5}},{"start":{},"end":{}}]},"13":{"loc":{"start":{"line":139,"column":4},"end":{"line":142,"column":5}},"type":"if","locations":[{"start":{"line":139,"column":4},"end":{"line":142,"column":5}},{"start":{},"end":{}}]},"14":{"loc":{"start":{"line":152,"column":4},"end":{"line":152,"column":37}},"type":"if","locations":[{"start":{"line":152,"column":4},"end":{"line":152,"column":37}},{"start":{},"end":{}}]},"15":{"loc":{"start":{"line":153,"column":4},"end":{"line":153,"column":40}},"type":"if","locations":[{"start":{"line":153,"column":4},"end":{"line":153,"column":40}},{"start":{},"end":{}}]},"16":{"loc":{"start":{"line":154,"column":4},"end":{"line":154,"column":37}},"type":"if","locations":[{"start":{"line":154,"column":4},"end":{"line":154,"column":37}},{"start":{},"end":{}}]},"17":{"loc":{"start":{"line":155,"column":4},"end":{"line":155,"column":63}},"type":"if","locations":[{"start":{"line":155,"column":4},"end":{"line":155,"column":63}},{"start":{},"end":{}}]},"18":{"loc":{"start":{"line":157,"column":4},"end":{"line":163,"column":5}},"type":"if","locations":[{"start":{"line":157,"column":4},"end":{"line":163,"column":5}},{"start":{},"end":{}}]},"19":{"loc":{"start":{"line":159,"column":6},"end":{"line":162,"column":7}},"type":"if","locations":[{"start":{"line":159,"column":6},"end":{"line":162,"column":7}},{"start":{},"end":{}}]},"20":{"loc":{"start":{"line":159,"column":10},"end":{"line":159,"column":58}},"type":"binary-expr","locations":[{"start":{"line":159,"column":10},"end":{"line":159,"column":15}},{"start":{"line":159,"column":19},"end":{"line":159,"column":58}}]},"21":{"loc":{"start":{"line":169,"column":4},"end":{"line":172,"column":5}},"type":"if","locations":[{"start":{"line":169,"column":4},"end":{"line":172,"column":5}},{"start":{},"end":{}}]},"22":{"loc":{"start":{"line":188,"column":4},"end":{"line":191,"column":5}},"type":"if","locations":[{"start":{"line":188,"column":4},"end":{"line":191,"column":5}},{"start":{},"end":{}}]},"23":{"loc":{"start":{"line":194,"column":4},"end":{"line":197,"column":5}},"type":"if","locations":[{"start":{"line":194,"column":4},"end":{"line":197,"column":5}},{"start":{},"end":{}}]}},"s":{"0":0,"1":0,"2":0,"3":0,"4":0,"5":0,"6":0,"7":0,"8":0,"9":0,"10":0,"11":0,"12":0,"13":0,"14":0,"15":0,"16":0,"17":0,"18":0,"19":0,"20":0,"21":0,"22":0,"23":0,"24":0,"25":0,"26":0,"27":0,"28":0,"29":0,"30":0,"31":0,"32":0,"33":0,"34":0,"35":0,"36":0,"37":0,"38":0,"39":0,"40":0,"41":0,"42":0,"43":0,"44":0,"45":0,"46":0,"47":0,"48":0,"49":0,"50":0,"51":0,"52":0,"53":0,"54":0,"55":0,"56":0,"57":0,"58":0,"59":0,"60":0,"61":0,"62":0,"63":0,"64":0,"65":0,"66":0,"67":0,"68":0,"69":0,"70":0,"71":0,"72":0,"73":0,"74":0,"75":0,"76":0,"77":0,"78":0,"79":0,"80":0,"81":0,"82":0,"83":0,"84":0,"85":0,"86":0,"87":0,"88":0,"89":0,"90":0,"91":0,"92":0,"93":0,"94":0,"95":0,"96":0,"97":0,"98":0,"99":0,"100":0,"101":0,"102":0,"103":0,"104":0},"f":{"0":0,"1":0,"2":0,"3":0,"4":0},"b":{"0":[0,0],"1":[0,0],"2":[0,0],"3":[0,0],"4":[0,0,0,0],"5":[0,0],"6":[0,0],"7":[0,0],"8":[0,0],"9":[0,0],"10":[0,0],"11":[0,0],"12":[0,0],"13":[0,0],"14":[0,0],"15":[0,0],"16":[0,0],"17":[0,0],"18":[0,0],"19":[0,0],"20":[0,0],"21":[0,0],"22":[0,0],"23":[0,0]}}
,"C:\\Users\\Alunos\\Documents\\GitHub\\Pet-Joyful-Backend\\backend\\src\\controllers\\messagesController.ts": {"path":"C:\\Users\\Alunos\\Documents\\GitHub\\Pet-Joyful-Backend\\backend\\src\\controllers\\messagesController.ts","statementMap":{"0":{"start":{"line":2,"column":0},"end":{"line":2,"column":56}},"1":{"start":{"line":3,"column":0},"end":{"line":3,"column":64}},"2":{"start":{"line":7,"column":33},"end":{"line":30,"column":1}},"3":{"start":{"line":11,"column":2},"end":{"line":29,"column":3}},"4":{"start":{"line":12,"column":44},"end":{"line":12,"column":null}},"5":{"start":{"line":19,"column":4},"end":{"line":22,"column":5}},"6":{"start":{"line":20,"column":6},"end":{"line":20,"column":73}},"7":{"start":{"line":21,"column":6},"end":{"line":21,"column":13}},"8":{"start":{"line":24,"column":16},"end":{"line":24,"column":64}},"9":{"start":{"line":25,"column":4},"end":{"line":25,"column":21}},"10":{"start":{"line":26,"column":4},"end":{"line":26,"column":77}},"11":{"start":{"line":28,"column":4},"end":{"line":28,"column":60}},"12":{"start":{"line":7,"column":13},"end":{"line":7,"column":33}},"13":{"start":{"line":33,"column":31},"end":{"line":43,"column":1}},"14":{"start":{"line":37,"column":2},"end":{"line":42,"column":3}},"15":{"start":{"line":38,"column":21},"end":{"line":38,"column":67}},"16":{"start":{"line":39,"column":4},"end":{"line":39,"column":23}},"17":{"start":{"line":41,"column":4},"end":{"line":41,"column":60}},"18":{"start":{"line":33,"column":13},"end":{"line":33,"column":31}},"19":{"start":{"line":46,"column":30},"end":{"line":72,"column":1}},"20":{"start":{"line":50,"column":2},"end":{"line":71,"column":3}},"21":{"start":{"line":51,"column":55},"end":{"line":51,"column":null}},"22":{"start":{"line":59,"column":4},"end":{"line":62,"column":5}},"23":{"start":{"line":60,"column":6},"end":{"line":60,"column":74}},"24":{"start":{"line":61,"column":6},"end":{"line":61,"column":13}},"25":{"start":{"line":64,"column":16},"end":{"line":64,"column":79}},"26":{"start":{"line":65,"column":4},"end":{"line":65,"column":21}},"27":{"start":{"line":66,"column":4},"end":{"line":68,"column":69}},"28":{"start":{"line":70,"column":4},"end":{"line":70,"column":60}},"29":{"start":{"line":46,"column":13},"end":{"line":46,"column":30}},"30":{"start":{"line":75,"column":28},"end":{"line":85,"column":1}},"31":{"start":{"line":79,"column":2},"end":{"line":84,"column":3}},"32":{"start":{"line":80,"column":18},"end":{"line":80,"column":68}},"33":{"start":{"line":81,"column":4},"end":{"line":81,"column":20}},"34":{"start":{"line":83,"column":4},"end":{"line":83,"column":60}},"35":{"start":{"line":75,"column":13},"end":{"line":75,"column":28}},"36":{"start":{"line":88,"column":33},"end":{"line":121,"column":1}},"37":{"start":{"line":92,"column":2},"end":{"line":120,"column":3}},"38":{"start":{"line":93,"column":4},"end":{"line":96,"column":5}},"39":{"start":{"line":94,"column":6},"end":{"line":94,"column":54}},"40":{"start":{"line":95,"column":6},"end":{"line":95,"column":13}},"41":{"start":{"line":98,"column":17},"end":{"line":98,"column":27}},"42":{"start":{"line":99,"column":44},"end":{"line":99,"column":null}},"43":{"start":{"line":106,"column":20},"end":{"line":109,"column":null}},"44":{"start":{"line":112,"column":4},"end":{"line":115,"column":5}},"45":{"start":{"line":113,"column":6},"end":{"line":113,"column":63}},"46":{"start":{"line":114,"column":6},"end":{"line":114,"column":13}},"47":{"start":{"line":117,"column":4},"end":{"line":117,"column":62}},"48":{"start":{"line":119,"column":4},"end":{"line":119,"column":60}},"49":{"start":{"line":88,"column":13},"end":{"line":88,"column":33}},"50":{"start":{"line":124,"column":33},"end":{"line":144,"column":1}},"51":{"start":{"line":128,"column":2},"end":{"line":143,"column":3}},"52":{"start":{"line":129,"column":4},"end":{"line":132,"column":5}},"53":{"start":{"line":130,"column":6},"end":{"line":130,"column":54}},"54":{"start":{"line":131,"column":6},"end":{"line":131,"column":13}},"55":{"start":{"line":134,"column":20},"end":{"line":134,"column":70}},"56":{"start":{"line":135,"column":4},"end":{"line":138,"column":5}},"57":{"start":{"line":136,"column":6},"end":{"line":136,"column":63}},"58":{"start":{"line":137,"column":6},"end":{"line":137,"column":13}},"59":{"start":{"line":140,"column":4},"end":{"line":140,"column":45}},"60":{"start":{"line":142,"column":4},"end":{"line":142,"column":60}},"61":{"start":{"line":124,"column":13},"end":{"line":124,"column":33}},"62":{"start":{"line":147,"column":30},"end":{"line":181,"column":1}},"63":{"start":{"line":151,"column":2},"end":{"line":180,"column":3}},"64":{"start":{"line":152,"column":4},"end":{"line":155,"column":5}},"65":{"start":{"line":153,"column":6},"end":{"line":153,"column":54}},"66":{"start":{"line":154,"column":6},"end":{"line":154,"column":13}},"67":{"start":{"line":157,"column":17},"end":{"line":157,"column":27}},"68":{"start":{"line":158,"column":55},"end":{"line":158,"column":null}},"69":{"start":{"line":166,"column":20},"end":{"line":169,"column":null}},"70":{"start":{"line":172,"column":4},"end":{"line":175,"column":5}},"71":{"start":{"line":173,"column":6},"end":{"line":173,"column":63}},"72":{"start":{"line":174,"column":6},"end":{"line":174,"column":13}},"73":{"start":{"line":177,"column":4},"end":{"line":177,"column":62}},"74":{"start":{"line":179,"column":4},"end":{"line":179,"column":60}},"75":{"start":{"line":147,"column":13},"end":{"line":147,"column":30}},"76":{"start":{"line":184,"column":30},"end":{"line":204,"column":1}},"77":{"start":{"line":188,"column":2},"end":{"line":203,"column":3}},"78":{"start":{"line":189,"column":4},"end":{"line":192,"column":5}},"79":{"start":{"line":190,"column":6},"end":{"line":190,"column":54}},"80":{"start":{"line":191,"column":6},"end":{"line":191,"column":13}},"81":{"start":{"line":194,"column":20},"end":{"line":194,"column":74}},"82":{"start":{"line":195,"column":4},"end":{"line":198,"column":5}},"83":{"start":{"line":196,"column":6},"end":{"line":196,"column":63}},"84":{"start":{"line":197,"column":6},"end":{"line":197,"column":13}},"85":{"start":{"line":200,"column":4},"end":{"line":200,"column":45}},"86":{"start":{"line":202,"column":4},"end":{"line":202,"column":60}},"87":{"start":{"line":184,"column":13},"end":{"line":184,"column":30}}},"fnMap":{"0":{"name":"(anonymous_1)","decl":{"start":{"line":7,"column":33},"end":{"line":7,"column":38}},"loc":{"start":{"line":10,"column":19},"end":{"line":30,"column":1}}},"1":{"name":"(anonymous_2)","decl":{"start":{"line":33,"column":31},"end":{"line":33,"column":36}},"loc":{"start":{"line":36,"column":19},"end":{"line":43,"column":1}}},"2":{"name":"(anonymous_3)","decl":{"start":{"line":46,"column":30},"end":{"line":46,"column":35}},"loc":{"start":{"line":49,"column":19},"end":{"line":72,"column":1}}},"3":{"name":"(anonymous_4)","decl":{"start":{"line":75,"column":28},"end":{"line":75,"column":33}},"loc":{"start":{"line":78,"column":19},"end":{"line":85,"column":1}}},"4":{"name":"(anonymous_5)","decl":{"start":{"line":88,"column":33},"end":{"line":88,"column":38}},"loc":{"start":{"line":91,"column":19},"end":{"line":121,"column":1}}},"5":{"name":"(anonymous_6)","decl":{"start":{"line":124,"column":33},"end":{"line":124,"column":38}},"loc":{"start":{"line":127,"column":19},"end":{"line":144,"column":1}}},"6":{"name":"(anonymous_7)","decl":{"start":{"line":147,"column":30},"end":{"line":147,"column":35}},"loc":{"start":{"line":150,"column":19},"end":{"line":181,"column":1}}},"7":{"name":"(anonymous_8)","decl":{"start":{"line":184,"column":30},"end":{"line":184,"column":35}},"loc":{"start":{"line":187,"column":19},"end":{"line":204,"column":1}}}},"branchMap":{"0":{"loc":{"start":{"line":19,"column":4},"end":{"line":22,"column":5}},"type":"if","locations":[{"start":{"line":19,"column":4},"end":{"line":22,"column":5}},{"start":{},"end":{}}]},"1":{"loc":{"start":{"line":19,"column":8},"end":{"line":19,"column":27}},"type":"binary-expr","locations":[{"start":{"line":19,"column":8},"end":{"line":19,"column":14}},{"start":{"line":19,"column":18},"end":{"line":19,"column":27}}]},"2":{"loc":{"start":{"line":59,"column":4},"end":{"line":62,"column":5}},"type":"if","locations":[{"start":{"line":59,"column":4},"end":{"line":62,"column":5}},{"start":{},"end":{}}]},"3":{"loc":{"start":{"line":59,"column":8},"end":{"line":59,"column":28}},"type":"binary-expr","locations":[{"start":{"line":59,"column":8},"end":{"line":59,"column":14}},{"start":{"line":59,"column":18},"end":{"line":59,"column":28}}]},"4":{"loc":{"start":{"line":93,"column":4},"end":{"line":96,"column":5}},"type":"if","locations":[{"start":{"line":93,"column":4},"end":{"line":96,"column":5}},{"start":{},"end":{}}]},"5":{"loc":{"start":{"line":93,"column":8},"end":{"line":93,"column":54}},"type":"binary-expr","locations":[{"start":{"line":93,"column":8},"end":{"line":93,"column":26}},{"start":{"line":93,"column":30},"end":{"line":93,"column":54}}]},"6":{"loc":{"start":{"line":112,"column":4},"end":{"line":115,"column":5}},"type":"if","locations":[{"start":{"line":112,"column":4},"end":{"line":115,"column":5}},{"start":{},"end":{}}]},"7":{"loc":{"start":{"line":129,"column":4},"end":{"line":132,"column":5}},"type":"if","locations":[{"start":{"line":129,"column":4},"end":{"line":132,"column":5}},{"start":{},"end":{}}]},"8":{"loc":{"start":{"line":129,"column":8},"end":{"line":129,"column":54}},"type":"binary-expr","locations":[{"start":{"line":129,"column":8},"end":{"line":129,"column":26}},{"start":{"line":129,"column":30},"end":{"line":129,"column":54}}]},"9":{"loc":{"start":{"line":135,"column":4},"end":{"line":138,"column":5}},"type":"if","locations":[{"start":{"line":135,"column":4},"end":{"line":138,"column":5}},{"start":{},"end":{}}]},"10":{"loc":{"start":{"line":152,"column":4},"end":{"line":155,"column":5}},"type":"if","locations":[{"start":{"line":152,"column":4},"end":{"line":155,"column":5}},{"start":{},"end":{}}]},"11":{"loc":{"start":{"line":152,"column":8},"end":{"line":152,"column":54}},"type":"binary-expr","locations":[{"start":{"line":152,"column":8},"end":{"line":152,"column":26}},{"start":{"line":152,"column":30},"end":{"line":152,"column":54}}]},"12":{"loc":{"start":{"line":172,"column":4},"end":{"line":175,"column":5}},"type":"if","locations":[{"start":{"line":172,"column":4},"end":{"line":175,"column":5}},{"start":{},"end":{}}]},"13":{"loc":{"start":{"line":189,"column":4},"end":{"line":192,"column":5}},"type":"if","locations":[{"start":{"line":189,"column":4},"end":{"line":192,"column":5}},{"start":{},"end":{}}]},"14":{"loc":{"start":{"line":189,"column":8},"end":{"line":189,"column":54}},"type":"binary-expr","locations":[{"start":{"line":189,"column":8},"end":{"line":189,"column":26}},{"start":{"line":189,"column":30},"end":{"line":189,"column":54}}]},"15":{"loc":{"start":{"line":195,"column":4},"end":{"line":198,"column":5}},"type":"if","locations":[{"start":{"line":195,"column":4},"end":{"line":198,"column":5}},{"start":{},"end":{}}]}},"s":{"0":1,"1":1,"2":1,"3":2,"4":2,"5":2,"6":2,"7":2,"8":0,"9":0,"10":0,"11":0,"12":1,"13":1,"14":0,"15":0,"16":0,"17":0,"18":1,"19":1,"20":2,"21":2,"22":2,"23":2,"24":2,"25":0,"26":0,"27":0,"28":0,"29":1,"30":1,"31":0,"32":0,"33":0,"34":0,"35":1,"36":1,"37":0,"38":0,"39":0,"40":0,"41":0,"42":0,"43":0,"44":0,"45":0,"46":0,"47":0,"48":0,"49":1,"50":1,"51":0,"52":0,"53":0,"54":0,"55":0,"56":0,"57":0,"58":0,"59":0,"60":0,"61":1,"62":1,"63":0,"64":0,"65":0,"66":0,"67":0,"68":0,"69":0,"70":0,"71":0,"72":0,"73":0,"74":0,"75":1,"76":1,"77":0,"78":0,"79":0,"80":0,"81":0,"82":0,"83":0,"84":0,"85":0,"86":0,"87":1},"f":{"0":2,"1":0,"2":2,"3":0,"4":0,"5":0,"6":0,"7":0},"b":{"0":[2,0],"1":[2,1],"2":[2,0],"3":[2,1],"4":[0,0],"5":[0,0],"6":[0,0],"7":[0,0],"8":[0,0],"9":[0,0],"10":[0,0],"11":[0,0],"12":[0,0],"13":[0,0],"14":[0,0],"15":[0,0]}}
,"C:\\Users\\Alunos\\Documents\\GitHub\\Pet-Joyful-Backend\\backend\\src\\controllers\\userController.ts": {"path":"C:\\Users\\Alunos\\Documents\\GitHub\\Pet-Joyful-Backend\\backend\\src\\controllers\\userController.ts","statementMap":{"0":{"start":{"line":1,"column":0},"end":{"line":1,"column":31}},"1":{"start":{"line":2,"column":0},"end":{"line":2,"column":30}},"2":{"start":{"line":4,"column":0},"end":{"line":4,"column":42}},"3":{"start":{"line":8,"column":26},"end":{"line":71,"column":1}},"4":{"start":{"line":12,"column":2},"end":{"line":70,"column":3}},"5":{"start":{"line":13,"column":39},"end":{"line":13,"column":null}},"6":{"start":{"line":20,"column":4},"end":{"line":23,"column":5}},"7":{"start":{"line":21,"column":6},"end":{"line":21,"column":73}},"8":{"start":{"line":22,"column":6},"end":{"line":22,"column":13}},"9":{"start":{"line":25,"column":25},"end":{"line":25,"column":52}},"10":{"start":{"line":26,"column":4},"end":{"line":29,"column":5}},"11":{"start":{"line":27,"column":6},"end":{"line":27,"column":60}},"12":{"start":{"line":28,"column":6},"end":{"line":28,"column":13}},"13":{"start":{"line":31,"column":27},"end":{"line":31,"column":55}},"14":{"start":{"line":33,"column":4},"end":{"line":62,"column":5}},"15":{"start":{"line":35,"column":9},"end":{"line":36,"column":42}},"16":{"start":{"line":37,"column":19},"end":{"line":37,"column":57}},"17":{"start":{"line":38,"column":20},"end":{"line":38,"column":25}},"18":{"start":{"line":40,"column":6},"end":{"line":40,"column":73}},"19":{"start":{"line":40,"column":58},"end":{"line":40,"column":73}},"20":{"start":{"line":42,"column":6},"end":{"line":54,"column":7}},"21":{"start":{"line":43,"column":22},"end":{"line":43,"column":40}},"22":{"start":{"line":44,"column":8},"end":{"line":53,"column":9}},"23":{"start":{"line":45,"column":26},"end":{"line":47,"column":null}},"24":{"start":{"line":49,"column":10},"end":{"line":50,"column":27}},"25":{"start":{"line":50,"column":12},"end":{"line":50,"column":27}},"26":{"start":{"line":56,"column":6},"end":{"line":61,"column":7}},"27":{"start":{"line":57,"column":8},"end":{"line":59,"column":11}},"28":{"start":{"line":60,"column":8},"end":{"line":60,"column":15}},"29":{"start":{"line":64,"column":17},"end":{"line":64,"column":69}},"30":{"start":{"line":65,"column":4},"end":{"line":65,"column":22}},"31":{"start":{"line":67,"column":4},"end":{"line":67,"column":73}},"32":{"start":{"line":69,"column":4},"end":{"line":69,"column":60}},"33":{"start":{"line":8,"column":13},"end":{"line":8,"column":26}},"34":{"start":{"line":74,"column":24},"end":{"line":84,"column":1}},"35":{"start":{"line":78,"column":2},"end":{"line":83,"column":3}},"36":{"start":{"line":79,"column":18},"end":{"line":79,"column":35}},"37":{"start":{"line":80,"column":4},"end":{"line":80,"column":20}},"38":{"start":{"line":82,"column":4},"end":{"line":82,"column":60}},"39":{"start":{"line":74,"column":13},"end":{"line":74,"column":24}},"40":{"start":{"line":87,"column":27},"end":{"line":101,"column":1}},"41":{"start":{"line":91,"column":2},"end":{"line":100,"column":3}},"42":{"start":{"line":92,"column":17},"end":{"line":92,"column":51}},"43":{"start":{"line":93,"column":4},"end":{"line":96,"column":5}},"44":{"start":{"line":94,"column":6},"end":{"line":94,"column":63}},"45":{"start":{"line":95,"column":6},"end":{"line":95,"column":13}},"46":{"start":{"line":97,"column":4},"end":{"line":97,"column":19}},"47":{"start":{"line":99,"column":4},"end":{"line":99,"column":60}},"48":{"start":{"line":87,"column":13},"end":{"line":87,"column":27}},"49":{"start":{"line":104,"column":26},"end":{"line":150,"column":1}},"50":{"start":{"line":108,"column":2},"end":{"line":149,"column":3}},"51":{"start":{"line":109,"column":39},"end":{"line":109,"column":null}},"52":{"start":{"line":116,"column":47},"end":{"line":116,"column":49}},"53":{"start":{"line":117,"column":4},"end":{"line":117,"column":37}},"54":{"start":{"line":117,"column":14},"end":{"line":117,"column":37}},"55":{"start":{"line":118,"column":4},"end":{"line":118,"column":40}},"56":{"start":{"line":118,"column":15},"end":{"line":118,"column":40}},"57":{"start":{"line":119,"column":4},"end":{"line":119,"column":37}},"58":{"start":{"line":119,"column":14},"end":{"line":119,"column":37}},"59":{"start":{"line":120,"column":4},"end":{"line":120,"column":63}},"60":{"start":{"line":120,"column":15},"end":{"line":120,"column":63}},"61":{"start":{"line":122,"column":24},"end":{"line":122,"column":34}},"62":{"start":{"line":123,"column":21},"end":{"line":123,"column":38}},"63":{"start":{"line":124,"column":20},"end":{"line":124,"column":44}},"64":{"start":{"line":126,"column":4},"end":{"line":135,"column":5}},"65":{"start":{"line":131,"column":6},"end":{"line":133,"column":67}},"66":{"start":{"line":134,"column":6},"end":{"line":134,"column":13}},"67":{"start":{"line":137,"column":17},"end":{"line":139,"column":6}},"68":{"start":{"line":141,"column":4},"end":{"line":144,"column":5}},"69":{"start":{"line":142,"column":6},"end":{"line":142,"column":63}},"70":{"start":{"line":143,"column":6},"end":{"line":143,"column":13}},"71":{"start":{"line":146,"column":4},"end":{"line":146,"column":65}},"72":{"start":{"line":148,"column":4},"end":{"line":148,"column":60}},"73":{"start":{"line":104,"column":13},"end":{"line":104,"column":26}},"74":{"start":{"line":153,"column":26},"end":{"line":181,"column":1}},"75":{"start":{"line":157,"column":2},"end":{"line":180,"column":3}},"76":{"start":{"line":158,"column":24},"end":{"line":158,"column":34}},"77":{"start":{"line":159,"column":21},"end":{"line":159,"column":38}},"78":{"start":{"line":160,"column":20},"end":{"line":160,"column":44}},"79":{"start":{"line":162,"column":4},"end":{"line":169,"column":5}},"80":{"start":{"line":167,"column":6},"end":{"line":167,"column":78}},"81":{"start":{"line":168,"column":6},"end":{"line":168,"column":13}},"82":{"start":{"line":171,"column":17},"end":{"line":171,"column":60}},"83":{"start":{"line":172,"column":4},"end":{"line":175,"column":5}},"84":{"start":{"line":173,"column":6},"end":{"line":173,"column":63}},"85":{"start":{"line":174,"column":6},"end":{"line":174,"column":13}},"86":{"start":{"line":177,"column":4},"end":{"line":177,"column":57}},"87":{"start":{"line":179,"column":4},"end":{"line":179,"column":60}},"88":{"start":{"line":153,"column":13},"end":{"line":153,"column":26}}},"fnMap":{"0":{"name":"(anonymous_1)","decl":{"start":{"line":8,"column":26},"end":{"line":8,"column":31}},"loc":{"start":{"line":11,"column":19},"end":{"line":71,"column":1}}},"1":{"name":"(anonymous_2)","decl":{"start":{"line":74,"column":24},"end":{"line":74,"column":29}},"loc":{"start":{"line":77,"column":19},"end":{"line":84,"column":1}}},"2":{"name":"(anonymous_3)","decl":{"start":{"line":87,"column":27},"end":{"line":87,"column":32}},"loc":{"start":{"line":90,"column":19},"end":{"line":101,"column":1}}},"3":{"name":"(anonymous_4)","decl":{"start":{"line":104,"column":26},"end":{"line":104,"column":31}},"loc":{"start":{"line":107,"column":19},"end":{"line":150,"column":1}}},"4":{"name":"(anonymous_5)","decl":{"start":{"line":153,"column":26},"end":{"line":153,"column":31}},"loc":{"start":{"line":156,"column":19},"end":{"line":181,"column":1}}}},"branchMap":{"0":{"loc":{"start":{"line":20,"column":4},"end":{"line":23,"column":5}},"type":"if","locations":[{"start":{"line":20,"column":4},"end":{"line":23,"column":5}},{"start":{},"end":{}}]},"1":{"loc":{"start":{"line":20,"column":8},"end":{"line":20,"column":42}},"type":"binary-expr","locations":[{"start":{"line":20,"column":8},"end":{"line":20,"column":13}},{"start":{"line":20,"column":17},"end":{"line":20,"column":23}},{"start":{"line":20,"column":27},"end":{"line":20,"column":33}},{"start":{"line":20,"column":37},"end":{"line":20,"column":42}}]},"2":{"loc":{"start":{"line":26,"column":4},"end":{"line":29,"column":5}},"type":"if","locations":[{"start":{"line":26,"column":4},"end":{"line":29,"column":5}},{"start":{},"end":{}}]},"3":{"loc":{"start":{"line":33,"column":4},"end":{"line":62,"column":5}},"type":"if","locations":[{"start":{"line":33,"column":4},"end":{"line":62,"column":5}},{"start":{},"end":{}}]},"4":{"loc":{"start":{"line":35,"column":9},"end":{"line":36,"column":42}},"type":"binary-expr","locations":[{"start":{"line":35,"column":9},"end":{"line":35,"column":46}},{"start":{"line":36,"column":9},"end":{"line":36,"column":42}}]},"5":{"loc":{"start":{"line":40,"column":6},"end":{"line":40,"column":73}},"type":"if","locations":[{"start":{"line":40,"column":6},"end":{"line":40,"column":73}},{"start":{},"end":{}}]},"6":{"loc":{"start":{"line":40,"column":10},"end":{"line":40,"column":56}},"type":"binary-expr","locations":[{"start":{"line":40,"column":10},"end":{"line":40,"column":18}},{"start":{"line":40,"column":22},"end":{"line":40,"column":56}}]},"7":{"loc":{"start":{"line":42,"column":6},"end":{"line":54,"column":7}},"type":"if","locations":[{"start":{"line":42,"column":6},"end":{"line":54,"column":7}},{"start":{},"end":{}}]},"8":{"loc":{"start":{"line":42,"column":10},"end":{"line":42,"column":56}},"type":"binary-expr","locations":[{"start":{"line":42,"column":10},"end":{"line":42,"column":18}},{"start":{"line":42,"column":22},"end":{"line":42,"column":26}},{"start":{"line":42,"column":30},"end":{"line":42,"column":56}}]},"9":{"loc":{"start":{"line":49,"column":10},"end":{"line":50,"column":27}},"type":"if","locations":[{"start":{"line":49,"column":10},"end":{"line":50,"column":27}},{"start":{},"end":{}}]},"10":{"loc":{"start":{"line":49,"column":14},"end":{"line":49,"column":79}},"type":"binary-expr","locations":[{"start":{"line":49,"column":14},"end":{"line":49,"column":21}},{"start":{"line":49,"column":26},"end":{"line":49,"column":50}},{"start":{"line":49,"column":54},"end":{"line":49,"column":78}}]},"11":{"loc":{"start":{"line":56,"column":6},"end":{"line":61,"column":7}},"type":"if","locations":[{"start":{"line":56,"column":6},"end":{"line":61,"column":7}},{"start":{},"end":{}}]},"12":{"loc":{"start":{"line":93,"column":4},"end":{"line":96,"column":5}},"type":"if","locations":[{"start":{"line":93,"column":4},"end":{"line":96,"column":5}},{"start":{},"end":{}}]},"13":{"loc":{"start":{"line":117,"column":4},"end":{"line":117,"column":37}},"type":"if","locations":[{"start":{"line":117,"column":4},"end":{"line":117,"column":37}},{"start":{},"end":{}}]},"14":{"loc":{"start":{"line":118,"column":4},"end":{"line":118,"column":40}},"type":"if","locations":[{"start":{"line":118,"column":4},"end":{"line":118,"column":40}},{"start":{},"end":{}}]},"15":{"loc":{"start":{"line":119,"column":4},"end":{"line":119,"column":37}},"type":"if","locations":[{"start":{"line":119,"column":4},"end":{"line":119,"column":37}},{"start":{},"end":{}}]},"16":{"loc":{"start":{"line":120,"column":4},"end":{"line":120,"column":63}},"type":"if","locations":[{"start":{"line":120,"column":4},"end":{"line":120,"column":63}},{"start":{},"end":{}}]},"17":{"loc":{"start":{"line":126,"column":4},"end":{"line":135,"column":5}},"type":"if","locations":[{"start":{"line":126,"column":4},"end":{"line":135,"column":5}},{"start":{},"end":{}}]},"18":{"loc":{"start":{"line":127,"column":6},"end":{"line":129,"column":64}},"type":"binary-expr","locations":[{"start":{"line":127,"column":6},"end":{"line":127,"column":15}},{"start":{"line":128,"column":6},"end":{"line":128,"column":14}},{"start":{"line":129,"column":7},"end":{"line":129,"column":19}},{"start":{"line":129,"column":23},"end":{"line":129,"column":63}}]},"19":{"loc":{"start":{"line":141,"column":4},"end":{"line":144,"column":5}},"type":"if","locations":[{"start":{"line":141,"column":4},"end":{"line":144,"column":5}},{"start":{},"end":{}}]},"20":{"loc":{"start":{"line":162,"column":4},"end":{"line":169,"column":5}},"type":"if","locations":[{"start":{"line":162,"column":4},"end":{"line":169,"column":5}},{"start":{},"end":{}}]},"21":{"loc":{"start":{"line":163,"column":6},"end":{"line":165,"column":64}},"type":"binary-expr","locations":[{"start":{"line":163,"column":6},"end":{"line":163,"column":15}},{"start":{"line":164,"column":6},"end":{"line":164,"column":14}},{"start":{"line":165,"column":7},"end":{"line":165,"column":19}},{"start":{"line":165,"column":23},"end":{"line":165,"column":63}}]},"22":{"loc":{"start":{"line":172,"column":4},"end":{"line":175,"column":5}},"type":"if","locations":[{"start":{"line":172,"column":4},"end":{"line":175,"column":5}},{"start":{},"end":{}}]}},"s":{"0":0,"1":0,"2":0,"3":0,"4":0,"5":0,"6":0,"7":0,"8":0,"9":0,"10":0,"11":0,"12":0,"13":0,"14":0,"15":0,"16":0,"17":0,"18":0,"19":0,"20":0,"21":0,"22":0,"23":0,"24":0,"25":0,"26":0,"27":0,"28":0,"29":0,"30":0,"31":0,"32":0,"33":0,"34":0,"35":0,"36":0,"37":0,"38":0,"39":0,"40":0,"41":0,"42":0,"43":0,"44":0,"45":0,"46":0,"47":0,"48":0,"49":0,"50":0,"51":0,"52":0,"53":0,"54":0,"55":0,"56":0,"57":0,"58":0,"59":0,"60":0,"61":0,"62":0,"63":0,"64":0,"65":0,"66":0,"67":0,"68":0,"69":0,"70":0,"71":0,"72":0,"73":0,"74":0,"75":0,"76":0,"77":0,"78":0,"79":0,"80":0,"81":0,"82":0,"83":0,"84":0,"85":0,"86":0,"87":0,"88":0},"f":{"0":0,"1":0,"2":0,"3":0,"4":0},"b":{"0":[0,0],"1":[0,0,0,0],"2":[0,0],"3":[0,0],"4":[0,0],"5":[0,0],"6":[0,0],"7":[0,0],"8":[0,0,0],"9":[0,0],"10":[0,0,0],"11":[0,0],"12":[0,0],"13":[0,0],"14":[0,0],"15":[0,0],"16":[0,0],"17":[0,0],"18":[0,0,0,0],"19":[0,0],"20":[0,0],"21":[0,0,0,0],"22":[0,0]}}
,"C:\\Users\\Alunos\\Documents\\GitHub\\Pet-Joyful-Backend\\backend\\src\\database\\connection.ts": {"path":"C:\\Users\\Alunos\\Documents\\GitHub\\Pet-Joyful-Backend\\backend\\src\\database\\connection.ts","statementMap":{"0":{"start":{"line":1,"column":0},"end":{"line":1,"column":32}},"1":{"start":{"line":3,"column":18},"end":{"line":20,"column":1}},"2":{"start":{"line":4,"column":2},"end":{"line":19,"column":3}},"3":{"start":{"line":6,"column":6},"end":{"line":7,"column":95}},"4":{"start":{"line":9,"column":4},"end":{"line":12,"column":5}},"5":{"start":{"line":10,"column":6},"end":{"line":10,"column":55}},"6":{"start":{"line":11,"column":6},"end":{"line":11,"column":52}},"7":{"start":{"line":14,"column":4},"end":{"line":14,"column":37}},"8":{"start":{"line":15,"column":4},"end":{"line":15,"column":43}},"9":{"start":{"line":17,"column":4},"end":{"line":17,"column":78}},"10":{"start":{"line":18,"column":4},"end":{"line":18,"column":20}},"11":{"start":{"line":22,"column":0},"end":{"line":22,"column":25}}},"fnMap":{"0":{"name":"(anonymous_1)","decl":{"start":{"line":3,"column":18},"end":{"line":3,"column":23}},"loc":{"start":{"line":3,"column":44},"end":{"line":20,"column":1}}}},"branchMap":{"0":{"loc":{"start":{"line":6,"column":6},"end":{"line":7,"column":95}},"type":"binary-expr","locations":[{"start":{"line":6,"column":6},"end":{"line":6,"column":27}},{"start":{"line":7,"column":6},"end":{"line":7,"column":95}}]},"1":{"loc":{"start":{"line":9,"column":4},"end":{"line":12,"column":5}},"type":"if","locations":[{"start":{"line":9,"column":4},"end":{"line":12,"column":5}},{"start":{},"end":{}}]}},"s":{"0":0,"1":0,"2":0,"3":0,"4":0,"5":0,"6":0,"7":0,"8":0,"9":0,"10":0,"11":0},"f":{"0":0},"b":{"0":[0,0],"1":[0,0]}}
,"C:\\Users\\Alunos\\Documents\\GitHub\\Pet-Joyful-Backend\\backend\\src\\middlewares\\authController.ts": {"path":"C:\\Users\\Alunos\\Documents\\GitHub\\Pet-Joyful-Backend\\backend\\src\\middlewares\\authController.ts","statementMap":{"0":{"start":{"line":1,"column":0},"end":{"line":1,"column":31}},"1":{"start":{"line":4,"column":0},"end":{"line":4,"column":47}},"2":{"start":{"line":6,"column":24},"end":{"line":31,"column":1}},"3":{"start":{"line":11,"column":2},"end":{"line":30,"column":3}},"4":{"start":{"line":12,"column":36},"end":{"line":12,"column":null}},"5":{"start":{"line":18,"column":15},"end":{"line":18,"column":47}},"6":{"start":{"line":19,"column":4},"end":{"line":22,"column":5}},"7":{"start":{"line":20,"column":6},"end":{"line":20,"column":60}},"8":{"start":{"line":21,"column":6},"end":{"line":21,"column":13}},"9":{"start":{"line":24,"column":4},"end":{"line":24,"column":81}},"10":{"start":{"line":25,"column":4},"end":{"line":25,"column":22}},"11":{"start":{"line":27,"column":4},"end":{"line":27,"column":52}},"12":{"start":{"line":29,"column":4},"end":{"line":29,"column":14}},"13":{"start":{"line":6,"column":13},"end":{"line":6,"column":24}},"14":{"start":{"line":33,"column":21},"end":{"line":63,"column":1}},"15":{"start":{"line":38,"column":2},"end":{"line":62,"column":3}},"16":{"start":{"line":39,"column":30},"end":{"line":39,"column":75}},"17":{"start":{"line":41,"column":17},"end":{"line":41,"column":49}},"18":{"start":{"line":42,"column":4},"end":{"line":45,"column":5}},"19":{"start":{"line":43,"column":6},"end":{"line":43,"column":59}},"20":{"start":{"line":44,"column":6},"end":{"line":44,"column":13}},"21":{"start":{"line":47,"column":18},"end":{"line":47,"column":54}},"22":{"start":{"line":48,"column":4},"end":{"line":51,"column":5}},"23":{"start":{"line":49,"column":6},"end":{"line":49,"column":59}},"24":{"start":{"line":50,"column":6},"end":{"line":50,"column":13}},"25":{"start":{"line":53,"column":18},"end":{"line":56,"column":null}},"26":{"start":{"line":59,"column":4},"end":{"line":59,"column":22}},"27":{"start":{"line":61,"column":4},"end":{"line":61,"column":14}},"28":{"start":{"line":33,"column":13},"end":{"line":33,"column":21}}},"fnMap":{"0":{"name":"(anonymous_1)","decl":{"start":{"line":6,"column":24},"end":{"line":6,"column":29}},"loc":{"start":{"line":10,"column":19},"end":{"line":31,"column":1}}},"1":{"name":"(anonymous_2)","decl":{"start":{"line":33,"column":21},"end":{"line":33,"column":26}},"loc":{"start":{"line":37,"column":19},"end":{"line":63,"column":1}}}},"branchMap":{"0":{"loc":{"start":{"line":19,"column":4},"end":{"line":22,"column":5}},"type":"if","locations":[{"start":{"line":19,"column":4},"end":{"line":22,"column":5}},{"start":{},"end":{}}]},"1":{"loc":{"start":{"line":42,"column":4},"end":{"line":45,"column":5}},"type":"if","locations":[{"start":{"line":42,"column":4},"end":{"line":45,"column":5}},{"start":{},"end":{}}]},"2":{"loc":{"start":{"line":48,"column":4},"end":{"line":51,"column":5}},"type":"if","locations":[{"start":{"line":48,"column":4},"end":{"line":51,"column":5}},{"start":{},"end":{}}]}},"s":{"0":0,"1":0,"2":0,"3":0,"4":0,"5":0,"6":0,"7":0,"8":0,"9":0,"10":0,"11":0,"12":0,"13":0,"14":0,"15":0,"16":0,"17":0,"18":0,"19":0,"20":0,"21":0,"22":0,"23":0,"24":0,"25":0,"26":0,"27":0,"28":0},"f":{"0":0,"1":0},"b":{"0":[0,0],"1":[0,0],"2":[0,0]}}
,"C:\\Users\\Alunos\\Documents\\GitHub\\Pet-Joyful-Backend\\backend\\src\\middlewares\\ensureAdminKey.ts": {"path":"C:\\Users\\Alunos\\Documents\\GitHub\\Pet-Joyful-Backend\\backend\\src\\middlewares\\ensureAdminKey.ts","statementMap":{"0":{"start":{"line":5,"column":0},"end":{"line":5,"column":24}},"1":{"start":{"line":1,"column":0},"end":{"line":1,"column":23}},"2":{"start":{"line":11,"column":5},"end":{"line":12,"column":38}},"3":{"start":{"line":14,"column":2},"end":{"line":17,"column":3}},"4":{"start":{"line":15,"column":4},"end":{"line":15,"column":55}},"5":{"start":{"line":16,"column":4},"end":{"line":16,"column":11}},"6":{"start":{"line":19,"column":2},"end":{"line":22,"column":3}},"7":{"start":{"line":20,"column":4},"end":{"line":20,"column":56}},"8":{"start":{"line":21,"column":4},"end":{"line":21,"column":11}},"9":{"start":{"line":24,"column":2},"end":{"line":24,"column":27}},"10":{"start":{"line":25,"column":2},"end":{"line":25,"column":25}},"11":{"start":{"line":26,"column":2},"end":{"line":26,"column":16}}},"fnMap":{"0":{"name":"ensureAdminKey","decl":{"start":{"line":5,"column":24},"end":{"line":5,"column":38}},"loc":{"start":{"line":8,"column":20},"end":{"line":27,"column":1}}}},"branchMap":{"0":{"loc":{"start":{"line":11,"column":5},"end":{"line":12,"column":38}},"type":"binary-expr","locations":[{"start":{"line":11,"column":5},"end":{"line":11,"column":42}},{"start":{"line":12,"column":5},"end":{"line":12,"column":38}}]},"1":{"loc":{"start":{"line":14,"column":2},"end":{"line":17,"column":3}},"type":"if","locations":[{"start":{"line":14,"column":2},"end":{"line":17,"column":3}},{"start":{},"end":{}}]},"2":{"loc":{"start":{"line":19,"column":2},"end":{"line":22,"column":3}},"type":"if","locations":[{"start":{"line":19,"column":2},"end":{"line":22,"column":3}},{"start":{},"end":{}}]}},"s":{"0":0,"1":0,"2":0,"3":0,"4":0,"5":0,"6":0,"7":0,"8":0,"9":0,"10":0,"11":0},"f":{"0":0},"b":{"0":[0,0],"1":[0,0],"2":[0,0]}}
,"C:\\Users\\Alunos\\Documents\\GitHub\\Pet-Joyful-Backend\\backend\\src\\middlewares\\ensureAuth.ts": {"path":"C:\\Users\\Alunos\\Documents\\GitHub\\Pet-Joyful-Backend\\backend\\src\\middlewares\\ensureAuth.ts","statementMap":{"0":{"start":{"line":5,"column":0},"end":{"line":5,"column":24}},"1":{"start":{"line":1,"column":0},"end":{"line":1,"column":31}},"2":{"start":{"line":11,"column":5},"end":{"line":12,"column":38}},"3":{"start":{"line":14,"column":2},"end":{"line":25,"column":3}},"4":{"start":{"line":15,"column":4},"end":{"line":15,"column":29}},"5":{"start":{"line":16,"column":4},"end":{"line":16,"column":27}},"6":{"start":{"line":17,"column":4},"end":{"line":17,"column":18}},"7":{"start":{"line":18,"column":9},"end":{"line":25,"column":3}},"8":{"start":{"line":19,"column":4},"end":{"line":23,"column":7}},"9":{"start":{"line":24,"column":4},"end":{"line":24,"column":11}},"10":{"start":{"line":27,"column":15},"end":{"line":27,"column":43}},"11":{"start":{"line":28,"column":2},"end":{"line":31,"column":3}},"12":{"start":{"line":29,"column":4},"end":{"line":29,"column":51}},"13":{"start":{"line":30,"column":4},"end":{"line":30,"column":11}},"14":{"start":{"line":33,"column":16},"end":{"line":33,"column":31}},"15":{"start":{"line":34,"column":2},"end":{"line":37,"column":3}},"16":{"start":{"line":35,"column":4},"end":{"line":35,"column":63}},"17":{"start":{"line":36,"column":4},"end":{"line":36,"column":11}},"18":{"start":{"line":39,"column":16},"end":{"line":39,"column":24}},"19":{"start":{"line":40,"column":2},"end":{"line":51,"column":3}},"20":{"start":{"line":41,"column":20},"end":{"line":43,"column":null}},"21":{"start":{"line":45,"column":4},"end":{"line":45,"column":59}},"22":{"start":{"line":46,"column":4},"end":{"line":46,"column":47}},"23":{"start":{"line":47,"column":4},"end":{"line":47,"column":61}},"24":{"start":{"line":48,"column":4},"end":{"line":48,"column":18}},"25":{"start":{"line":50,"column":4},"end":{"line":50,"column":52}}},"fnMap":{"0":{"name":"ensureAuth","decl":{"start":{"line":5,"column":24},"end":{"line":5,"column":34}},"loc":{"start":{"line":8,"column":20},"end":{"line":52,"column":1}}}},"branchMap":{"0":{"loc":{"start":{"line":11,"column":5},"end":{"line":12,"column":38}},"type":"binary-expr","locations":[{"start":{"line":11,"column":5},"end":{"line":11,"column":42}},{"start":{"line":12,"column":5},"end":{"line":12,"column":38}}]},"1":{"loc":{"start":{"line":14,"column":2},"end":{"line":25,"column":3}},"type":"if","locations":[{"start":{"line":14,"column":2},"end":{"line":25,"column":3}},{"start":{"line":18,"column":9},"end":{"line":25,"column":3}}]},"2":{"loc":{"start":{"line":14,"column":6},"end":{"line":14,"column":52}},"type":"binary-expr","locations":[{"start":{"line":14,"column":6},"end":{"line":14,"column":14}},{"start":{"line":14,"column":18},"end":{"line":14,"column":52}}]},"3":{"loc":{"start":{"line":18,"column":9},"end":{"line":25,"column":3}},"type":"if","locations":[{"start":{"line":18,"column":9},"end":{"line":25,"column":3}},{"start":{},"end":{}}]},"4":{"loc":{"start":{"line":28,"column":2},"end":{"line":31,"column":3}},"type":"if","locations":[{"start":{"line":28,"column":2},"end":{"line":31,"column":3}},{"start":{},"end":{}}]},"5":{"loc":{"start":{"line":34,"column":2},"end":{"line":37,"column":3}},"type":"if","locations":[{"start":{"line":34,"column":2},"end":{"line":37,"column":3}},{"start":{},"end":{}}]},"6":{"loc":{"start":{"line":34,"column":6},"end":{"line":34,"column":49}},"type":"binary-expr","locations":[{"start":{"line":34,"column":6},"end":{"line":34,"column":24}},{"start":{"line":34,"column":28},"end":{"line":34,"column":49}}]},"7":{"loc":{"start":{"line":45,"column":17},"end":{"line":45,"column":58}},"type":"binary-expr","locations":[{"start":{"line":45,"column":17},"end":{"line":45,"column":31}},{"start":{"line":45,"column":35},"end":{"line":45,"column":45}},{"start":{"line":45,"column":49},"end":{"line":45,"column":58}}]},"8":{"loc":{"start":{"line":46,"column":20},"end":{"line":46,"column":46}},"type":"binary-expr","locations":[{"start":{"line":46,"column":20},"end":{"line":46,"column":33}},{"start":{"line":46,"column":37},"end":{"line":46,"column":46}}]},"9":{"loc":{"start":{"line":47,"column":19},"end":{"line":47,"column":60}},"type":"binary-expr","locations":[{"start":{"line":47,"column":19},"end":{"line":47,"column":31}},{"start":{"line":47,"column":35},"end":{"line":47,"column":47}},{"start":{"line":47,"column":51},"end":{"line":47,"column":60}}]}},"s":{"0":0,"1":0,"2":0,"3":0,"4":0,"5":0,"6":0,"7":0,"8":0,"9":0,"10":0,"11":0,"12":0,"13":0,"14":0,"15":0,"16":0,"17":0,"18":0,"19":0,"20":0,"21":0,"22":0,"23":0,"24":0,"25":0},"f":{"0":0},"b":{"0":[0,0],"1":[0,0],"2":[0,0],"3":[0,0],"4":[0,0],"5":[0,0],"6":[0,0],"7":[0,0,0],"8":[0,0],"9":[0,0,0]}}
,"C:\\Users\\Alunos\\Documents\\GitHub\\Pet-Joyful-Backend\\backend\\src\\middlewares\\errorHandler.ts": {"path":"C:\\Users\\Alunos\\Documents\\GitHub\\Pet-Joyful-Backend\\backend\\src\\middlewares\\errorHandler.ts","statementMap":{"0":{"start":{"line":7,"column":0},"end":{"line":7,"column":24}},"1":{"start":{"line":13,"column":2},"end":{"line":13,"column":21}},"2":{"start":{"line":14,"column":17},"end":{"line":14,"column":34}},"3":{"start":{"line":15,"column":2},"end":{"line":15,"column":75}}},"fnMap":{"0":{"name":"errorHandler","decl":{"start":{"line":7,"column":24},"end":{"line":7,"column":36}},"loc":{"start":{"line":11,"column":21},"end":{"line":16,"column":1}}}},"branchMap":{"0":{"loc":{"start":{"line":14,"column":17},"end":{"line":14,"column":34}},"type":"binary-expr","locations":[{"start":{"line":14,"column":17},"end":{"line":14,"column":27}},{"start":{"line":14,"column":31},"end":{"line":14,"column":34}}]},"1":{"loc":{"start":{"line":15,"column":34},"end":{"line":15,"column":72}},"type":"binary-expr","locations":[{"start":{"line":15,"column":34},"end":{"line":15,"column":45}},{"start":{"line":15,"column":49},"end":{"line":15,"column":72}}]}},"s":{"0":0,"1":0,"2":0,"3":0},"f":{"0":0},"b":{"0":[0,0],"1":[0,0]}}
,"C:\\Users\\Alunos\\Documents\\GitHub\\Pet-Joyful-Backend\\backend\\src\\middlewares\\verifyApiKey.ts": {"path":"C:\\Users\\Alunos\\Documents\\GitHub\\Pet-Joyful-Backend\\backend\\src\\middlewares\\verifyApiKey.ts","statementMap":{"0":{"start":{"line":3,"column":0},"end":{"line":3,"column":24}},"1":{"start":{"line":9,"column":5},"end":{"line":10,"column":36}},"2":{"start":{"line":12,"column":2},"end":{"line":15,"column":3}},"3":{"start":{"line":13,"column":4},"end":{"line":13,"column":71}},"4":{"start":{"line":14,"column":4},"end":{"line":14,"column":11}},"5":{"start":{"line":17,"column":2},"end":{"line":17,"column":9}}},"fnMap":{"0":{"name":"verifyApiKey","decl":{"start":{"line":3,"column":24},"end":{"line":3,"column":36}},"loc":{"start":{"line":6,"column":20},"end":{"line":18,"column":1}}}},"branchMap":{"0":{"loc":{"start":{"line":9,"column":5},"end":{"line":10,"column":36}},"type":"binary-expr","locations":[{"start":{"line":9,"column":5},"end":{"line":9,"column":40}},{"start":{"line":10,"column":5},"end":{"line":10,"column":36}}]},"1":{"loc":{"start":{"line":12,"column":2},"end":{"line":15,"column":3}},"type":"if","locations":[{"start":{"line":12,"column":2},"end":{"line":15,"column":3}},{"start":{},"end":{}}]},"2":{"loc":{"start":{"line":12,"column":6},"end":{"line":12,"column":41}},"type":"binary-expr","locations":[{"start":{"line":12,"column":6},"end":{"line":12,"column":10}},{"start":{"line":12,"column":14},"end":{"line":12,"column":41}}]}},"s":{"0":0,"1":0,"2":0,"3":0,"4":0,"5":0},"f":{"0":0},"b":{"0":[0,0],"1":[0,0],"2":[0,0]}}
,"C:\\Users\\Alunos\\Documents\\GitHub\\Pet-Joyful-Backend\\backend\\src\\middlewares\\verifyToken.ts": {"path":"C:\\Users\\Alunos\\Documents\\GitHub\\Pet-Joyful-Backend\\backend\\src\\middlewares\\verifyToken.ts","statementMap":{"0":{"start":{"line":5,"column":0},"end":{"line":5,"column":24}},"1":{"start":{"line":1,"column":0},"end":{"line":1,"column":31}},"2":{"start":{"line":10,"column":15},"end":{"line":10,"column":43}},"3":{"start":{"line":11,"column":2},"end":{"line":14,"column":3}},"4":{"start":{"line":12,"column":4},"end":{"line":12,"column":51}},"5":{"start":{"line":13,"column":4},"end":{"line":13,"column":11}},"6":{"start":{"line":16,"column":16},"end":{"line":16,"column":31}},"7":{"start":{"line":17,"column":2},"end":{"line":20,"column":3}},"8":{"start":{"line":18,"column":4},"end":{"line":18,"column":63}},"9":{"start":{"line":19,"column":4},"end":{"line":19,"column":11}},"10":{"start":{"line":22,"column":16},"end":{"line":22,"column":24}},"11":{"start":{"line":23,"column":2},"end":{"line":32,"column":3}},"12":{"start":{"line":24,"column":20},"end":{"line":26,"column":null}},"13":{"start":{"line":28,"column":4},"end":{"line":28,"column":46}},"14":{"start":{"line":29,"column":4},"end":{"line":29,"column":11}},"15":{"start":{"line":31,"column":4},"end":{"line":31,"column":52}}},"fnMap":{"0":{"name":"verifyToken","decl":{"start":{"line":5,"column":24},"end":{"line":5,"column":35}},"loc":{"start":{"line":8,"column":20},"end":{"line":33,"column":1}}}},"branchMap":{"0":{"loc":{"start":{"line":11,"column":2},"end":{"line":14,"column":3}},"type":"if","locations":[{"start":{"line":11,"column":2},"end":{"line":14,"column":3}},{"start":{},"end":{}}]},"1":{"loc":{"start":{"line":17,"column":2},"end":{"line":20,"column":3}},"type":"if","locations":[{"start":{"line":17,"column":2},"end":{"line":20,"column":3}},{"start":{},"end":{}}]},"2":{"loc":{"start":{"line":17,"column":6},"end":{"line":17,"column":49}},"type":"binary-expr","locations":[{"start":{"line":17,"column":6},"end":{"line":17,"column":24}},{"start":{"line":17,"column":28},"end":{"line":17,"column":49}}]},"3":{"loc":{"start":{"line":28,"column":17},"end":{"line":28,"column":45}},"type":"binary-expr","locations":[{"start":{"line":28,"column":17},"end":{"line":28,"column":27}},{"start":{"line":28,"column":31},"end":{"line":28,"column":45}}]}},"s":{"0":0,"1":0,"2":0,"3":0,"4":0,"5":0,"6":0,"7":0,"8":0,"9":0,"10":0,"11":0,"12":0,"13":0,"14":0,"15":0},"f":{"0":0},"b":{"0":[0,0],"1":[0,0],"2":[0,0],"3":[0,0]}}
,"C:\\Users\\Alunos\\Documents\\GitHub\\Pet-Joyful-Backend\\backend\\src\\models\\denunciaMessageModel.ts": {"path":"C:\\Users\\Alunos\\Documents\\GitHub\\Pet-Joyful-Backend\\backend\\src\\models\\denunciaMessageModel.ts","statementMap":{"0":{"start":{"line":1,"column":0},"end":{"line":1,"column":32}},"1":{"start":{"line":3,"column":0},"end":{"line":3,"column":43}},"2":{"start":{"line":5,"column":30},"end":{"line":17,"column":null}},"3":{"start":{"line":20,"column":24},"end":{"line":22,"column":null}},"4":{"start":{"line":25,"column":0},"end":{"line":25,"column":31}}},"fnMap":{},"branchMap":{},"s":{"0":1,"1":1,"2":1,"3":1,"4":1},"f":{},"b":{}}
,"C:\\Users\\Alunos\\Documents\\GitHub\\Pet-Joyful-Backend\\backend\\src\\models\\postMessageModel.ts": {"path":"C:\\Users\\Alunos\\Documents\\GitHub\\Pet-Joyful-Backend\\backend\\src\\models\\postMessageModel.ts","statementMap":{"0":{"start":{"line":1,"column":0},"end":{"line":1,"column":32}},"1":{"start":{"line":4,"column":26},"end":{"line":11,"column":null}},"2":{"start":{"line":14,"column":20},"end":{"line":16,"column":null}},"3":{"start":{"line":19,"column":0},"end":{"line":19,"column":27}}},"fnMap":{},"branchMap":{},"s":{"0":1,"1":1,"2":1,"3":1},"f":{},"b":{}}
,"C:\\Users\\Alunos\\Documents\\GitHub\\Pet-Joyful-Backend\\backend\\src\\models\\userModel.ts": {"path":"C:\\Users\\Alunos\\Documents\\GitHub\\Pet-Joyful-Backend\\backend\\src\\models\\userModel.ts","statementMap":{"0":{"start":{"line":1,"column":0},"end":{"line":1,"column":32}},"1":{"start":{"line":2,"column":0},"end":{"line":2,"column":30}},"2":{"start":{"line":4,"column":0},"end":{"line":4,"column":43}},"3":{"start":{"line":6,"column":19},"end":{"line":17,"column":null}},"4":{"start":{"line":21,"column":0},"end":{"line":30,"column":3}},"5":{"start":{"line":22,"column":2},"end":{"line":29,"column":3}},"6":{"start":{"line":23,"column":4},"end":{"line":23,"column":49}},"7":{"start":{"line":23,"column":35},"end":{"line":23,"column":49}},"8":{"start":{"line":24,"column":17},"end":{"line":24,"column":41}},"9":{"start":{"line":25,"column":4},"end":{"line":25,"column":53}},"10":{"start":{"line":26,"column":4},"end":{"line":26,"column":11}},"11":{"start":{"line":28,"column":4},"end":{"line":28,"column":23}},"12":{"start":{"line":33,"column":0},"end":{"line":37,"column":2}},"13":{"start":{"line":36,"column":2},"end":{"line":36,"column":65}},"14":{"start":{"line":39,"column":18},"end":{"line":39,"column":67}},"15":{"start":{"line":41,"column":0},"end":{"line":41,"column":25}}},"fnMap":{"0":{"name":"(anonymous_1)","decl":{"start":{"line":21,"column":23},"end":{"line":21,"column":28}},"loc":{"start":{"line":21,"column":43},"end":{"line":30,"column":1}}},"1":{"name":"(anonymous_2)","decl":{"start":{"line":33,"column":37},"end":{"line":33,"column":null}},"loc":{"start":{"line":34,"column":27},"end":{"line":37,"column":1}}}},"branchMap":{"0":{"loc":{"start":{"line":23,"column":4},"end":{"line":23,"column":49}},"type":"if","locations":[{"start":{"line":23,"column":4},"end":{"line":23,"column":49}},{"start":{},"end":{}}]}},"s":{"0":0,"1":0,"2":0,"3":0,"4":0,"5":0,"6":0,"7":0,"8":0,"9":0,"10":0,"11":0,"12":0,"13":0,"14":0,"15":0},"f":{"0":0,"1":0},"b":{"0":[0,0]}}
,"C:\\Users\\Alunos\\Documents\\GitHub\\Pet-Joyful-Backend\\backend\\src\\routes\\authRoutes.ts": {"path":"C:\\Users\\Alunos\\Documents\\GitHub\\Pet-Joyful-Backend\\backend\\src\\routes\\authRoutes.ts","statementMap":{"0":{"start":{"line":1,"column":0},"end":{"line":1,"column":31}},"1":{"start":{"line":2,"column":0},"end":{"line":2,"column":null}},"2":{"start":{"line":9,"column":0},"end":{"line":9,"column":54}},"3":{"start":{"line":11,"column":15},"end":{"line":11,"column":23}},"4":{"start":{"line":15,"column":0},"end":{"line":15,"column":35}},"5":{"start":{"line":19,"column":0},"end":{"line":19,"column":29}},"6":{"start":{"line":24,"column":0},"end":{"line":24,"column":42}},"7":{"start":{"line":29,"column":0},"end":{"line":29,"column":45}},"8":{"start":{"line":34,"column":0},"end":{"line":34,"column":48}},"9":{"start":{"line":36,"column":0},"end":{"line":36,"column":22}}},"fnMap":{},"branchMap":{},"s":{"0":0,"1":0,"2":0,"3":0,"4":0,"5":0,"6":0,"7":0,"8":0,"9":0},"f":{},"b":{}}
,"C:\\Users\\Alunos\\Documents\\GitHub\\Pet-Joyful-Backend\\backend\\src\\routes\\index.ts": {"path":"C:\\Users\\Alunos\\Documents\\GitHub\\Pet-Joyful-Backend\\backend\\src\\routes\\index.ts","statementMap":{"0":{"start":{"line":1,"column":0},"end":{"line":1,"column":31}},"1":{"start":{"line":2,"column":0},"end":{"line":2,"column":41}},"2":{"start":{"line":3,"column":0},"end":{"line":3,"column":41}},"3":{"start":{"line":4,"column":0},"end":{"line":4,"column":49}},"4":{"start":{"line":6,"column":15},"end":{"line":6,"column":23}},"5":{"start":{"line":8,"column":0},"end":{"line":8,"column":33}},"6":{"start":{"line":9,"column":0},"end":{"line":9,"column":32}},"7":{"start":{"line":10,"column":0},"end":{"line":10,"column":40}},"8":{"start":{"line":12,"column":0},"end":{"line":12,"column":22}}},"fnMap":{},"branchMap":{},"s":{"0":0,"1":0,"2":0,"3":0,"4":0,"5":0,"6":0,"7":0,"8":0},"f":{},"b":{}}
,"C:\\Users\\Alunos\\Documents\\GitHub\\Pet-Joyful-Backend\\backend\\src\\routes\\messagesRoutes.ts": {"path":"C:\\Users\\Alunos\\Documents\\GitHub\\Pet-Joyful-Backend\\backend\\src\\routes\\messagesRoutes.ts","statementMap":{"0":{"start":{"line":1,"column":0},"end":{"line":1,"column":31}},"1":{"start":{"line":2,"column":0},"end":{"line":2,"column":null}},"2":{"start":{"line":12,"column":0},"end":{"line":12,"column":62}},"3":{"start":{"line":14,"column":15},"end":{"line":14,"column":23}},"4":{"start":{"line":18,"column":0},"end":{"line":18,"column":40}},"5":{"start":{"line":22,"column":0},"end":{"line":22,"column":37}},"6":{"start":{"line":26,"column":0},"end":{"line":26,"column":59}},"7":{"start":{"line":30,"column":0},"end":{"line":30,"column":62}},"8":{"start":{"line":34,"column":0},"end":{"line":34,"column":41}},"9":{"start":{"line":38,"column":0},"end":{"line":38,"column":54}},"10":{"start":{"line":42,"column":0},"end":{"line":42,"column":60}},"11":{"start":{"line":46,"column":0},"end":{"line":46,"column":63}},"12":{"start":{"line":48,"column":0},"end":{"line":48,"column":22}}},"fnMap":{},"branchMap":{},"s":{"0":0,"1":0,"2":0,"3":0,"4":0,"5":0,"6":0,"7":0,"8":0,"9":0,"10":0,"11":0,"12":0},"f":{},"b":{}}
,"C:\\Users\\Alunos\\Documents\\GitHub\\Pet-Joyful-Backend\\backend\\src\\routes\\userRoutes.ts": {"path":"C:\\Users\\Alunos\\Documents\\GitHub\\Pet-Joyful-Backend\\backend\\src\\routes\\userRoutes.ts","statementMap":{"0":{"start":{"line":1,"column":0},"end":{"line":1,"column":33}},"1":{"start":{"line":2,"column":0},"end":{"line":2,"column":null}},"2":{"start":{"line":10,"column":0},"end":{"line":10,"column":62}},"3":{"start":{"line":12,"column":15},"end":{"line":12,"column":23}},"4":{"start":{"line":43,"column":0},"end":{"line":43,"column":45}},"5":{"start":{"line":50,"column":0},"end":{"line":50,"column":42}},"6":{"start":{"line":61,"column":0},"end":{"line":61,"column":48}},"7":{"start":{"line":80,"column":0},"end":{"line":80,"column":47}},"8":{"start":{"line":123,"column":0},"end":{"line":123,"column":50}},"9":{"start":{"line":125,"column":0},"end":{"line":125,"column":22}}},"fnMap":{},"branchMap":{},"s":{"0":0,"1":0,"2":0,"3":0,"4":0,"5":0,"6":0,"7":0,"8":0,"9":0},"f":{},"b":{}}
,"C:\\Users\\Alunos\\Documents\\GitHub\\Pet-Joyful-Backend\\backend\\src\\types\\index.ts": {"path":"C:\\Users\\Alunos\\Documents\\GitHub\\Pet-Joyful-Backend\\backend\\src\\types\\index.ts","statementMap":{"0":{"start":{"line":4,"column":0},"end":{"line":4,"column":null}},"1":{"start":{"line":5,"column":2},"end":{"line":5,"column":null}},"2":{"start":{"line":6,"column":2},"end":{"line":6,"column":null}},"3":{"start":{"line":7,"column":2},"end":{"line":7,"column":null}},"4":{"start":{"line":10,"column":0},"end":{"line":10,"column":null}},"5":{"start":{"line":11,"column":2},"end":{"line":11,"column":null}},"6":{"start":{"line":12,"column":2},"end":{"line":12,"column":null}},"7":{"start":{"line":13,"column":2},"end":{"line":13,"column":null}},"8":{"start":{"line":58,"column":0},"end":{"line":58,"column":27}}},"fnMap":{"0":{"name":"(anonymous_0)","decl":{"start":{"line":4,"column":0},"end":{"line":4,"column":12}},"loc":{"start":{"line":4,"column":20},"end":{"line":8,"column":1}}},"1":{"name":"(anonymous_1)","decl":{"start":{"line":10,"column":0},"end":{"line":10,"column":12}},"loc":{"start":{"line":10,"column":20},"end":{"line":14,"column":1}}}},"branchMap":{"0":{"loc":{"start":{"line":4,"column":12},"end":{"line":4,"column":null}},"type":"binary-expr","locations":[{"start":{"line":4,"column":12},"end":{"line":4,"column":20}},{"start":{"line":4,"column":20},"end":{"line":4,"column":null}}]},"1":{"loc":{"start":{"line":10,"column":12},"end":{"line":10,"column":null}},"type":"binary-expr","locations":[{"start":{"line":10,"column":12},"end":{"line":10,"column":20}},{"start":{"line":10,"column":20},"end":{"line":10,"column":null}}]}},"s":{"0":2,"1":2,"2":2,"3":2,"4":2,"5":2,"6":2,"7":2,"8":2},"f":{"0":2,"1":2},"b":{"0":[2,2],"1":[2,2]}}
}
