TN:
SF:backend\src\app.ts
FN:32,(anonymous_1)
FN:39,(anonymous_2)
FN:40,(anonymous_3)
FN:54,(anonymous_4)
FNF:4
FNH:0
FNDA:0,(anonymous_1)
FNDA:0,(anonymous_2)
FNDA:0,(anonymous_3)
FNDA:0,(anonymous_4)
DA:1,2
DA:2,2
DA:3,2
DA:5,2
DA:6,2
DA:7,2
DA:8,2
DA:9,2
DA:10,2
DA:11,2
DA:13,2
DA:16,2
DA:27,2
DA:29,2
DA:32,2
DA:34,0
DA:39,2
DA:40,0
DA:41,0
DA:49,2
DA:51,2
DA:54,2
DA:55,0
DA:56,0
DA:60,2
DA:62,2
DA:64,2
DA:65,2
DA:72,2
DA:73,2
DA:74,2
DA:76,0
DA:81,2
DA:82,2
DA:84,2
LF:35
LH:29
BRF:0
BRH:0
end_of_record
TN:
SF:backend\src\swagger.ts
FNF:0
FNH:0
DA:1,0
DA:3,0
DA:84,0
DA:86,0
DA:93,0
LF:5
LH:0
BRF:0
BRH:0
end_of_record
TN:
SF:backend\src\config\db.ts
FN:3,(anonymous_1)
FNF:1
FNH:0
FNDA:0,(anonymous_1)
DA:1,0
DA:3,0
DA:4,0
DA:5,0
DA:6,0
DA:8,0
DA:9,0
DA:13,0
LF:8
LH:0
BRF:0
BRH:0
end_of_record
TN:
SF:backend\src\controllers\authController.ts
FN:8,(anonymous_1)
FN:55,(anonymous_2)
FN:109,(anonymous_3)
FN:133,(anonymous_4)
FN:183,(anonymous_5)
FNF:5
FNH:5
FNDA:5,(anonymous_1)
FNDA:19,(anonymous_2)
FNDA:1,(anonymous_3)
FNDA:6,(anonymous_4)
FNDA:1,(anonymous_5)
DA:1,2
DA:2,2
DA:4,2
DA:6,2
DA:8,2
DA:12,5
DA:14,5
DA:15,5
DA:16,5
DA:17,5
DA:19,5
DA:20,2
DA:21,2
DA:24,3
DA:25,3
DA:26,1
DA:27,1
DA:30,2
DA:31,2
DA:33,2
DA:39,2
DA:50,0
DA:51,0
DA:55,2
DA:59,19
DA:60,19
DA:61,19
DA:63,19
DA:64,2
DA:65,2
DA:68,17
DA:69,17
DA:71,16
DA:72,1
DA:73,1
DA:74,1
DA:77,15
DA:79,15
DA:81,15
DA:82,1
DA:83,1
DA:84,1
DA:87,14
DA:93,14
DA:103,1
DA:104,1
DA:109,2
DA:113,1
DA:114,1
DA:115,1
DA:116,0
DA:117,0
DA:120,1
DA:121,1
DA:122,0
DA:123,0
DA:126,1
DA:128,0
DA:129,0
DA:133,2
DA:137,6
DA:138,6
DA:139,6
DA:140,0
DA:141,0
DA:144,6
DA:151,6
DA:152,6
DA:153,6
DA:154,6
DA:155,6
DA:157,6
DA:158,2
DA:159,2
DA:160,1
DA:161,1
DA:165,5
DA:169,5
DA:170,0
DA:171,0
DA:172,0
DA:175,5
DA:177,0
DA:178,0
DA:183,2
DA:187,1
DA:188,1
DA:189,1
DA:190,0
DA:191,0
DA:194,1
DA:195,1
DA:196,0
DA:197,0
DA:200,1
DA:202,0
DA:203,0
LF:97
LH:76
BRDA:14,0,0,5
BRDA:14,0,1,2
BRDA:16,1,0,5
BRDA:16,1,1,3
BRDA:17,2,0,5
BRDA:17,2,1,3
BRDA:19,3,0,2
BRDA:19,4,0,5
BRDA:19,4,1,4
BRDA:19,4,2,4
BRDA:19,4,3,3
BRDA:25,5,0,1
BRDA:61,6,0,19
BRDA:61,6,1,2
BRDA:63,7,0,2
BRDA:63,8,0,19
BRDA:63,8,1,18
BRDA:71,9,0,1
BRDA:81,10,0,1
BRDA:115,11,0,0
BRDA:121,12,0,0
BRDA:139,13,0,0
BRDA:152,14,0,1
BRDA:153,15,0,2
BRDA:154,16,0,1
BRDA:155,17,0,1
BRDA:157,18,0,2
BRDA:159,19,0,1
BRDA:159,20,0,2
BRDA:159,20,1,1
BRDA:169,21,0,0
BRDA:189,22,0,0
BRDA:195,23,0,0
BRF:33
BRH:27
end_of_record
TN:
SF:backend\src\controllers\chatController.ts
FN:28,(anonymous_0)
FNF:1
FNH:0
FNDA:0,(anonymous_0)
DA:3,2
DA:5,2
DA:7,2
DA:28,2
DA:29,0
DA:30,0
DA:32,0
DA:33,0
DA:38,0
DA:39,0
DA:45,0
DA:46,0
DA:47,0
DA:53,0
DA:54,0
DA:55,0
DA:59,0
DA:61,0
DA:65,0
DA:67,0
DA:68,0
DA:73,0
DA:74,0
DA:79,0
DA:84,0
DA:89,0
LF:26
LH:4
BRDA:32,0,0,0
BRDA:32,1,0,0
BRDA:32,1,1,0
BRDA:32,1,2,0
BRDA:38,2,0,0
BRDA:45,3,0,0
BRDA:59,4,0,0
BRDA:59,4,1,0
BRDA:73,5,0,0
BRDA:79,6,0,0
BRDA:80,7,0,0
BRDA:80,7,1,0
BRDA:80,7,2,0
BRF:13
BRH:0
end_of_record
TN:
SF:backend\src\controllers\messagesController.ts
FN:8,(anonymous_1)
FN:35,(anonymous_2)
FN:49,(anonymous_3)
FN:79,(anonymous_4)
FN:93,(anonymous_5)
FN:130,(anonymous_6)
FN:154,(anonymous_7)
FN:192,(anonymous_8)
FNF:8
FNH:2
FNDA:2,(anonymous_1)
FNDA:0,(anonymous_2)
FNDA:2,(anonymous_3)
FNDA:0,(anonymous_4)
FNDA:0,(anonymous_5)
FNDA:0,(anonymous_6)
FNDA:0,(anonymous_7)
FNDA:0,(anonymous_8)
DA:2,3
DA:3,3
DA:4,3
DA:8,3
DA:12,2
DA:13,2
DA:20,2
DA:21,2
DA:22,2
DA:25,0
DA:26,0
DA:27,0
DA:29,0
DA:30,0
DA:35,3
DA:39,0
DA:40,0
DA:41,0
DA:43,0
DA:44,0
DA:49,3
DA:53,2
DA:54,2
DA:62,2
DA:63,2
DA:64,2
DA:67,0
DA:68,0
DA:69,0
DA:73,0
DA:74,0
DA:79,3
DA:83,0
DA:84,0
DA:85,0
DA:87,0
DA:88,0
DA:93,3
DA:97,0
DA:98,0
DA:99,0
DA:100,0
DA:103,0
DA:104,0
DA:111,0
DA:117,0
DA:118,0
DA:119,0
DA:122,0
DA:124,0
DA:125,0
DA:130,3
DA:134,0
DA:135,0
DA:136,0
DA:137,0
DA:140,0
DA:141,0
DA:142,0
DA:143,0
DA:146,0
DA:148,0
DA:149,0
DA:154,3
DA:158,0
DA:159,0
DA:160,0
DA:161,0
DA:164,0
DA:165,0
DA:173,0
DA:179,0
DA:180,0
DA:181,0
DA:184,0
DA:186,0
DA:187,0
DA:192,3
DA:196,0
DA:197,0
DA:198,0
DA:199,0
DA:202,0
DA:203,0
DA:204,0
DA:205,0
DA:208,0
DA:210,0
DA:211,0
LF:89
LH:21
BRDA:20,0,0,2
BRDA:20,1,0,2
BRDA:20,1,1,1
BRDA:62,2,0,2
BRDA:62,3,0,2
BRDA:62,3,1,1
BRDA:98,4,0,0
BRDA:98,5,0,0
BRDA:98,5,1,0
BRDA:117,6,0,0
BRDA:135,7,0,0
BRDA:135,8,0,0
BRDA:135,8,1,0
BRDA:141,9,0,0
BRDA:159,10,0,0
BRDA:159,11,0,0
BRDA:159,11,1,0
BRDA:179,12,0,0
BRDA:197,13,0,0
BRDA:197,14,0,0
BRDA:197,14,1,0
BRDA:203,15,0,0
BRF:22
BRH:6
end_of_record
TN:
SF:backend\src\controllers\userController.ts
FN:9,(anonymous_1)
FN:76,(anonymous_2)
FN:90,(anonymous_3)
FN:108,(anonymous_4)
FN:158,(anonymous_5)
FNF:5
FNH:5
FNDA:6,(anonymous_1)
FNDA:1,(anonymous_2)
FNDA:2,(anonymous_3)
FNDA:3,(anonymous_4)
FNDA:3,(anonymous_5)
DA:1,2
DA:2,2
DA:4,2
DA:5,2
DA:9,2
DA:13,6
DA:14,6
DA:21,6
DA:22,1
DA:23,1
DA:26,5
DA:27,5
DA:28,1
DA:29,1
DA:32,4
DA:34,4
DA:36,3
DA:38,3
DA:39,3
DA:41,3
DA:43,3
DA:44,1
DA:45,1
DA:46,1
DA:50,1
DA:51,1
DA:57,3
DA:58,0
DA:61,0
DA:65,4
DA:66,4
DA:68,4
DA:70,0
DA:71,0
DA:76,2
DA:80,1
DA:81,1
DA:82,1
DA:84,0
DA:85,0
DA:90,2
DA:94,2
DA:95,2
DA:96,2
DA:97,1
DA:98,1
DA:100,1
DA:102,0
DA:103,0
DA:108,2
DA:112,3
DA:113,3
DA:120,3
DA:121,3
DA:122,3
DA:123,3
DA:124,3
DA:126,3
DA:127,3
DA:128,3
DA:130,3
DA:135,0
DA:138,0
DA:141,3
DA:145,3
DA:146,1
DA:147,1
DA:150,2
DA:152,0
DA:153,0
DA:158,2
DA:162,3
DA:163,3
DA:164,3
DA:165,3
DA:167,3
DA:172,0
DA:173,0
DA:176,3
DA:177,3
DA:178,1
DA:179,1
DA:182,2
DA:184,0
DA:185,0
LF:85
LH:69
BRDA:21,0,0,1
BRDA:21,1,0,6
BRDA:21,1,1,5
BRDA:21,1,2,5
BRDA:21,1,3,5
BRDA:27,2,0,1
BRDA:34,3,0,3
BRDA:36,4,0,3
BRDA:36,4,1,1
BRDA:41,5,0,2
BRDA:41,6,0,3
BRDA:41,6,1,2
BRDA:43,7,0,1
BRDA:43,8,0,3
BRDA:43,8,1,1
BRDA:43,8,2,1
BRDA:50,9,0,1
BRDA:50,10,0,1
BRDA:50,10,1,1
BRDA:50,10,2,0
BRDA:57,11,0,0
BRDA:96,12,0,1
BRDA:121,13,0,2
BRDA:122,14,0,0
BRDA:123,15,0,1
BRDA:124,16,0,1
BRDA:130,17,0,0
BRDA:131,18,0,3
BRDA:131,18,1,1
BRDA:131,18,2,1
BRDA:131,18,3,1
BRDA:145,19,0,1
BRDA:167,20,0,0
BRDA:168,21,0,3
BRDA:168,21,1,1
BRDA:168,21,2,1
BRDA:168,21,3,1
BRDA:177,22,0,1
BRF:38
BRH:33
end_of_record
TN:
SF:backend\src\database\connection.ts
FN:4,(anonymous_1)
FNF:1
FNH:0
FNDA:0,(anonymous_1)
DA:1,0
DA:2,0
DA:4,0
DA:5,0
DA:7,0
DA:8,0
DA:11,0
DA:12,0
DA:15,0
LF:9
LH:0
BRDA:7,0,0,0
BRF:1
BRH:0
end_of_record
TN:
SF:backend\src\logger\logger.ts
FN:8,buildTransports
FN:34,(anonymous_2)
FN:43,toLogMeta
FN:60,(anonymous_4)
FN:61,(anonymous_5)
FN:62,(anonymous_6)
FN:63,(anonymous_7)
FN:64,(anonymous_8)
FNF:8
FNH:5
FNDA:2,buildTransports
FNDA:127,(anonymous_2)
FNDA:127,toLogMeta
FNDA:126,(anonymous_4)
FNDA:0,(anonymous_5)
FNDA:1,(anonymous_6)
FNDA:0,(anonymous_7)
FNDA:0,(anonymous_8)
DA:1,2
DA:2,2
DA:3,2
DA:5,2
DA:6,2
DA:9,2
DA:11,2
DA:12,0
DA:13,0
DA:16,2
DA:19,2
DA:29,2
DA:35,127
DA:36,127
DA:44,127
DA:45,0
DA:47,127
DA:48,0
DA:53,127
DA:54,127
DA:56,0
DA:59,2
DA:60,126
DA:61,0
DA:62,1
DA:63,0
DA:65,0
LF:27
LH:19
BRDA:11,0,0,0
BRDA:11,1,0,2
BRDA:11,1,1,0
BRDA:35,2,0,126
BRDA:35,2,1,1
BRDA:44,3,0,0
BRDA:44,4,0,127
BRDA:44,4,1,127
BRDA:47,5,0,0
BRDA:50,6,0,0
BRDA:50,6,1,0
BRDA:53,7,0,127
BRDA:53,8,0,127
BRDA:53,8,1,127
BRF:14
BRH:8
end_of_record
TN:
SF:backend\src\middlewares\authController.ts
FN:6,(anonymous_1)
FN:33,(anonymous_2)
FNF:2
FNH:0
FNDA:0,(anonymous_1)
FNDA:0,(anonymous_2)
DA:1,0
DA:4,0
DA:6,0
DA:11,0
DA:12,0
DA:18,0
DA:19,0
DA:20,0
DA:21,0
DA:24,0
DA:25,0
DA:27,0
DA:29,0
DA:33,0
DA:38,0
DA:39,0
DA:41,0
DA:42,0
DA:43,0
DA:44,0
DA:47,0
DA:48,0
DA:49,0
DA:50,0
DA:53,0
DA:59,0
DA:61,0
LF:27
LH:0
BRDA:19,0,0,0
BRDA:42,1,0,0
BRDA:48,2,0,0
BRF:3
BRH:0
end_of_record
TN:
SF:backend\src\middlewares\ensureAdminKey.ts
FN:5,ensureAdminKey
FNF:1
FNH:1
FNDA:10,ensureAdminKey
DA:1,2
DA:5,2
DA:11,10
DA:14,10
DA:15,2
DA:16,2
DA:19,8
DA:20,1
DA:21,1
DA:24,7
DA:25,7
DA:26,7
LF:12
LH:12
BRDA:11,0,0,10
BRDA:11,0,1,2
BRDA:14,1,0,2
BRDA:19,2,0,1
BRF:4
BRH:4
end_of_record
TN:
SF:backend\src\middlewares\ensureAuth.ts
FN:5,ensureAuth
FNF:1
FNH:1
FNDA:12,ensureAuth
DA:1,2
DA:5,2
DA:11,12
DA:14,12
DA:15,0
DA:16,0
DA:17,0
DA:18,12
DA:19,0
DA:24,0
DA:27,12
DA:28,12
DA:29,3
DA:30,3
DA:33,9
DA:34,9
DA:35,0
DA:36,0
DA:39,9
DA:40,9
DA:41,9
DA:45,8
DA:46,8
DA:47,8
DA:48,8
DA:50,1
LF:26
LH:19
BRDA:11,0,0,12
BRDA:11,0,1,12
BRDA:14,1,0,0
BRDA:14,1,1,12
BRDA:14,2,0,12
BRDA:14,2,1,0
BRDA:18,3,0,0
BRDA:28,4,0,3
BRDA:34,5,0,0
BRDA:34,6,0,9
BRDA:34,6,1,9
BRDA:45,7,0,8
BRDA:45,7,1,0
BRDA:45,7,2,0
BRDA:46,8,0,8
BRDA:46,8,1,0
BRDA:47,9,0,8
BRDA:47,9,1,0
BRDA:47,9,2,0
BRF:19
BRH:10
end_of_record
TN:
SF:backend\src\middlewares\errorHandler.ts
FN:8,errorHandler
FNF:1
FNH:0
FNDA:0,errorHandler
DA:2,2
DA:8,2
DA:14,0
DA:16,0
DA:26,0
DA:27,0
LF:6
LH:2
BRDA:26,0,0,0
BRDA:26,0,1,0
BRF:2
BRH:0
end_of_record
TN:
SF:backend\src\middlewares\requestLogger.ts
FN:4,requestLogger
FN:22,(anonymous_1)
FNF:2
FNH:2
FNDA:46,requestLogger
FNDA:46,(anonymous_1)
DA:2,2
DA:4,2
DA:5,46
DA:7,46
DA:22,46
DA:23,46
DA:24,46
DA:32,46
LF:8
LH:8
BRF:0
BRH:0
end_of_record
TN:
SF:backend\src\middlewares\verifyApiKey.ts
FN:3,verifyApiKey
FNF:1
FNH:0
FNDA:0,verifyApiKey
DA:3,0
DA:9,0
DA:12,0
DA:13,0
DA:14,0
DA:17,0
LF:6
LH:0
BRDA:9,0,0,0
BRDA:9,0,1,0
BRDA:12,1,0,0
BRDA:12,2,0,0
BRDA:12,2,1,0
BRF:5
BRH:0
end_of_record
TN:
SF:backend\src\middlewares\verifyToken.ts
FN:5,verifyToken
FNF:1
FNH:0
FNDA:0,verifyToken
DA:1,0
DA:5,0
DA:10,0
DA:11,0
DA:12,0
DA:13,0
DA:16,0
DA:17,0
DA:18,0
DA:19,0
DA:22,0
DA:23,0
DA:24,0
DA:28,0
DA:29,0
DA:31,0
LF:16
LH:0
BRDA:11,0,0,0
BRDA:17,1,0,0
BRDA:17,2,0,0
BRDA:17,2,1,0
BRDA:28,3,0,0
BRDA:28,3,1,0
BRF:6
BRH:0
end_of_record
TN:
SF:backend\src\models\denunciaMessageModel.ts
FNF:0
FNH:0
DA:1,3
DA:3,3
DA:5,3
DA:20,3
DA:25,3
LF:5
LH:5
BRF:0
BRH:0
end_of_record
TN:
SF:backend\src\models\postMessageModel.ts
FNF:0
FNH:0
DA:1,3
DA:4,3
DA:14,3
DA:19,3
LF:4
LH:4
BRF:0
BRH:0
end_of_record
TN:
SF:backend\src\models\userModel.ts
FN:21,(anonymous_1)
FN:33,(anonymous_2)
FNF:2
FNH:2
FNDA:31,(anonymous_1)
FNDA:15,(anonymous_2)
DA:1,2
DA:2,2
DA:4,2
DA:6,2
DA:21,2
DA:22,31
DA:23,31
DA:24,31
DA:25,31
DA:26,31
DA:28,0
DA:33,2
DA:36,15
DA:39,2
DA:41,2
LF:15
LH:14
BRDA:23,0,0,0
BRF:1
BRH:0
end_of_record
TN:
SF:backend\src\routes\authRoutes.ts
FNF:0
FNH:0
DA:1,2
DA:2,2
DA:9,2
DA:11,2
DA:15,2
DA:19,2
DA:24,2
DA:29,2
DA:34,2
DA:36,2
LF:10
LH:10
BRF:0
BRH:0
end_of_record
TN:
SF:backend\src\routes\chatRoutes.ts
FN:11,(anonymous_0)
FNF:1
FNH:0
FNDA:0,(anonymous_0)
DA:1,2
DA:2,2
DA:4,2
DA:8,2
DA:11,2
DA:12,0
DA:15,2
LF:7
LH:6
BRF:0
BRH:0
end_of_record
TN:
SF:backend\src\routes\index.ts
FNF:0
FNH:0
DA:1,2
DA:2,2
DA:3,2
DA:4,2
DA:6,2
DA:8,2
DA:9,2
DA:10,2
DA:12,2
LF:9
LH:9
BRF:0
BRH:0
end_of_record
TN:
SF:backend\src\routes\messagesRoutes.ts
FNF:0
FNH:0
DA:1,2
DA:2,2
DA:12,2
DA:14,2
DA:18,2
DA:22,2
DA:26,2
DA:30,2
DA:34,2
DA:38,2
DA:42,2
DA:46,2
DA:48,2
LF:13
LH:13
BRF:0
BRH:0
end_of_record
TN:
SF:backend\src\routes\userRoutes.ts
FNF:0
FNH:0
DA:1,2
DA:2,2
DA:10,2
DA:12,2
DA:43,2
DA:50,2
DA:61,2
DA:80,2
DA:123,2
DA:125,2
LF:10
LH:10
BRF:0
BRH:0
end_of_record
TN:
SF:backend\src\types\index.ts
FN:4,(anonymous_0)
FN:10,(anonymous_1)
FNF:2
FNH:2
FNDA:4,(anonymous_0)
FNDA:4,(anonymous_1)
DA:4,4
DA:5,4
DA:6,4
DA:7,4
DA:10,4
DA:11,4
DA:12,4
DA:13,4
DA:58,4
LF:9
LH:9
BRDA:4,0,0,4
BRDA:4,0,1,4
BRDA:10,1,0,4
BRDA:10,1,1,4
BRF:4
BRH:4
end_of_record
